address=   0 RD-data= 7369c667
address=   0 RD-data= 7369c667
address=   4 RD-data= ec4aff51
address=   8 RD-data= abbacd29
address=   c RD-data= 46e3fbf2
address=  10 RD-data= f854c27c
address=  14 RD-data= 8de7e81b
address=  18 RD-data= 632e5a76
address=  1c RD-data= 9ac99f33
address=  20 RD-data= b70d3266
address=  24 RD-data= 5aa35831
address=  28 RD-data= 17055d25
address=  2c RD-data= d45ee958
address=  30 RD-data= c6cdb2ab
address=  34 RD-data= 1154b49b
address=  38 RD-data= 4174820e
address=  3c RD-data= 87dc3d21
address=   4 RD-data= ff51
address=   4 WR-data= 0
address=  10 RD-data= f854c27c
address=  10 WR-data= ffffffff
address=  10 RD-data= ffffffff
address=  10 WR-data= f854c27c
address=  14 RD-data= 8de7e81b
address=  14 WR-data= ffffffff
address=  14 RD-data= ffffffff
address=  14 WR-data= 0
address=  18 RD-data= 632e5a76
address=  18 WR-data= ffffffff
address=  18 RD-data= ffffffff
address=  18 WR-data= 632e5a76
address=  1c RD-data= 9ac99f33
address=  1c WR-data= ffffffff
address=  1c RD-data= ffffffff
address=  1c WR-data= 0
address=  20 RD-data= b70d3266
address=  20 WR-data= ffffffff
address=  20 RD-data= ffffffff
address=  20 WR-data= b70d3266
address=  24 RD-data= 5aa35831
address=  24 WR-data= ffffffff
address=  24 RD-data= ffffffff
address=  24 WR-data= 0
address=  30 WR-data= fffffffe
address=  30 RD-data= fffffffe
address=   0 RD-data= 7369c667
address=   0 RD-data= 7369c667
address=   4 RD-data= ec4a0000
address=   8 RD-data= abbacd29
address=   c RD-data= 46e3fbf2
address=  10 RD-data= f854c27c
address=  14 RD-data= 0
address=  18 RD-data= 632e5a76
address=  1c RD-data= 0
address=  20 RD-data= b70d3266
address=  24 RD-data= 0
address=  28 RD-data= 17055d25
address=  2c RD-data= d45ee958
address=  30 RD-data= fffffffe
address=  34 RD-data= 1154b49b
address=  38 RD-data= 4174820e
address=  3c RD-data= 87dc3d21
address=   4 RD-data= 0
address=   4 WR-data= 0
address=  10 RD-data= f854c27c
address=  10 WR-data= ffffffff
address=  10 RD-data= ffffffff
address=  10 WR-data= f854c27c
address=  14 RD-data= 0
address=  14 WR-data= ffffffff
address=  14 RD-data= ffffffff
address=  14 WR-data= 0
address=  18 RD-data= 632e5a76
address=  18 WR-data= ffffffff
address=  18 RD-data= ffffffff
address=  18 WR-data= 632e5a76
address=  1c RD-data= 0
address=  1c WR-data= ffffffff
address=  1c RD-data= ffffffff
address=  1c WR-data= 0
address=  20 RD-data= b70d3266
address=  20 WR-data= ffffffff
address=  20 RD-data= ffffffff
address=  20 WR-data= b70d3266
address=  24 RD-data= 0
address=  24 WR-data= ffffffff
address=  24 RD-data= ffffffff
address=  24 WR-data= 0
address=  30 WR-data= fffffffe
address=  30 RD-data= fffffffe
address=  20 WR-data= c000
address=  18 WR-data= c004
address=  10 WR-data= c008
address=   4 RD-data= 0
address=   4 WR-data= 27
address=   4 RD-data= 27
address=   4 WR-data= 0
address=   4 RD-data= 0
address=   4 WR-data= 10
address=   4 RD-data= ec4a0000
address=   4 RD-data= 10
address=   4 WR-data= 0
address=  3c WR-data= ff
address=   0 RD-data= 7369c667
address=   0 RD-data= 7369c667
address=   4 RD-data= ec4a0000
address=   8 RD-data= abbacd29
address=   c RD-data= 46e3fbf2
address=  10 RD-data= c008
address=  14 RD-data= 0
address=  18 RD-data= c004
address=  1c RD-data= 0
address=  20 RD-data= c000
address=  24 RD-data= 0
address=  28 RD-data= 17055d25
address=  2c RD-data= d45ee958
address=  30 RD-data= fffffffe
address=  34 RD-data= 1154b49b
address=  38 RD-data= 4174820e
address=  3c RD-data= 87dc3dff
address=   4 RD-data= 0
address=   4 WR-data= 0
address=   0 RD-data= 7369c667
address=   4 RD-data= ec4a0000
address=   8 RD-data= abbacd29
address=   c RD-data= 46e3fbf2
address=  10 RD-data= c008
address=  14 RD-data= 0
address=  18 RD-data= c004
address=  1c RD-data= 0
address=  20 RD-data= c000
address=  24 RD-data= 0
address=  28 RD-data= 17055d25
address=  2c RD-data= d45ee958
address=  30 RD-data= fffffffe
address=  34 RD-data= 1154b49b
address=  38 RD-data= 4174820e
address=  3c RD-data= 87dc3dff
address=   4 RD-data= 0
address=   4 WR-data= 0
address=   0 RD-data= 7369c667
address=   4 RD-data= ec4a0000
address=   8 RD-data= abbacd29
address=   c RD-data= 46e3fbf2
address=  10 RD-data= c008
address=  14 RD-data= 0
address=  18 RD-data= c004
address=  1c RD-data= 0
address=  20 RD-data= c000
address=  24 RD-data= 0
address=  28 RD-data= 17055d25
address=  2c RD-data= d45ee958
address=  30 RD-data= fffffffe
address=  34 RD-data= 1154b49b
address=  38 RD-data= 4174820e
address=  3c RD-data= 87dc3dff
address=   0 RD-data= 67
address=   0 RD-data= c600
address=   0 RD-data= 690000
address=   0 RD-data= 73000000
address=   4 RD-data= 0
address=   4 RD-data= 0
address=   4 RD-data= 4a0000
address=   4 RD-data= ec000000
address=   8 RD-data= 29
address=   8 RD-data= cd00
address=   8 RD-data= ba0000
address=   8 RD-data= ab000000
address=   c RD-data= f2
address=   c RD-data= fb00
address=   c RD-data= e30000
address=   c RD-data= 46000000
address=  10 RD-data= 8
address=  10 RD-data= c000
address=  10 RD-data= 0
address=  10 RD-data= 0
address=  14