count=          1 r0w1= 0 req_ts=  201616500 rsp_ts=  202087500 delta_ts=     471000
count=          2 r0w1= 0 req_ts=  202089500 rsp_ts=  202175500 delta_ts=      86000
count=          3 r0w1= 0 req_ts=  202177500 rsp_ts=  202263500 delta_ts=      86000
count=          4 r0w1= 0 req_ts=  202265500 rsp_ts=  202349500 delta_ts=      84000
count=          5 r0w1= 0 req_ts=  202351500 rsp_ts=  202436500 delta_ts=      85000
count=          6 r0w1= 0 req_ts=  202438500 rsp_ts=  202525500 delta_ts=      87000
count=          7 r0w1= 0 req_ts=  202527500 rsp_ts=  202614500 delta_ts=      87000
count=          8 r0w1= 0 req_ts=  202616500 rsp_ts=  203084500 delta_ts=     468000
count=          9 r0w1= 0 req_ts=  203086500 rsp_ts=  203172500 delta_ts=      86000
count=         10 r0w1= 0 req_ts=  203174500 rsp_ts=  203260500 delta_ts=      86000
count=         11 r0w1= 0 req_ts=  203262500 rsp_ts=  203347500 delta_ts=      85000
count=         12 r0w1= 0 req_ts=  203349500 rsp_ts=  203435500 delta_ts=      86000
count=         13 r0w1= 0 req_ts=  203437500 rsp_ts=  203521500 delta_ts=      84000
count=         14 r0w1= 0 req_ts=  203523500 rsp_ts=  203608500 delta_ts=      85000
count=         15 r0w1= 0 req_ts=  203610500 rsp_ts=  204090500 delta_ts=     480000
count=         16 r0w1= 0 req_ts=  204092500 rsp_ts=  204177500 delta_ts=      85000
count=         17 r0w1= 0 req_ts=  204179500 rsp_ts=  204266500 delta_ts=      87000
count=         18 r0w1= 0 req_ts=  204268500 rsp_ts=  204804500 delta_ts=     536000
count=         19 r0w1= 1 req_ts=  204806500 rsp_ts=  204896500 delta_ts=      90000
count=         20 r0w1= 0 req_ts=  204897500 rsp_ts=  204983500 delta_ts=      86000
count=         21 r0w1= 1 req_ts=  204985500 rsp_ts=  205078500 delta_ts=      93000
count=         22 r0w1= 0 req_ts=  205079500 rsp_ts=  205524500 delta_ts=     445000
count=         23 r0w1= 1 req_ts=  205526500 rsp_ts=  205615500 delta_ts=      89000
count=         24 r0w1= 0 req_ts=  205616500 rsp_ts=  206123500 delta_ts=     507000
count=         25 r0w1= 1 req_ts=  206125500 rsp_ts=  206216500 delta_ts=      91000
count=         26 r0w1= 0 req_ts=  206217500 rsp_ts=  206727500 delta_ts=     510000
count=         27 r0w1= 1 req_ts=  206729500 rsp_ts=  206819500 delta_ts=      90000
count=         28 r0w1= 0 req_ts=  206820500 rsp_ts=  206908500 delta_ts=      88000
count=         29 r0w1= 1 req_ts=  206910500 rsp_ts=  207000500 delta_ts=      90000
count=         30 r0w1= 0 req_ts=  207001500 rsp_ts=  207085500 delta_ts=      84000
count=         31 r0w1= 1 req_ts=  207087500 rsp_ts=  207607500 delta_ts=     520000
count=         32 r0w1= 0 req_ts=  207608500 rsp_ts=  207692500 delta_ts=      84000
count=         33 r0w1= 1 req_ts=  207694500 rsp_ts=  207785500 delta_ts=      91000
count=         34 r0w1= 0 req_ts=  207786500 rsp_ts=  208287500 delta_ts=     501000
count=         35 r0w1= 1 req_ts=  208289500 rsp_ts=  208380500 delta_ts=      91000
count=         36 r0w1= 0 req_ts=  208381500 rsp_ts=  208884500 delta_ts=     503000
count=         37 r0w1= 1 req_ts=  208886500 rsp_ts=  208975500 delta_ts=      89000
count=         38 r0w1= 0 req_ts=  208976500 rsp_ts=  209060500 delta_ts=      84000
count=         39 r0w1= 1 req_ts=  209062500 rsp_ts=  209566500 delta_ts=     504000
count=         40 r0w1= 0 req_ts=  209567500 rsp_ts=  209654500 delta_ts=      87000
count=         41 r0w1= 1 req_ts=  209656500 rsp_ts=  210128500 delta_ts=     472000
count=         42 r0w1= 0 req_ts=  210129500 rsp_ts=  210216500 delta_ts=      87000
count=         43 r0w1= 1 req_ts=  210218500 rsp_ts=  210308500 delta_ts=      90000
count=         44 r0w1= 1 req_ts=  210309500 rsp_ts=  210398500 delta_ts=      89000
count=         45 r0w1= 0 req_ts=  210399500 rsp_ts=  210483500 delta_ts=      84000
count=         46 r0w1= 0 req_ts=  210485500 rsp_ts=  211046500 delta_ts=     561000
count=         47 r0w1= 0 req_ts=  211048500 rsp_ts=  211134500 delta_ts=      86000
count=         48 r0w1= 0 req_ts=  211136500 rsp_ts=  211223500 delta_ts=      87000
count=         49 r0w1= 0 req_ts=  211225500 rsp_ts=  211311500 delta_ts=      86000
count=         50 r0w1= 0 req_ts=  211313500 rsp_ts=  211841500 delta_ts=     528000
count=         51 r0w1= 0 req_ts=  211843500 rsp_ts=  211930500 delta_ts=      87000
count=         52 r0w1= 0 req_ts=  211932500 rsp_ts=  212016500 delta_ts=      84000
count=         53 r0w1= 0 req_ts=  212018500 rsp_ts=  212103500 delta_ts=      85000
count=         54 r0w1= 0 req_ts=  212105500 rsp_ts=  212562500 delta_ts=     457000
count=         55 r0w1= 0 req_ts=  212564500 rsp_ts=  212650500 delta_ts=      86000
count=         56 r0w1= 0 req_ts=  212652500 rsp_ts=  212737500 delta_ts=      85000
count=         57 r0w1= 0 req_ts=  212739500 rsp_ts=  213208500 delta_ts=     469000
count=         58 r0w1= 0 req_ts=  213210500 rsp_ts=  213298500 delta_ts=      88000
count=         59 r0w1= 0 req_ts=  213300500 rsp_ts=  213761500 delta_ts=     461000
count=         60 r0w1= 0 req_ts=  213763500 rsp_ts=  213849500 delta_ts=      86000
count=         61 r0w1= 0 req_ts=  213851500 rsp_ts=  213938500 delta_ts=      87000
count=         62 r0w1= 0 req_ts=  213940500 rsp_ts=  214025500 delta_ts=      85000
count=         63 r0w1= 0 req_ts=  214027500 rsp_ts=  214564500 delta_ts=     537000
count=         64 r0w1= 1 req_ts=  214566500 rsp_ts=  214658500 delta_ts=      92000
count=         65 r0w1= 0 req_ts=  214659500 rsp_ts=  215161500 delta_ts=     502000
count=         66 r0w1= 1 req_ts=  215163500 rsp_ts=  215254500 delta_ts=      91000
count=         67 r0w1= 0 req_ts=  215255500 rsp_ts=  215764500 delta_ts=     509000
count=         68 r0w1= 1 req_ts=  215766500 rsp_ts=  215856500 delta_ts=      90000
count=         69 r0w1= 0 req_ts=  215857500 rsp_ts=  216363500 delta_ts=     506000
count=         70 r0w1= 1 req_ts=  216365500 rsp_ts=  216456500 delta_ts=      91000
count=         71 r0w1= 0 req_ts=  216457500 rsp_ts=  216544500 delta_ts=      87000
count=         72 r0w1= 1 req_ts=  216546500 rsp_ts=  217044500 delta_ts=     498000
count=         73 r0w1= 0 req_ts=  217045500 rsp_ts=  217131500 delta_ts=      86000
count=         74 r0w1= 1 req_ts=  217133500 rsp_ts=  217602500 delta_ts=     469000
count=         75 r0w1= 0 req_ts=  217603500 rsp_ts=  217689500 delta_ts=      86000
count=         76 r0w1= 1 req_ts=  217691500 rsp_ts=  217783500 delta_ts=      92000
count=         77 r0w1= 0 req_ts=  217784500 rsp_ts=  217869500 delta_ts=      85000
count=         78 r0w1= 1 req_ts=  217871500 rsp_ts=  217963500 delta_ts=      92000
count=         79 r0w1= 0 req_ts=  217964500 rsp_ts=  218050500 delta_ts=      86000
count=         80 r0w1= 1 req_ts=  218052500 rsp_ts=  218566500 delta_ts=     514000
count=         81 r0w1= 0 req_ts=  218567500 rsp_ts=  218653500 delta_ts=      86000
count=         82 r0w1= 1 req_ts=  218655500 rsp_ts=  219162500 delta_ts=     507000
count=         83 r0w1= 0 req_ts=  219163500 rsp_ts=  219249500 delta_ts=      86000
count=         84 r0w1= 1 req_ts=  219251500 rsp_ts=  219770500 delta_ts=     519000
count=         85 r0w1= 0 req_ts=  219771500 rsp_ts=  219857500 delta_ts=      86000
count=         86 r0w1= 1 req_ts=  219859500 rsp_ts=  220327500 delta_ts=     468000
count=         87 r0w1= 0 req_ts=  220328500 rsp_ts=  220414500 delta_ts=      86000
count=         88 r0w1= 1 req_ts=  220416500 rsp_ts=  220506500 delta_ts=      90000
count=         89 r0w1= 1 req_ts=  220507500 rsp_ts=  220597500 delta_ts=      90000
count=         90 r0w1= 0 req_ts=  220598500 rsp_ts=  221086500 delta_ts=     488000
count=         91 r0w1= 1 req_ts=  221088500 rsp_ts=  221180500 delta_ts=      92000
count=         92 r0w1= 1 req_ts=  221181500 rsp_ts=  221271500 delta_ts=      90000
count=         93 r0w1= 1 req_ts=  221272500 rsp_ts=  221364500 delta_ts=      92000
count=         94 r0w1= 0 req_ts=  221365500 rsp_ts=  221451500 delta_ts=      86000
count=         95 r0w1= 1 req_ts=  221453500 rsp_ts=  221543500 delta_ts=      90000
count=         96 r0w1= 0 req_ts=  221544500 rsp_ts=  221628500 delta_ts=      84000
count=         97 r0w1= 1 req_ts=  221630500 rsp_ts=  221719500 delta_ts=      89000
count=         98 r0w1= 0 req_ts=  221720500 rsp_ts=  221806500 delta_ts=      86000
count=         99 r0w1= 1 req_ts=  221808500 rsp_ts=  221900500 delta_ts=      92000
count=        100 r0w1= 0 req_ts=  221901500 rsp_ts=  221988500 delta_ts=      87000
count=        101 r0w1= 0 req_ts=  221990500 rsp_ts=  222078500 delta_ts=      88000
count=        102 r0w1= 1 req_ts=  222080500 rsp_ts=  222171500 delta_ts=      91000
count=        103 r0w1= 1 req_ts=  222172500 rsp_ts=  222688500 delta_ts=     516000
count=        104 r0w1= 0 req_ts=  222689500 rsp_ts=  222774500 delta_ts=      85000
count=        105 r0w1= 0 req_ts=  222776500 rsp_ts=  222860500 delta_ts=      84000
count=        106 r0w1= 0 req_ts=  222862500 rsp_ts=  223373500 delta_ts=     511000
count=        107 r0w1= 0 req_ts=  223375500 rsp_ts=  223461500 delta_ts=      86000
count=        108 r0w1= 0 req_ts=  223463500 rsp_ts=  223548500 delta_ts=      85000
count=        109 r0w1= 0 req_ts=  223550500 rsp_ts=  223635500 delta_ts=      85000
count=        110 r0w1= 0 req_ts=  223637500 rsp_ts=  223721500 delta_ts=      84000
count=        111 r0w1= 0 req_ts=  223723500 rsp_ts=  223807500 delta_ts=      84000
count=        112 r0w1= 0 req_ts=  223809500 rsp_ts=  223894500 delta_ts=      85000
count=        113 r0w1= 0 req_ts=  223896500 rsp_ts=  224407500 delta_ts=     511000
count=        114 r0w1= 0 req_ts=  224409500 rsp_ts=  224493500 delta_ts=      84000
count=        115 r0w1= 0 req_ts=  224495500 rsp_ts=  224581500 delta_ts=      86000
count=        116 r0w1= 0 req_ts=  224583500 rsp_ts=  225089500 delta_ts=     506000
count=        117 r0w1= 0 req_ts=  225091500 rsp_ts=  225183500 delta_ts=      92000
count=        118 r0w1= 0 req_ts=  225185500 rsp_ts=  225271500 delta_ts=      86000
count=        119 r0w1= 0 req_ts=  225273500 rsp_ts=  225721500 delta_ts=     448000
count=        120 r0w1= 0 req_ts=  225723500 rsp_ts=  225808500 delta_ts=      85000
count=        121 r0w1= 0 req_ts=  225810500 rsp_ts=  225895500 delta_ts=      85000
count=        122 r0w1= 1 req_ts=  225897500 rsp_ts=  226370500 delta_ts=     473000
count=        123 r0w1= 0 req_ts=  226371500 rsp_ts=  226457500 delta_ts=      86000
count=        124 r0w1= 0 req_ts=  226459500 rsp_ts=  226925500 delta_ts=     466000
count=        125 r0w1= 0 req_ts=  226927500 rsp_ts=  227013500 delta_ts=      86000
count=        126 r0w1= 0 req_ts=  227015500 rsp_ts=  227100500 delta_ts=      85000
count=        127 r0w1= 0 req_ts=  227102500 rsp_ts=  227187500 delta_ts=      85000
count=        128 r0w1= 0 req_ts=  227189500 rsp_ts=  227276500 delta_ts=      87000
count=        129 r0w1= 0 req_ts=  227278500 rsp_ts=  227364500 delta_ts=      86000
count=        130 r0w1= 0 req_ts=  227366500 rsp_ts=  227452500 delta_ts=      86000
count=        131 r0w1= 0 req_ts=  227454500 rsp_ts=  228001500 delta_ts=     547000
count=        132 r0w1= 0 req_ts=  228003500 rsp_ts=  228088500 delta_ts=      85000
count=        133 r0w1= 0 req_ts=  228090500 rsp_ts=  228176500 delta_ts=      86000
count=        134 r0w1= 0 req_ts=  228178500 rsp_ts=  228262500 delta_ts=      84000
count=        135 r0w1= 0 req_ts=  228264500 rsp_ts=  228760500 delta_ts=     496000
count=        136 r0w1= 0 req_ts=  228762500 rsp_ts=  228850500 delta_ts=      88000
count=        137 r0w1= 0 req_ts=  228852500 rsp_ts=  228939500 delta_ts=      87000
count=        138 r0w1= 0 req_ts=  228941500 rsp_ts=  229446500 delta_ts=     505000
count=        139 r0w1= 0 req_ts=  229448500 rsp_ts=  229535500 delta_ts=      87000
count=        140 r0w1= 1 req_ts=  229537500 rsp_ts=  230088500 delta_ts=     551000
count=        141 r0w1= 0 req_ts=  230089500 rsp_ts=  230176500 delta_ts=      87000
count=        142 r0w1= 0 req_ts=  230178500 rsp_ts=  230650500 delta_ts=     472000
count=        143 r0w1= 0 req_ts=  230652500 rsp_ts=  230739500 delta_ts=      87000
count=        144 r0w1= 0 req_ts=  230741500 rsp_ts=  230827500 delta_ts=      86000
count=        145 r0w1= 0 req_ts=  230829500 rsp_ts=  231326500 delta_ts=     497000
count=        146 r0w1= 0 req_ts=  231328500 rsp_ts=  231415500 delta_ts=      87000
count=        147 r0w1= 0 req_ts=  231417500 rsp_ts=  231504500 delta_ts=      87000
count=        148 r0w1= 0 req_ts=  231506500 rsp_ts=  232010500 delta_ts=     504000
count=        149 r0w1= 0 req_ts=  232012500 rsp_ts=  232098500 delta_ts=      86000
count=        150 r0w1= 0 req_ts=  232100500 rsp_ts=  232187500 delta_ts=      87000
count=        151 r0w1= 0 req_ts=  232189500 rsp_ts=  232647500 delta_ts=     458000
count=        152 r0w1= 0 req_ts=  232649500 rsp_ts=  232736500 delta_ts=      87000
count=        153 r0w1= 0 req_ts=  232738500 rsp_ts=  233206500 delta_ts=     468000
count=        154 r0w1= 0 req_ts=  233208500 rsp_ts=  233294500 delta_ts=      86000
count=        155 r0w1= 0 req_ts=  233296500 rsp_ts=  233383500 delta_ts=      87000
count=        156 r0w1= 0 req_ts=  233385500 rsp_ts=  233470500 delta_ts=      85000
count=        157 r0w1= 0 req_ts=  233472500 rsp_ts=  233557500 delta_ts=      85000
count=        158 r0w1= 0 req_ts=  233559500 rsp_ts=  233645500 delta_ts=      86000
count=        159 r0w1= 0 req_ts=  233647500 rsp_ts=  233732500 delta_ts=      85000
count=        160 r0w1= 0 req_ts=  233734500 rsp_ts=  233820500 delta_ts=      86000
count=        161 r0w1= 0 req_ts=  233822500 rsp_ts=  234283500 delta_ts=     461000
count=        162 r0w1= 0 req_ts=  234285500 rsp_ts=  234371500 delta_ts=      86000
count=        163 r0w1= 0 req_ts=  234373500 rsp_ts=  234459500 delta_ts=      86000
count=        164 r0w1= 0 req_ts=  234461500 rsp_ts=  234546500 delta_ts=      85000
count=        165 r0w1= 0 req_ts=  234548500 rsp_ts=  234634500 delta_ts=      86000
count=        166 r0w1= 0 req_ts=  234636500 rsp_ts=  235087500 delta_ts=     451000
count=        167 r0w1= 0 req_ts=  235089500 rsp_ts=  235175500 delta_ts=      86000
count=        168 r0w1= 0 req_ts=  235177500 rsp_ts=  235264500 delta_ts=      87000
count=        169 r0w1= 0 req_ts=  235266500 rsp_ts=  235351500 delta_ts=      85000
count=        170 r0w1= 0 req_ts=  235353500 rsp_ts=  235439500 delta_ts=      86000
count=        171 r0w1= 0 req_ts=  235441500 rsp_ts=  235529500 delta_ts=      88000
count=        172 r0w1= 0 req_ts=  235531500 rsp_ts=  236044500 delta_ts=     513000
count=        173 r0w1= 0 req_ts=  236046500 rsp_ts=  236131500 delta_ts=      85000
count=        174 r0w1= 0 req_ts=  236133500 rsp_ts=  236219500 delta_ts=      86000
count=        175 r0w1= 0 req_ts=  236221500 rsp_ts=  236726500 delta_ts=     505000
count=        176 r0w1= 0 req_ts=  236728500 rsp_ts=  236814500 delta_ts=      86000
