Assumes 1 GHz with clock period of 1 ns or 1000 ps
count=          1 wc_time=        473 seconds, rt_time=     471000 ps, cycles/sec= 0.995772
count=          2 wc_time=         17 seconds, rt_time=      86000 ps, cycles/sec= 5.058824
count=          3 wc_time=         16 seconds, rt_time=      86000 ps, cycles/sec= 5.375000
count=          4 wc_time=         16 seconds, rt_time=      84000 ps, cycles/sec= 5.250000
count=          5 wc_time=         16 seconds, rt_time=      85000 ps, cycles/sec= 5.312500
count=          6 wc_time=         18 seconds, rt_time=      87000 ps, cycles/sec= 4.833333
count=          7 wc_time=         17 seconds, rt_time=      87000 ps, cycles/sec= 5.117647
count=          8 wc_time=         86 seconds, rt_time=     468000 ps, cycles/sec= 5.441860
count=          9 wc_time=         16 seconds, rt_time=      86000 ps, cycles/sec= 5.375000
count=         10 wc_time=         17 seconds, rt_time=      86000 ps, cycles/sec= 5.058824
count=         11 wc_time=         17 seconds, rt_time=      85000 ps, cycles/sec= 5.000000
count=         12 wc_time=         18 seconds, rt_time=      86000 ps, cycles/sec= 4.777778
count=         13 wc_time=         16 seconds, rt_time=      84000 ps, cycles/sec= 5.250000
count=         14 wc_time=         17 seconds, rt_time=      85000 ps, cycles/sec= 5.000000
count=         15 wc_time=         97 seconds, rt_time=     480000 ps, cycles/sec= 4.948454
count=         16 wc_time=         19 seconds, rt_time=      85000 ps, cycles/sec= 4.473684
count=         17 wc_time=         21 seconds, rt_time=      87000 ps, cycles/sec= 4.142857
count=         18 wc_time=        103 seconds, rt_time=     536000 ps, cycles/sec= 5.203883
count=         19 wc_time=         17 seconds, rt_time=      90000 ps, cycles/sec= 5.294118
count=         20 wc_time=         17 seconds, rt_time=      86000 ps, cycles/sec= 5.058824
count=         21 wc_time=         18 seconds, rt_time=      93000 ps, cycles/sec= 5.166667
count=         22 wc_time=         89 seconds, rt_time=     445000 ps, cycles/sec= 5.000000
count=         23 wc_time=         18 seconds, rt_time=      89000 ps, cycles/sec= 4.944444
count=         24 wc_time=        102 seconds, rt_time=     507000 ps, cycles/sec= 4.970588
count=         25 wc_time=         18 seconds, rt_time=      91000 ps, cycles/sec= 5.055556
count=         26 wc_time=        103 seconds, rt_time=     510000 ps, cycles/sec= 4.951456
count=         27 wc_time=         19 seconds, rt_time=      90000 ps, cycles/sec= 4.736842
count=         28 wc_time=         20 seconds, rt_time=      88000 ps, cycles/sec= 4.400000
count=         29 wc_time=         19 seconds, rt_time=      90000 ps, cycles/sec= 4.736842
count=         30 wc_time=         17 seconds, rt_time=      84000 ps, cycles/sec= 4.941176
count=         31 wc_time=        105 seconds, rt_time=     520000 ps, cycles/sec= 4.952381
count=         32 wc_time=         17 seconds, rt_time=      84000 ps, cycles/sec= 4.941176
count=         33 wc_time=         21 seconds, rt_time=      91000 ps, cycles/sec= 4.333333
count=         34 wc_time=        105 seconds, rt_time=     501000 ps, cycles/sec= 4.771429
count=         35 wc_time=         19 seconds, rt_time=      91000 ps, cycles/sec= 4.789474
count=         36 wc_time=        106 seconds, rt_time=     503000 ps, cycles/sec= 4.745283
count=         37 wc_time=         19 seconds, rt_time=      89000 ps, cycles/sec= 4.684211
count=         38 wc_time=         18 seconds, rt_time=      84000 ps, cycles/sec= 4.666667
count=         39 wc_time=        108 seconds, rt_time=     504000 ps, cycles/sec= 4.666667
count=         40 wc_time=         19 seconds, rt_time=      87000 ps, cycles/sec= 4.578947
count=         41 wc_time=         99 seconds, rt_time=     472000 ps, cycles/sec= 4.767677
count=         42 wc_time=         19 seconds, rt_time=      87000 ps, cycles/sec= 4.578947
count=         43 wc_time=         19 seconds, rt_time=      90000 ps, cycles/sec= 4.736842
count=         44 wc_time=         19 seconds, rt_time=      89000 ps, cycles/sec= 4.684211
count=         45 wc_time=         21 seconds, rt_time=      84000 ps, cycles/sec= 4.000000
count=         46 wc_time=        121 seconds, rt_time=     561000 ps, cycles/sec= 4.636364
count=         47 wc_time=         19 seconds, rt_time=      86000 ps, cycles/sec= 4.526316
count=         48 wc_time=         19 seconds, rt_time=      87000 ps, cycles/sec= 4.578947
count=         49 wc_time=         21 seconds, rt_time=      86000 ps, cycles/sec= 4.095238
count=         50 wc_time=        116 seconds, rt_time=     528000 ps, cycles/sec= 4.551724
count=         51 wc_time=         20 seconds, rt_time=      87000 ps, cycles/sec= 4.350000
count=         52 wc_time=         19 seconds, rt_time=      84000 ps, cycles/sec= 4.421053
count=         53 wc_time=         20 seconds, rt_time=      85000 ps, cycles/sec= 4.250000
count=         54 wc_time=        103 seconds, rt_time=     457000 ps, cycles/sec= 4.436893
count=         55 wc_time=         22 seconds, rt_time=      86000 ps, cycles/sec= 3.909091
count=         56 wc_time=         22 seconds, rt_time=      85000 ps, cycles/sec= 3.863636
count=         57 wc_time=        114 seconds, rt_time=     469000 ps, cycles/sec= 4.114035
count=         58 wc_time=         20 seconds, rt_time=      88000 ps, cycles/sec= 4.400000
count=         59 wc_time=        106 seconds, rt_time=     461000 ps, cycles/sec= 4.349057
count=         60 wc_time=         20 seconds, rt_time=      86000 ps, cycles/sec= 4.300000
count=         61 wc_time=         23 seconds, rt_time=      87000 ps, cycles/sec= 3.782609
count=         62 wc_time=         22 seconds, rt_time=      85000 ps, cycles/sec= 3.863636
count=         63 wc_time=        127 seconds, rt_time=     537000 ps, cycles/sec= 4.228346
count=         64 wc_time=         24 seconds, rt_time=      92000 ps, cycles/sec= 3.833333
count=         65 wc_time=        121 seconds, rt_time=     502000 ps, cycles/sec= 4.148760
count=         66 wc_time=         22 seconds, rt_time=      91000 ps, cycles/sec= 4.136364
count=         67 wc_time=        133 seconds, rt_time=     509000 ps, cycles/sec= 3.827068
count=         68 wc_time=         22 seconds, rt_time=      90000 ps, cycles/sec= 4.090909
count=         69 wc_time=        126 seconds, rt_time=     506000 ps, cycles/sec= 4.015873
count=         70 wc_time=         24 seconds, rt_time=      91000 ps, cycles/sec= 3.791667
count=         71 wc_time=         21 seconds, rt_time=      87000 ps, cycles/sec= 4.142857
count=         72 wc_time=        130 seconds, rt_time=     498000 ps, cycles/sec= 3.830769
count=         73 wc_time=         21 seconds, rt_time=      86000 ps, cycles/sec= 4.095238
count=         74 wc_time=        116 seconds, rt_time=     469000 ps, cycles/sec= 4.043103
count=         75 wc_time=         21 seconds, rt_time=      86000 ps, cycles/sec= 4.095238
count=         76 wc_time=         23 seconds, rt_time=      92000 ps, cycles/sec= 4.000000
count=         77 wc_time=         22 seconds, rt_time=      85000 ps, cycles/sec= 3.863636
count=         78 wc_time=         23 seconds, rt_time=      92000 ps, cycles/sec= 4.000000
count=         79 wc_time=         22 seconds, rt_time=      86000 ps, cycles/sec= 3.909091
count=         80 wc_time=        131 seconds, rt_time=     514000 ps, cycles/sec= 3.923664
count=         81 wc_time=         23 seconds, rt_time=      86000 ps, cycles/sec= 3.739130
count=         82 wc_time=        128 seconds, rt_time=     507000 ps, cycles/sec= 3.960938
count=         83 wc_time=         24 seconds, rt_time=      86000 ps, cycles/sec= 3.583333
count=         84 wc_time=        134 seconds, rt_time=     519000 ps, cycles/sec= 3.873134
count=         85 wc_time=         22 seconds, rt_time=      86000 ps, cycles/sec= 3.909091
count=         86 wc_time=        120 seconds, rt_time=     468000 ps, cycles/sec= 3.900000
count=         87 wc_time=         23 seconds, rt_time=      86000 ps, cycles/sec= 3.739130
count=         88 wc_time=         23 seconds, rt_time=      90000 ps, cycles/sec= 3.913043
count=         89 wc_time=         24 seconds, rt_time=      90000 ps, cycles/sec= 3.750000
count=         90 wc_time=        127 seconds, rt_time=     488000 ps, cycles/sec= 3.842520
count=         91 wc_time=         24 seconds, rt_time=      92000 ps, cycles/sec= 3.833333
count=         92 wc_time=         24 seconds, rt_time=      90000 ps, cycles/sec= 3.750000
count=         93 wc_time=         24 seconds, rt_time=      92000 ps, cycles/sec= 3.833333
count=         94 wc_time=         23 seconds, rt_time=      86000 ps, cycles/sec= 3.739130
count=         95 wc_time=         24 seconds, rt_time=      90000 ps, cycles/sec= 3.750000
count=         96 wc_time=         22 seconds, rt_time=      84000 ps, cycles/sec= 3.818182
count=         97 wc_time=         24 seconds, rt_time=      89000 ps, cycles/sec= 3.708333
count=         98 wc_time=         22 seconds, rt_time=      86000 ps, cycles/sec= 3.909091
count=         99 wc_time=         26 seconds, rt_time=      92000 ps, cycles/sec= 3.538462
count=        100 wc_time=         23 seconds, rt_time=      87000 ps, cycles/sec= 3.782609
count=        101 wc_time=         24 seconds, rt_time=      88000 ps, cycles/sec= 3.666667
count=        102 wc_time=         24 seconds, rt_time=      91000 ps, cycles/sec= 3.791667
count=        103 wc_time=        135 seconds, rt_time=     516000 ps, cycles/sec= 3.822222
count=        104 wc_time=         25 seconds, rt_time=      85000 ps, cycles/sec= 3.400000
count=        105 wc_time=         23 seconds, rt_time=      84000 ps, cycles/sec= 3.652174
count=        106 wc_time=        136 seconds, rt_time=     511000 ps, cycles/sec= 3.757353
count=        107 wc_time=         23 seconds, rt_time=      86000 ps, cycles/sec= 3.739130
count=        108 wc_time=         23 seconds, rt_time=      85000 ps, cycles/sec= 3.695652
count=        109 wc_time=         25 seconds, rt_time=      85000 ps, cycles/sec= 3.400000
count=        110 wc_time=         23 seconds, rt_time=      84000 ps, cycles/sec= 3.652174
count=        111 wc_time=         23 seconds, rt_time=      84000 ps, cycles/sec= 3.652174
count=        112 wc_time=         24 seconds, rt_time=      85000 ps, cycles/sec= 3.541667
count=        113 wc_time=        138 seconds, rt_time=     511000 ps, cycles/sec= 3.702899
count=        114 wc_time=         25 seconds, rt_time=      84000 ps, cycles/sec= 3.360000
count=        115 wc_time=         25 seconds, rt_time=      86000 ps, cycles/sec= 3.440000
count=        116 wc_time=        138 seconds, rt_time=     506000 ps, cycles/sec= 3.666667
count=        117 wc_time=         25 seconds, rt_time=      92000 ps, cycles/sec= 3.680000
count=        118 wc_time=         24 seconds, rt_time=      86000 ps, cycles/sec= 3.583333
count=        119 wc_time=        125 seconds, rt_time=     448000 ps, cycles/sec= 3.584000
count=        120 wc_time=         24 seconds, rt_time=      85000 ps, cycles/sec= 3.541667
count=        121 wc_time=         24 seconds, rt_time=      85000 ps, cycles/sec= 3.541667
count=        122 wc_time=        134 seconds, rt_time=     473000 ps, cycles/sec= 3.529851
count=        123 wc_time=         24 seconds, rt_time=      86000 ps, cycles/sec= 3.583333
count=        124 wc_time=        129 seconds, rt_time=     466000 ps, cycles/sec= 3.612403
count=        125 wc_time=         25 seconds, rt_time=      86000 ps, cycles/sec= 3.440000
count=        126 wc_time=         26 seconds, rt_time=      85000 ps, cycles/sec= 3.269231
count=        127 wc_time=         25 seconds, rt_time=      85000 ps, cycles/sec= 3.400000
count=        128 wc_time=         25 seconds, rt_time=      87000 ps, cycles/sec= 3.480000
count=        129 wc_time=         24 seconds, rt_time=      86000 ps, cycles/sec= 3.583333
count=        130 wc_time=         25 seconds, rt_time=      86000 ps, cycles/sec= 3.440000
count=        131 wc_time=        159 seconds, rt_time=     547000 ps, cycles/sec= 3.440252
count=        132 wc_time=         25 seconds, rt_time=      85000 ps, cycles/sec= 3.400000
count=        133 wc_time=         25 seconds, rt_time=      86000 ps, cycles/sec= 3.440000
count=        134 wc_time=         24 seconds, rt_time=      84000 ps, cycles/sec= 3.500000
count=        135 wc_time=        146 seconds, rt_time=     496000 ps, cycles/sec= 3.397260
count=        136 wc_time=         29 seconds, rt_time=      88000 ps, cycles/sec= 3.034483
count=        137 wc_time=         28 seconds, rt_time=      87000 ps, cycles/sec= 3.107143
count=        138 wc_time=        156 seconds, rt_time=     505000 ps, cycles/sec= 3.237179
count=        139 wc_time=         28 seconds, rt_time=      87000 ps, cycles/sec= 3.107143
count=        140 wc_time=        174 seconds, rt_time=     551000 ps, cycles/sec= 3.166667
count=        141 wc_time=         29 seconds, rt_time=      87000 ps, cycles/sec= 3.000000
count=        142 wc_time=        155 seconds, rt_time=     472000 ps, cycles/sec= 3.045161
count=        143 wc_time=         29 seconds, rt_time=      87000 ps, cycles/sec= 3.000000
count=        144 wc_time=         29 seconds, rt_time=      86000 ps, cycles/sec= 2.965517
count=        145 wc_time=        163 seconds, rt_time=     497000 ps, cycles/sec= 3.049080
count=        146 wc_time=         28 seconds, rt_time=      87000 ps, cycles/sec= 3.107143
count=        147 wc_time=         30 seconds, rt_time=      87000 ps, cycles/sec= 2.900000
count=        148 wc_time=        162 seconds, rt_time=     504000 ps, cycles/sec= 3.111111
count=        149 wc_time=         29 seconds, rt_time=      86000 ps, cycles/sec= 2.965517
count=        150 wc_time=         30 seconds, rt_time=      87000 ps, cycles/sec= 2.900000
count=        151 wc_time=        154 seconds, rt_time=     458000 ps, cycles/sec= 2.974026
count=        152 wc_time=         29 seconds, rt_time=      87000 ps, cycles/sec= 3.000000
count=        153 wc_time=        158 seconds, rt_time=     468000 ps, cycles/sec= 2.962025
count=        154 wc_time=         31 seconds, rt_time=      86000 ps, cycles/sec= 2.774194
count=        155 wc_time=         29 seconds, rt_time=      87000 ps, cycles/sec= 3.000000
count=        156 wc_time=         29 seconds, rt_time=      85000 ps, cycles/sec= 2.931034
count=        157 wc_time=         28 seconds, rt_time=      85000 ps, cycles/sec= 3.035714
count=        158 wc_time=         29 seconds, rt_time=      86000 ps, cycles/sec= 2.965517
count=        159 wc_time=         29 seconds, rt_time=      85000 ps, cycles/sec= 2.931034
count=        160 wc_time=         30 seconds, rt_time=      86000 ps, cycles/sec= 2.866667
count=        161 wc_time=        160 seconds, rt_time=     461000 ps, cycles/sec= 2.881250
count=        162 wc_time=         30 seconds, rt_time=      86000 ps, cycles/sec= 2.866667
count=        163 wc_time=         29 seconds, rt_time=      86000 ps, cycles/sec= 2.965517
count=        164 wc_time=         30 seconds, rt_time=      85000 ps, cycles/sec= 2.833333
count=        165 wc_time=         29 seconds, rt_time=      86000 ps, cycles/sec= 2.965517
count=        166 wc_time=        155 seconds, rt_time=     451000 ps, cycles/sec= 2.909677
count=        167 wc_time=         29 seconds, rt_time=      86000 ps, cycles/sec= 2.965517
count=        168 wc_time=         30 seconds, rt_time=      87000 ps, cycles/sec= 2.900000
count=        169 wc_time=         29 seconds, rt_time=      85000 ps, cycles/sec= 2.931034
count=        170 wc_time=         29 seconds, rt_time=      86000 ps, cycles/sec= 2.965517
count=        171 wc_time=         31 seconds, rt_time=      88000 ps, cycles/sec= 2.838710
count=        172 wc_time=        183 seconds, rt_time=     513000 ps, cycles/sec= 2.803279
count=        173 wc_time=         31 seconds, rt_time=      85000 ps, cycles/sec= 2.741935
count=        174 wc_time=         31 seconds, rt_time=      86000 ps, cycles/sec= 2.774194
count=        175 wc_time=        180 seconds, rt_time=     505000 ps, cycles/sec= 2.805556
count=        176 wc_time=         34 seconds, rt_time=      86000 ps, cycles/sec= 2.529412
