count=          1 r0w1= 0 req_ts=          0 rsp_ts=        473 delta_ts=        473
count=          2 r0w1= 0 req_ts=        473 rsp_ts=        490 delta_ts=         17
count=          3 r0w1= 0 req_ts=        490 rsp_ts=        506 delta_ts=         16
count=          4 r0w1= 0 req_ts=        506 rsp_ts=        522 delta_ts=         16
count=          5 r0w1= 0 req_ts=        522 rsp_ts=        538 delta_ts=         16
count=          6 r0w1= 0 req_ts=        538 rsp_ts=        556 delta_ts=         18
count=          7 r0w1= 0 req_ts=        556 rsp_ts=        573 delta_ts=         17
count=          8 r0w1= 0 req_ts=        573 rsp_ts=        659 delta_ts=         86
count=          9 r0w1= 0 req_ts=        659 rsp_ts=        675 delta_ts=         16
count=         10 r0w1= 0 req_ts=        675 rsp_ts=        692 delta_ts=         17
count=         11 r0w1= 0 req_ts=        692 rsp_ts=        709 delta_ts=         17
count=         12 r0w1= 0 req_ts=        709 rsp_ts=        727 delta_ts=         18
count=         13 r0w1= 0 req_ts=        727 rsp_ts=        743 delta_ts=         16
count=         14 r0w1= 0 req_ts=        743 rsp_ts=        760 delta_ts=         17
count=         15 r0w1= 0 req_ts=        760 rsp_ts=        857 delta_ts=         97
count=         16 r0w1= 0 req_ts=        857 rsp_ts=        876 delta_ts=         19
count=         17 r0w1= 0 req_ts=        876 rsp_ts=        897 delta_ts=         21
count=         18 r0w1= 0 req_ts=        897 rsp_ts=       1000 delta_ts=        103
count=         19 r0w1= 1 req_ts=       1000 rsp_ts=       1017 delta_ts=         17
count=         20 r0w1= 0 req_ts=       1017 rsp_ts=       1034 delta_ts=         17
count=         21 r0w1= 1 req_ts=       1034 rsp_ts=       1052 delta_ts=         18
count=         22 r0w1= 0 req_ts=       1052 rsp_ts=       1141 delta_ts=         89
count=         23 r0w1= 1 req_ts=       1141 rsp_ts=       1159 delta_ts=         18
count=         24 r0w1= 0 req_ts=       1159 rsp_ts=       1261 delta_ts=        102
count=         25 r0w1= 1 req_ts=       1261 rsp_ts=       1279 delta_ts=         18
count=         26 r0w1= 0 req_ts=       1279 rsp_ts=       1382 delta_ts=        103
count=         27 r0w1= 1 req_ts=       1382 rsp_ts=       1401 delta_ts=         19
count=         28 r0w1= 0 req_ts=       1401 rsp_ts=       1421 delta_ts=         20
count=         29 r0w1= 1 req_ts=       1421 rsp_ts=       1440 delta_ts=         19
count=         30 r0w1= 0 req_ts=       1440 rsp_ts=       1457 delta_ts=         17
count=         31 r0w1= 1 req_ts=       1457 rsp_ts=       1562 delta_ts=        105
count=         32 r0w1= 0 req_ts=       1562 rsp_ts=       1579 delta_ts=         17
count=         33 r0w1= 1 req_ts=       1579 rsp_ts=       1600 delta_ts=         21
count=         34 r0w1= 0 req_ts=       1600 rsp_ts=       1705 delta_ts=        105
count=         35 r0w1= 1 req_ts=       1705 rsp_ts=       1724 delta_ts=         19
count=         36 r0w1= 0 req_ts=       1724 rsp_ts=       1830 delta_ts=        106
count=         37 r0w1= 1 req_ts=       1830 rsp_ts=       1849 delta_ts=         19
count=         38 r0w1= 0 req_ts=       1849 rsp_ts=       1867 delta_ts=         18
count=         39 r0w1= 1 req_ts=       1867 rsp_ts=       1975 delta_ts=        108
count=         40 r0w1= 0 req_ts=       1975 rsp_ts=       1994 delta_ts=         19
count=         41 r0w1= 1 req_ts=       1994 rsp_ts=       2093 delta_ts=         99
count=         42 r0w1= 0 req_ts=       2093 rsp_ts=       2112 delta_ts=         19
count=         43 r0w1= 1 req_ts=       2112 rsp_ts=       2131 delta_ts=         19
count=         44 r0w1= 1 req_ts=       2131 rsp_ts=       2150 delta_ts=         19
count=         45 r0w1= 0 req_ts=       2150 rsp_ts=       2171 delta_ts=         21
count=         46 r0w1= 0 req_ts=       2171 rsp_ts=       2292 delta_ts=        121
count=         47 r0w1= 0 req_ts=       2292 rsp_ts=       2311 delta_ts=         19
count=         48 r0w1= 0 req_ts=       2311 rsp_ts=       2330 delta_ts=         19
count=         49 r0w1= 0 req_ts=       2330 rsp_ts=       2351 delta_ts=         21
count=         50 r0w1= 0 req_ts=       2351 rsp_ts=       2467 delta_ts=        116
count=         51 r0w1= 0 req_ts=       2467 rsp_ts=       2487 delta_ts=         20
count=         52 r0w1= 0 req_ts=       2487 rsp_ts=       2506 delta_ts=         19
count=         53 r0w1= 0 req_ts=       2506 rsp_ts=       2526 delta_ts=         20
count=         54 r0w1= 0 req_ts=       2526 rsp_ts=       2629 delta_ts=        103
count=         55 r0w1= 0 req_ts=       2629 rsp_ts=       2651 delta_ts=         22
count=         56 r0w1= 0 req_ts=       2651 rsp_ts=       2673 delta_ts=         22
count=         57 r0w1= 0 req_ts=       2673 rsp_ts=       2787 delta_ts=        114
count=         58 r0w1= 0 req_ts=       2787 rsp_ts=       2807 delta_ts=         20
count=         59 r0w1= 0 req_ts=       2807 rsp_ts=       2913 delta_ts=        106
count=         60 r0w1= 0 req_ts=       2913 rsp_ts=       2933 delta_ts=         20
count=         61 r0w1= 0 req_ts=       2933 rsp_ts=       2956 delta_ts=         23
count=         62 r0w1= 0 req_ts=       2956 rsp_ts=       2978 delta_ts=         22
count=         63 r0w1= 0 req_ts=       2978 rsp_ts=       3105 delta_ts=        127
count=         64 r0w1= 1 req_ts=       3105 rsp_ts=       3129 delta_ts=         24
count=         65 r0w1= 0 req_ts=       3129 rsp_ts=       3250 delta_ts=        121
count=         66 r0w1= 1 req_ts=       3250 rsp_ts=       3272 delta_ts=         22
count=         67 r0w1= 0 req_ts=       3272 rsp_ts=       3405 delta_ts=        133
count=         68 r0w1= 1 req_ts=       3405 rsp_ts=       3427 delta_ts=         22
count=         69 r0w1= 0 req_ts=       3427 rsp_ts=       3553 delta_ts=        126
count=         70 r0w1= 1 req_ts=       3553 rsp_ts=       3577 delta_ts=         24
count=         71 r0w1= 0 req_ts=       3577 rsp_ts=       3598 delta_ts=         21
count=         72 r0w1= 1 req_ts=       3598 rsp_ts=       3728 delta_ts=        130
count=         73 r0w1= 0 req_ts=       3728 rsp_ts=       3749 delta_ts=         21
count=         74 r0w1= 1 req_ts=       3749 rsp_ts=       3865 delta_ts=        116
count=         75 r0w1= 0 req_ts=       3865 rsp_ts=       3886 delta_ts=         21
count=         76 r0w1= 1 req_ts=       3886 rsp_ts=       3909 delta_ts=         23
count=         77 r0w1= 0 req_ts=       3909 rsp_ts=       3931 delta_ts=         22
count=         78 r0w1= 1 req_ts=       3931 rsp_ts=       3954 delta_ts=         23
count=         79 r0w1= 0 req_ts=       3954 rsp_ts=       3976 delta_ts=         22
count=         80 r0w1= 1 req_ts=       3976 rsp_ts=       4107 delta_ts=        131
count=         81 r0w1= 0 req_ts=       4107 rsp_ts=       4130 delta_ts=         23
count=         82 r0w1= 1 req_ts=       4130 rsp_ts=       4258 delta_ts=        128
count=         83 r0w1= 0 req_ts=       4258 rsp_ts=       4282 delta_ts=         24
count=         84 r0w1= 1 req_ts=       4282 rsp_ts=       4416 delta_ts=        134
count=         85 r0w1= 0 req_ts=       4416 rsp_ts=       4438 delta_ts=         22
count=         86 r0w1= 1 req_ts=       4438 rsp_ts=       4558 delta_ts=        120
count=         87 r0w1= 0 req_ts=       4558 rsp_ts=       4581 delta_ts=         23
count=         88 r0w1= 1 req_ts=       4581 rsp_ts=       4604 delta_ts=         23
count=         89 r0w1= 1 req_ts=       4604 rsp_ts=       4628 delta_ts=         24
count=         90 r0w1= 0 req_ts=       4628 rsp_ts=       4755 delta_ts=        127
count=         91 r0w1= 1 req_ts=       4755 rsp_ts=       4779 delta_ts=         24
count=         92 r0w1= 1 req_ts=       4779 rsp_ts=       4803 delta_ts=         24
count=         93 r0w1= 1 req_ts=       4803 rsp_ts=       4827 delta_ts=         24
count=         94 r0w1= 0 req_ts=       4827 rsp_ts=       4850 delta_ts=         23
count=         95 r0w1= 1 req_ts=       4850 rsp_ts=       4874 delta_ts=         24
count=         96 r0w1= 0 req_ts=       4874 rsp_ts=       4896 delta_ts=         22
count=         97 r0w1= 1 req_ts=       4896 rsp_ts=       4920 delta_ts=         24
count=         98 r0w1= 0 req_ts=       4920 rsp_ts=       4942 delta_ts=         22
count=         99 r0w1= 1 req_ts=       4942 rsp_ts=       4968 delta_ts=         26
count=        100 r0w1= 0 req_ts=       4968 rsp_ts=       4991 delta_ts=         23
count=        101 r0w1= 0 req_ts=       4991 rsp_ts=       5015 delta_ts=         24
count=        102 r0w1= 1 req_ts=       5015 rsp_ts=       5039 delta_ts=         24
count=        103 r0w1= 1 req_ts=       5039 rsp_ts=       5174 delta_ts=        135
count=        104 r0w1= 0 req_ts=       5174 rsp_ts=       5199 delta_ts=         25
count=        105 r0w1= 0 req_ts=       5199 rsp_ts=       5222 delta_ts=         23
count=        106 r0w1= 0 req_ts=       5222 rsp_ts=       5358 delta_ts=        136
count=        107 r0w1= 0 req_ts=       5358 rsp_ts=       5381 delta_ts=         23
count=        108 r0w1= 0 req_ts=       5381 rsp_ts=       5404 delta_ts=         23
count=        109 r0w1= 0 req_ts=       5404 rsp_ts=       5429 delta_ts=         25
count=        110 r0w1= 0 req_ts=       5429 rsp_ts=       5452 delta_ts=         23
count=        111 r0w1= 0 req_ts=       5452 rsp_ts=       5475 delta_ts=         23
count=        112 r0w1= 0 req_ts=       5475 rsp_ts=       5499 delta_ts=         24
count=        113 r0w1= 0 req_ts=       5499 rsp_ts=       5637 delta_ts=        138
count=        114 r0w1= 0 req_ts=       5637 rsp_ts=       5662 delta_ts=         25
count=        115 r0w1= 0 req_ts=       5662 rsp_ts=       5687 delta_ts=         25
count=        116 r0w1= 0 req_ts=       5687 rsp_ts=       5825 delta_ts=        138
count=        117 r0w1= 0 req_ts=       5825 rsp_ts=       5850 delta_ts=         25
count=        118 r0w1= 0 req_ts=       5850 rsp_ts=       5874 delta_ts=         24
count=        119 r0w1= 0 req_ts=       5874 rsp_ts=       5999 delta_ts=        125
count=        120 r0w1= 0 req_ts=       5999 rsp_ts=       6023 delta_ts=         24
count=        121 r0w1= 0 req_ts=       6023 rsp_ts=       6047 delta_ts=         24
count=        122 r0w1= 1 req_ts=       6047 rsp_ts=       6181 delta_ts=        134
count=        123 r0w1= 0 req_ts=       6181 rsp_ts=       6205 delta_ts=         24
count=        124 r0w1= 0 req_ts=       6205 rsp_ts=       6334 delta_ts=        129
count=        125 r0w1= 0 req_ts=       6334 rsp_ts=       6359 delta_ts=         25
count=        126 r0w1= 0 req_ts=       6359 rsp_ts=       6385 delta_ts=         26
count=        127 r0w1= 0 req_ts=       6385 rsp_ts=       6410 delta_ts=         25
count=        128 r0w1= 0 req_ts=       6410 rsp_ts=       6435 delta_ts=         25
count=        129 r0w1= 0 req_ts=       6435 rsp_ts=       6459 delta_ts=         24
count=        130 r0w1= 0 req_ts=       6459 rsp_ts=       6484 delta_ts=         25
count=        131 r0w1= 0 req_ts=       6484 rsp_ts=       6643 delta_ts=        159
count=        132 r0w1= 0 req_ts=       6643 rsp_ts=       6668 delta_ts=         25
count=        133 r0w1= 0 req_ts=       6668 rsp_ts=       6693 delta_ts=         25
count=        134 r0w1= 0 req_ts=       6693 rsp_ts=       6717 delta_ts=         24
count=        135 r0w1= 0 req_ts=       6717 rsp_ts=       6863 delta_ts=        146
count=        136 r0w1= 0 req_ts=       6863 rsp_ts=       6892 delta_ts=         29
count=        137 r0w1= 0 req_ts=       6892 rsp_ts=       6920 delta_ts=         28
count=        138 r0w1= 0 req_ts=       6920 rsp_ts=       7076 delta_ts=        156
count=        139 r0w1= 0 req_ts=       7076 rsp_ts=       7104 delta_ts=         28
count=        140 r0w1= 1 req_ts=       7104 rsp_ts=       7278 delta_ts=        174
count=        141 r0w1= 0 req_ts=       7278 rsp_ts=       7307 delta_ts=         29
count=        142 r0w1= 0 req_ts=       7307 rsp_ts=       7462 delta_ts=        155
count=        143 r0w1= 0 req_ts=       7462 rsp_ts=       7491 delta_ts=         29
count=        144 r0w1= 0 req_ts=       7491 rsp_ts=       7520 delta_ts=         29
count=        145 r0w1= 0 req_ts=       7520 rsp_ts=       7683 delta_ts=        163
count=        146 r0w1= 0 req_ts=       7683 rsp_ts=       7711 delta_ts=         28
count=        147 r0w1= 0 req_ts=       7711 rsp_ts=       7741 delta_ts=         30
count=        148 r0w1= 0 req_ts=       7741 rsp_ts=       7903 delta_ts=        162
count=        149 r0w1= 0 req_ts=       7903 rsp_ts=       7932 delta_ts=         29
count=        150 r0w1= 0 req_ts=       7932 rsp_ts=       7962 delta_ts=         30
count=        151 r0w1= 0 req_ts=       7962 rsp_ts=       8116 delta_ts=        154
count=        152 r0w1= 0 req_ts=       8116 rsp_ts=       8145 delta_ts=         29
count=        153 r0w1= 0 req_ts=       8145 rsp_ts=       8303 delta_ts=        158
count=        154 r0w1= 0 req_ts=       8303 rsp_ts=       8334 delta_ts=         31
count=        155 r0w1= 0 req_ts=       8334 rsp_ts=       8363 delta_ts=         29
count=        156 r0w1= 0 req_ts=       8363 rsp_ts=       8392 delta_ts=         29
count=        157 r0w1= 0 req_ts=       8393 rsp_ts=       8421 delta_ts=         28
count=        158 r0w1= 0 req_ts=       8421 rsp_ts=       8450 delta_ts=         29
count=        159 r0w1= 0 req_ts=       8450 rsp_ts=       8479 delta_ts=         29
count=        160 r0w1= 0 req_ts=       8479 rsp_ts=       8509 delta_ts=         30
count=        161 r0w1= 0 req_ts=       8509 rsp_ts=       8669 delta_ts=        160
count=        162 r0w1= 0 req_ts=       8669 rsp_ts=       8699 delta_ts=         30
count=        163 r0w1= 0 req_ts=       8699 rsp_ts=       8728 delta_ts=         29
count=        164 r0w1= 0 req_ts=       8728 rsp_ts=       8758 delta_ts=         30
count=        165 r0w1= 0 req_ts=       8758 rsp_ts=       8787 delta_ts=         29
count=        166 r0w1= 0 req_ts=       8787 rsp_ts=       8942 delta_ts=        155
count=        167 r0w1= 0 req_ts=       8942 rsp_ts=       8971 delta_ts=         29
count=        168 r0w1= 0 req_ts=       8971 rsp_ts=       9001 delta_ts=         30
count=        169 r0w1= 0 req_ts=       9001 rsp_ts=       9030 delta_ts=         29
count=        170 r0w1= 0 req_ts=       9030 rsp_ts=       9059 delta_ts=         29
count=        171 r0w1= 0 req_ts=       9059 rsp_ts=       9090 delta_ts=         31
count=        172 r0w1= 0 req_ts=       9090 rsp_ts=       9273 delta_ts=        183
count=        173 r0w1= 0 req_ts=       9273 rsp_ts=       9304 delta_ts=         31
count=        174 r0w1= 0 req_ts=       9304 rsp_ts=       9335 delta_ts=         31
count=        175 r0w1= 0 req_ts=       9335 rsp_ts=       9515 delta_ts=        180
count=        176 r0w1= 0 req_ts=       9515 rsp_ts=       9549 delta_ts=         34
count=        177 r0w1= 0 req_ts=       9549 rsp_ts=       9721 delta_ts=        172
count=        178 r0w1= 0 req_ts=       9721 rsp_ts=       9753 delta_ts=         32
count=        179 r0w1= 0 req_ts=       9753 rsp_ts=       9925 delta_ts=        172
count=        180 r0w1= 0 req_ts=       9925 rsp_ts=       9953 delta_ts=         28
count=        181 r0w1= 0 req_ts=       9953 rsp_ts=      10140 delta_ts=        187
count=        182 r0w1= 0 req_ts=      10140 rsp_ts=      10173 delta_ts=         33
count=        183 r0w1= 0 req_ts=      10173 rsp_ts=      10348 delta_ts=        175
count=        184 r0w1= 0 req_ts=      10348 rsp_ts=      10380 delta_ts=         32
count=        185 r0w1= 0 req_ts=      10380 rsp_ts=      10411 delta_ts=         31
count=        186 r0w1= 0 req_ts=      10411 rsp_ts=      10441 delta_ts=         30
count=        187 r0w1= 0 req_ts=      10441 rsp_ts=      10472 delta_ts=         31
count=        188 r0w1= 0 req_ts=      10472 rsp_ts=      10502 delta_ts=         30
count=        189 r0w1= 0 req_ts=      10502 rsp_ts=      10533 delta_ts=         31
count=        190 r0w1= 0 req_ts=      10533 rsp_ts=      10565 delta_ts=         32
count=        191 r0w1= 0 req_ts=      10565 rsp_ts=      10597 delta_ts=         32
count=        192 r0w1= 0 req_ts=      10597 rsp_ts=      10630 delta_ts=         33
count=        193 r0w1= 0 req_ts=      10630 rsp_ts=      10661 delta_ts=         31
count=        194 r0w1= 0 req_ts=      10661 rsp_ts=      10692 delta_ts=         31
count=        195 r0w1= 0 req_ts=      10692 rsp_ts=      10722 delta_ts=         30
count=        196 r0w1= 0 req_ts=      10722 rsp_ts=      10754 delta_ts=         32
count=        197 r0w1= 0 req_ts=      10754 rsp_ts=      10786 delta_ts=         32
count=        198 r0w1= 0 req_ts=      10786 rsp_ts=      10816 delta_ts=         30
count=        199 r0w1= 0 req_ts=      10816 rsp_ts=      10847 delta_ts=         31
count=        200 r0w1= 0 req_ts=      10847 rsp_ts=      10880 delta_ts=         33
count=        201 r0w1= 0 req_ts=      10880 rsp_ts=      11055 delta_ts=        175
count=        202 r0w1= 0 req_ts=      11055 rsp_ts=      11088 delta_ts=         33
count=        203 r0w1= 0 req_ts=      11088 rsp_ts=      11119 delta_ts=         31
count=        204 r0w1= 0 req_ts=      11119 rsp_ts=      11287 delta_ts=        168
count=        205 r0w1= 0 req_ts=      11287 rsp_ts=      11320 delta_ts=         33
count=        206 r0w1= 0 req_ts=      11320 rsp_ts=      11506 delta_ts=        186
count=        207 r0w1= 0 req_ts=      11506 rsp_ts=      11537 delta_ts=         31
count=        208 r0w1= 0 req_ts=      11537 rsp_ts=      11568 delta_ts=         31
count=        209 r0w1= 0 req_ts=      11568 rsp_ts=      11604 delta_ts=         36
count=        210 r0w1= 0 req_ts=      11604 rsp_ts=      11809 delta_ts=        205
count=        211 r0w1= 0 req_ts=      11809 rsp_ts=      11843 delta_ts=         34
count=        212 r0w1= 0 req_ts=      11843 rsp_ts=      11878 delta_ts=         35
count=        213 r0w1= 0 req_ts=      11878 rsp_ts=      11911 delta_ts=         33
count=        214 r0w1= 0 req_ts=      11911 rsp_ts=      11944 delta_ts=         33
count=        215 r0w1= 0 req_ts=      11944 rsp_ts=      11975 delta_ts=         31
count=        216 r0w1= 0 req_ts=      11975 rsp_ts=      12009 delta_ts=         34
count=        217 r0w1= 0 req_ts=      12009 rsp_ts=      12200 delta_ts=        191
count=        218 r0w1= 0 req_ts=      12200 rsp_ts=      12233 delta_ts=         33
count=        219 r0w1= 0 req_ts=      12233 rsp_ts=      12410 delta_ts=        177
count=        220 r0w1= 0 req_ts=      12410 rsp_ts=      12444 delta_ts=         34
count=        221 r0w1= 0 req_ts=      12444 rsp_ts=      12649 delta_ts=        205
count=        222 r0w1= 0 req_ts=      12649 rsp_ts=      12683 delta_ts=         34
count=        223 r0w1= 0 req_ts=      12683 rsp_ts=      12879 delta_ts=        196
count=        224 r0w1= 0 req_ts=      12879 rsp_ts=      12912 delta_ts=         33
count=        225 r0w1= 0 req_ts=      12912 rsp_ts=      12945 delta_ts=         33
count=        226 r0w1= 0 req_ts=      12945 rsp_ts=      13149 delta_ts=        204
count=        227 r0w1= 0 req_ts=      13149 rsp_ts=      13183 delta_ts=         34
count=        228 r0w1= 0 req_ts=      13183 rsp_ts=      13217 delta_ts=         34
count=        229 r0w1= 0 req_ts=      13217 rsp_ts=      13399 delta_ts=        182
count=        230 r0w1= 0 req_ts=      13399 rsp_ts=      13435 delta_ts=         36
count=        231 r0w1= 0 req_ts=      13435 rsp_ts=      13467 delta_ts=         32
count=        232 r0w1= 0 req_ts=      13467 rsp_ts=      13500 delta_ts=         33
count=        233 r0w1= 0 req_ts=      13500 rsp_ts=      13533 delta_ts=         33
count=        234 r0w1= 0 req_ts=      13533 rsp_ts=      13566 delta_ts=         33
count=        235 r0w1= 0 req_ts=      13566 rsp_ts=      13600 delta_ts=         34
count=        236 r0w1= 0 req_ts=      13600 rsp_ts=      13632 delta_ts=         32
count=        237 r0w1= 0 req_ts=      13632 rsp_ts=      13664 delta_ts=         32
count=        238 r0w1= 0 req_ts=      13664 rsp_ts=      13697 delta_ts=         33
count=        239 r0w1= 0 req_ts=      13697 rsp_ts=      13730 delta_ts=         33
count=        240 r0w1= 0 req_ts=      13730 rsp_ts=      13762 delta_ts=         32
count=        241 r0w1= 0 req_ts=      13762 rsp_ts=      13950 delta_ts=        188
count=        242 r0w1= 0 req_ts=      13950 rsp_ts=      13983 delta_ts=         33
count=        243 r0w1= 0 req_ts=      13983 rsp_ts=      14016 delta_ts=         33
count=        244 r0w1= 0 req_ts=      14016 rsp_ts=      14191 delta_ts=        175
count=        245 r0w1= 0 req_ts=      14191 rsp_ts=      14224 delta_ts=         33
count=        246 r0w1= 0 req_ts=      14224 rsp_ts=      14256 delta_ts=         32
count=        247 r0w1= 0 req_ts=      14256 rsp_ts=      14450 delta_ts=        194
count=        248 r0w1= 0 req_ts=      14450 rsp_ts=      14484 delta_ts=         34
count=        249 r0w1= 0 req_ts=      14484 rsp_ts=      14517 delta_ts=         33
count=        250 r0w1= 0 req_ts=      14517 rsp_ts=      14708 delta_ts=        191
count=        251 r0w1= 0 req_ts=      14708 rsp_ts=      14744 delta_ts=         36
count=        252 r0w1= 0 req_ts=      14744 rsp_ts=      14777 delta_ts=         33
count=        253 r0w1= 0 req_ts=      14777 rsp_ts=      14810 delta_ts=         33
count=        254 r0w1= 0 req_ts=      14810 rsp_ts=      15001 delta_ts=        191
count=        255 r0w1= 0 req_ts=      15001 rsp_ts=      15035 delta_ts=         34
count=        256 r0w1= 0 req_ts=      15035 rsp_ts=      15237 delta_ts=        202
count=        257 r0w1= 0 req_ts=      15237 rsp_ts=      15271 delta_ts=         34
count=        258 r0w1= 0 req_ts=      15271 rsp_ts=      15473 delta_ts=        202
count=        259 r0w1= 0 req_ts=      15473 rsp_ts=      15508 delta_ts=         35
count=        260 r0w1= 0 req_ts=      15508 rsp_ts=      15708 delta_ts=        200
count=        261 r0w1= 0 req_ts=      15708 rsp_ts=      15743 delta_ts=         35
count=        262 r0w1= 0 req_ts=      15743 rsp_ts=      15945 delta_ts=        202
count=        263 r0w1= 0 req_ts=      15945 rsp_ts=      15979 delta_ts=         34
count=        264 r0w1= 0 req_ts=      15979 rsp_ts=      16014 delta_ts=         35
count=        265 r0w1= 0 req_ts=      16014 rsp_ts=      16228 delta_ts=        214
count=        266 r0w1= 0 req_ts=      16228 rsp_ts=      16268 delta_ts=         40
count=        267 r0w1= 0 req_ts=      16268 rsp_ts=      16308 delta_ts=         40
count=        268 r0w1= 0 req_ts=      16308 rsp_ts=      16528 delta_ts=        220
count=        269 r0w1= 0 req_ts=      16528 rsp_ts=      16569 delta_ts=         41
count=        270 r0w1= 0 req_ts=      16569 rsp_ts=      16610 delta_ts=         41
count=        271 r0w1= 0 req_ts=      16610 rsp_ts=      16650 delta_ts=         40
count=        272 r0w1= 0 req_ts=      16650 rsp_ts=      16691 delta_ts=         41
count=        273 r0w1= 0 req_ts=      16691 rsp_ts=      16733 delta_ts=         42
count=        274 r0w1= 0 req_ts=      16733 rsp_ts=      16775 delta_ts=         42
count=        275 r0w1= 0 req_ts=      16775 rsp_ts=      16813 delta_ts=         38
count=        276 r0w1= 0 req_ts=      16813 rsp_ts=      16850 delta_ts=         37
count=        277 r0w1= 0 req_ts=      16850 rsp_ts=      16886 delta_ts=         36
count=        278 r0w1= 0 req_ts=      16886 rsp_ts=      16924 delta_ts=         38
count=        279 r0w1= 0 req_ts=      16924 rsp_ts=      16960 delta_ts=         36
count=        280 r0w1= 0 req_ts=      16960 rsp_ts=      17172 delta_ts=        212
count=        281 r0w1= 0 req_ts=      17172 rsp_ts=      17209 delta_ts=         37
count=        282 r0w1= 0 req_ts=      17209 rsp_ts=      17439 delta_ts=        230
count=        283 r0w1= 0 req_ts=      17439 rsp_ts=      17475 delta_ts=         36
count=        284 r0w1= 0 req_ts=      17475 rsp_ts=      17511 delta_ts=         36
count=        285 r0w1= 0 req_ts=      17511 rsp_ts=      17548 delta_ts=         37
count=        286 r0w1= 0 req_ts=      17548 rsp_ts=      17584 delta_ts=         36
count=        287 r0w1= 0 req_ts=      17584 rsp_ts=      17621 delta_ts=         37
count=        288 r0w1= 0 req_ts=      17621 rsp_ts=      17663 delta_ts=         42
count=        289 r0w1= 0 req_ts=      17663 rsp_ts=      17704 delta_ts=         41
count=        290 r0w1= 0 req_ts=      17704 rsp_ts=      17938 delta_ts=        234
count=        291 r0w1= 0 req_ts=      17938 rsp_ts=      17979 delta_ts=         41
count=        292 r0w1= 0 req_ts=      17979 rsp_ts=      18022 delta_ts=         43
count=        293 r0w1= 0 req_ts=      18022 rsp_ts=      18066 delta_ts=         44
count=        294 r0w1= 0 req_ts=      18066 rsp_ts=      18306 delta_ts=        240
count=        295 r0w1= 0 req_ts=      18306 rsp_ts=      18349 delta_ts=         43
count=        296 r0w1= 0 req_ts=      18349 rsp_ts=      18564 delta_ts=        215
count=        297 r0w1= 0 req_ts=      18564 rsp_ts=      18603 delta_ts=         39
count=        298 r0w1= 0 req_ts=      18603 rsp_ts=      18646 delta_ts=         43
count=        299 r0w1= 0 req_ts=      18646 rsp_ts=      18894 delta_ts=        248
count=        300 r0w1= 0 req_ts=      18894 rsp_ts=      18934 delta_ts=         40
count=        301 r0w1= 0 req_ts=      18934 rsp_ts=      18975 delta_ts=         41
count=        302 r0w1= 0 req_ts=      18975 rsp_ts=      19019 delta_ts=         44
count=        303 r0w1= 0 req_ts=      19019 rsp_ts=      19232 delta_ts=        213
count=        304 r0w1= 0 req_ts=      19232 rsp_ts=      19272 delta_ts=         40
count=        305 r0w1= 0 req_ts=      19272 rsp_ts=      19314 delta_ts=         42
count=        306 r0w1= 0 req_ts=      19314 rsp_ts=      19532 delta_ts=        218
count=        307 r0w1= 0 req_ts=      19532 rsp_ts=      19575 delta_ts=         43
count=        308 r0w1= 0 req_ts=      19575 rsp_ts=      19616 delta_ts=         41
count=        309 r0w1= 0 req_ts=      19616 rsp_ts=      19810 delta_ts=        194
count=        310 r0w1= 0 req_ts=      19810 rsp_ts=      19853 delta_ts=         43
count=        311 r0w1= 0 req_ts=      19853 rsp_ts=      20088 delta_ts=        235
count=        312 r0w1= 0 req_ts=      20088 rsp_ts=      20128 delta_ts=         40
count=        313 r0w1= 0 req_ts=      20128 rsp_ts=      20168 delta_ts=         40
count=        314 r0w1= 0 req_ts=      20168 rsp_ts=      20403 delta_ts=        235
count=        315 r0w1= 0 req_ts=      20403 rsp_ts=      20444 delta_ts=         41
count=        316 r0w1= 0 req_ts=      20444 rsp_ts=      20488 delta_ts=         44
count=        317 r0w1= 0 req_ts=      20488 rsp_ts=      20528 delta_ts=         40
count=        318 r0w1= 0 req_ts=      20528 rsp_ts=      20569 delta_ts=         41
count=        319 r0w1= 0 req_ts=      20569 rsp_ts=      20609 delta_ts=         40
count=        320 r0w1= 0 req_ts=      20609 rsp_ts=      20649 delta_ts=         40
count=        321 r0w1= 0 req_ts=      20649 rsp_ts=      20884 delta_ts=        235
count=        322 r0w1= 0 req_ts=      20884 rsp_ts=      20927 delta_ts=         43
count=        323 r0w1= 0 req_ts=      20927 rsp_ts=      21163 delta_ts=        236
count=        324 r0w1= 0 req_ts=      21163 rsp_ts=      21205 delta_ts=         42
count=        325 r0w1= 0 req_ts=      21205 rsp_ts=      21246 delta_ts=         41
count=        326 r0w1= 0 req_ts=      21246 rsp_ts=      21520 delta_ts=        274
count=        327 r0w1= 0 req_ts=      21520 rsp_ts=      21567 delta_ts=         47
count=        328 r0w1= 0 req_ts=      21567 rsp_ts=      21613 delta_ts=         46
count=        329 r0w1= 0 req_ts=      21613 rsp_ts=      21655 delta_ts=         42
count=        330 r0w1= 0 req_ts=      21655 rsp_ts=      21889 delta_ts=        234
count=        331 r0w1= 0 req_ts=      21889 rsp_ts=      21933 delta_ts=         44
count=        332 r0w1= 0 req_ts=      21933 rsp_ts=      21974 delta_ts=         41
count=        333 r0w1= 0 req_ts=      21974 rsp_ts=      22015 delta_ts=         41
count=        334 r0w1= 0 req_ts=      22015 rsp_ts=      22269 delta_ts=        254
count=        335 r0w1= 0 req_ts=      22269 rsp_ts=      22310 delta_ts=         41
count=        336 r0w1= 0 req_ts=      22310 rsp_ts=      22352 delta_ts=         42
count=        337 r0w1= 0 req_ts=      22352 rsp_ts=      22593 delta_ts=        241
count=        338 r0w1= 0 req_ts=      22593 rsp_ts=      22634 delta_ts=         41
count=        339 r0w1= 0 req_ts=      22634 rsp_ts=      22675 delta_ts=         41
count=        340 r0w1= 0 req_ts=      22675 rsp_ts=      22716 delta_ts=         41
count=        341 r0w1= 0 req_ts=      22716 rsp_ts=      22758 delta_ts=         42
count=        342 r0w1= 0 req_ts=      22758 rsp_ts=      22799 delta_ts=         41
count=        343 r0w1= 0 req_ts=      22799 rsp_ts=      22841 delta_ts=         42
count=        344 r0w1= 0 req_ts=      22841 rsp_ts=      22884 delta_ts=         43
count=        345 r0w1= 0 req_ts=      22884 rsp_ts=      22926 delta_ts=         42
count=        346 r0w1= 0 req_ts=      22926 rsp_ts=      23185 delta_ts=        259
count=        347 r0w1= 0 req_ts=      23185 rsp_ts=      23226 delta_ts=         41
count=        348 r0w1= 0 req_ts=      23226 rsp_ts=      23268 delta_ts=         42
count=        349 r0w1= 0 req_ts=      23268 rsp_ts=      23310 delta_ts=         42
count=        350 r0w1= 0 req_ts=      23310 rsp_ts=      23556 delta_ts=        246
count=        351 r0w1= 0 req_ts=      23556 rsp_ts=      23598 delta_ts=         42
count=        352 r0w1= 0 req_ts=      23598 rsp_ts=      23640 delta_ts=         42
count=        353 r0w1= 0 req_ts=      23640 rsp_ts=      23683 delta_ts=         43
count=        354 r0w1= 0 req_ts=      23683 rsp_ts=      23939 delta_ts=        256
count=        355 r0w1= 0 req_ts=      23939 rsp_ts=      23982 delta_ts=         43
count=        356 r0w1= 0 req_ts=      23982 rsp_ts=      24211 delta_ts=        229
count=        357 r0w1= 0 req_ts=      24211 rsp_ts=      24254 delta_ts=         43
count=        358 r0w1= 0 req_ts=      24254 rsp_ts=      24504 delta_ts=        250
count=        359 r0w1= 0 req_ts=      24504 rsp_ts=      24546 delta_ts=         42
count=        360 r0w1= 0 req_ts=      24546 rsp_ts=      24589 delta_ts=         43
count=        361 r0w1= 0 req_ts=      24589 rsp_ts=      24632 delta_ts=         43
count=        362 r0w1= 0 req_ts=      24632 rsp_ts=      24880 delta_ts=        248
count=        363 r0w1= 0 req_ts=      24880 rsp_ts=      24924 delta_ts=         44
count=        364 r0w1= 0 req_ts=      24924 rsp_ts=      25181 delta_ts=        257
count=        365 r0w1= 0 req_ts=      25181 rsp_ts=      25225 delta_ts=         44
count=        366 r0w1= 0 req_ts=      25225 rsp_ts=      25458 delta_ts=        233
count=        367 r0w1= 0 req_ts=      25458 rsp_ts=      25501 delta_ts=         43
count=        368 r0w1= 0 req_ts=      25501 rsp_ts=      25731 delta_ts=        230
count=        369 r0w1= 0 req_ts=      25731 rsp_ts=      25775 delta_ts=         44
count=        370 r0w1= 0 req_ts=      25775 rsp_ts=      26027 delta_ts=        252
count=        371 r0w1= 0 req_ts=      26027 rsp_ts=      26069 delta_ts=         42
count=        372 r0w1= 0 req_ts=      26069 rsp_ts=      26296 delta_ts=        227
count=        373 r0w1= 0 req_ts=      26296 rsp_ts=      26339 delta_ts=         43
count=        374 r0w1= 0 req_ts=      26339 rsp_ts=      26381 delta_ts=         42
count=        375 r0w1= 0 req_ts=      26381 rsp_ts=      26424 delta_ts=         43
count=        376 r0w1= 0 req_ts=      26424 rsp_ts=      26671 delta_ts=        247
count=        377 r0w1= 0 req_ts=      26671 rsp_ts=      26717 delta_ts=         46
count=        378 r0w1= 0 req_ts=      26717 rsp_ts=      26760 delta_ts=         43
count=        379 r0w1= 0 req_ts=      26760 rsp_ts=      26803 delta_ts=         43
count=        380 r0w1= 0 req_ts=      26803 rsp_ts=      26846 delta_ts=         43
count=        381 r0w1= 0 req_ts=      26846 rsp_ts=      26892 delta_ts=         46
count=        382 r0w1= 0 req_ts=      26892 rsp_ts=      27146 delta_ts=        254
count=        383 r0w1= 0 req_ts=      27146 rsp_ts=      27189 delta_ts=         43
count=        384 r0w1= 0 req_ts=      27189 rsp_ts=      27426 delta_ts=        237
count=        385 r0w1= 0 req_ts=      27426 rsp_ts=      27470 delta_ts=         44
count=        386 r0w1= 0 req_ts=      27470 rsp_ts=      27515 delta_ts=         45
count=        387 r0w1= 0 req_ts=      27515 rsp_ts=      27766 delta_ts=        251
count=        388 r0w1= 0 req_ts=      27766 rsp_ts=      27811 delta_ts=         45
count=        389 r0w1= 0 req_ts=      27811 rsp_ts=      28076 delta_ts=        265
count=        390 r0w1= 0 req_ts=      28076 rsp_ts=      28121 delta_ts=         45
count=        391 r0w1= 0 req_ts=      28121 rsp_ts=      28166 delta_ts=         45
count=        392 r0w1= 0 req_ts=      28166 rsp_ts=      28215 delta_ts=         49
count=        393 r0w1= 0 req_ts=      28215 rsp_ts=      28261 delta_ts=         46
count=        394 r0w1= 0 req_ts=      28261 rsp_ts=      28307 delta_ts=         46
count=        395 r0w1= 0 req_ts=      28307 rsp_ts=      28353 delta_ts=         46
count=        396 r0w1= 0 req_ts=      28353 rsp_ts=      28399 delta_ts=         46
count=        397 r0w1= 0 req_ts=      28400 rsp_ts=      28445 delta_ts=         45
count=        398 r0w1= 0 req_ts=      28445 rsp_ts=      28491 delta_ts=         46
count=        399 r0w1= 0 req_ts=      28491 rsp_ts=      28537 delta_ts=         46
count=        400 r0w1= 0 req_ts=      28537 rsp_ts=      28582 delta_ts=         45
count=        401 r0w1= 0 req_ts=      28582 rsp_ts=      28629 delta_ts=         47
count=        402 r0w1= 0 req_ts=      28629 rsp_ts=      28902 delta_ts=        273
count=        403 r0w1= 0 req_ts=      28902 rsp_ts=      28949 delta_ts=         47
count=        404 r0w1= 0 req_ts=      28949 rsp_ts=      28998 delta_ts=         49
count=        405 r0w1= 0 req_ts=      28998 rsp_ts=      29051 delta_ts=         53
count=        406 r0w1= 0 req_ts=      29051 rsp_ts=      29349 delta_ts=        298
count=        407 r0w1= 0 req_ts=      29349 rsp_ts=      29397 delta_ts=         48
count=        408 r0w1= 0 req_ts=      29397 rsp_ts=      29445 delta_ts=         48
count=        409 r0w1= 0 req_ts=      29445 rsp_ts=      29703 delta_ts=        258
count=        410 r0w1= 0 req_ts=      29703 rsp_ts=      29750 delta_ts=         47
count=        411 r0w1= 0 req_ts=      29750 rsp_ts=      29799 delta_ts=         49
count=        412 r0w1= 0 req_ts=      29799 rsp_ts=      30082 delta_ts=        283
count=        413 r0w1= 0 req_ts=      30090 rsp_ts=      30141 delta_ts=         51
count=        414 r0w1= 0 req_ts=      30141 rsp_ts=      30447 delta_ts=        306
count=        415 r0w1= 0 req_ts=      30447 rsp_ts=      30497 delta_ts=         50
count=        416 r0w1= 0 req_ts=      30497 rsp_ts=      30546 delta_ts=         49
count=        417 r0w1= 0 req_ts=      30549 rsp_ts=      30598 delta_ts=         49
count=        418 r0w1= 0 req_ts=      30598 rsp_ts=      30875 delta_ts=        277
count=        419 r0w1= 0 req_ts=      30875 rsp_ts=      30924 delta_ts=         49
count=        420 r0w1= 0 req_ts=      30924 rsp_ts=      31184 delta_ts=        260
count=        421 r0w1= 0 req_ts=      31184 rsp_ts=      31233 delta_ts=         49
count=        422 r0w1= 1 req_ts=      31233 rsp_ts=      31283 delta_ts=         50
count=        423 r0w1= 0 req_ts=      31283 rsp_ts=      31536 delta_ts=        253
count=        424 r0w1= 1 req_ts=      31536 rsp_ts=      31586 delta_ts=         50
count=        425 r0w1= 0 req_ts=      31586 rsp_ts=      31636 delta_ts=         50
count=        426 r0w1= 0 req_ts=      31636 rsp_ts=      31684 delta_ts=         48
count=        427 r0w1= 0 req_ts=      31684 rsp_ts=      31957 delta_ts=        273
count=        428 r0w1= 1 req_ts=      31957 rsp_ts=      32010 delta_ts=         53
count=        429 r0w1= 0 req_ts=      32010 rsp_ts=      32060 delta_ts=         50
count=        430 r0w1= 1 req_ts=      32060 rsp_ts=      32114 delta_ts=         54
count=        431 r0w1= 0 req_ts=      32114 rsp_ts=      32162 delta_ts=         48
count=        432 r0w1= 0 req_ts=      32162 rsp_ts=      32211 delta_ts=         49
count=        433 r0w1= 1 req_ts=      32211 rsp_ts=      32490 delta_ts=        279
count=        434 r0w1= 0 req_ts=      32490 rsp_ts=      32538 delta_ts=         48
count=        435 r0w1= 1 req_ts=      32538 rsp_ts=      32802 delta_ts=        264
count=        436 r0w1= 0 req_ts=      32802 rsp_ts=      32851 delta_ts=         49
count=        437 r0w1= 0 req_ts=      32851 rsp_ts=      33137 delta_ts=        286
count=        438 r0w1= 1 req_ts=      33137 rsp_ts=      33190 delta_ts=         53
count=        439 r0w1= 0 req_ts=      33190 rsp_ts=      33510 delta_ts=        320
count=        440 r0w1= 1 req_ts=      33511 rsp_ts=      33567 delta_ts=         56
count=        441 r0w1= 0 req_ts=      33567 rsp_ts=      33622 delta_ts=         55
count=        442 r0w1= 1 req_ts=      33622 rsp_ts=      33676 delta_ts=         54
count=        443 r0w1= 0 req_ts=      33676 rsp_ts=      33933 delta_ts=        257
count=        444 r0w1= 1 req_ts=      33933 rsp_ts=      33984 delta_ts=         51
count=        445 r0w1= 0 req_ts=      33984 rsp_ts=      34034 delta_ts=         50
count=        446 r0w1= 0 req_ts=      34034 rsp_ts=      34342 delta_ts=        308
count=        447 r0w1= 1 req_ts=      34342 rsp_ts=      34395 delta_ts=         53
count=        448 r0w1= 0 req_ts=      34395 rsp_ts=      34445 delta_ts=         50
count=        449 r0w1= 1 req_ts=      34445 rsp_ts=      34497 delta_ts=         52
count=        450 r0w1= 0 req_ts=      34497 rsp_ts=      34548 delta_ts=         51
count=        451 r0w1= 0 req_ts=      34548 rsp_ts=      34599 delta_ts=         51
count=        452 r0w1= 1 req_ts=      34599 rsp_ts=      34652 delta_ts=         53
count=        453 r0w1= 0 req_ts=      34652 rsp_ts=      34702 delta_ts=         50
count=        454 r0w1= 1 req_ts=      34702 rsp_ts=      34755 delta_ts=         53
count=        455 r0w1= 0 req_ts=      34755 rsp_ts=      35034 delta_ts=        279
count=        456 r0w1= 0 req_ts=      35034 rsp_ts=      35085 delta_ts=         51
count=        457 r0w1= 1 req_ts=      35085 rsp_ts=      35141 delta_ts=         56
count=        458 r0w1= 0 req_ts=      35141 rsp_ts=      35192 delta_ts=         51
count=        459 r0w1= 1 req_ts=      35192 rsp_ts=      35246 delta_ts=         54
count=        460 r0w1= 0 req_ts=      35246 rsp_ts=      35297 delta_ts=         51
count=        461 r0w1= 0 req_ts=      35297 rsp_ts=      35348 delta_ts=         51
count=        462 r0w1= 1 req_ts=      35348 rsp_ts=      35400 delta_ts=         52
count=        463 r0w1= 0 req_ts=      35400 rsp_ts=      35690 delta_ts=        290
count=        464 r0w1= 1 req_ts=      35690 rsp_ts=      35743 delta_ts=         53
count=        465 r0w1= 0 req_ts=      35743 rsp_ts=      35794 delta_ts=         51
count=        466 r0w1= 0 req_ts=      35794 rsp_ts=      35845 delta_ts=         51
count=        467 r0w1= 0 req_ts=      35845 rsp_ts=      35896 delta_ts=         51
count=        468 r0w1= 0 req_ts=      35896 rsp_ts=      35945 delta_ts=         49
count=        469 r0w1= 0 req_ts=      35945 rsp_ts=      35995 delta_ts=         50
count=        470 r0w1= 0 req_ts=      35995 rsp_ts=      36293 delta_ts=        298
count=        471 r0w1= 0 req_ts=      36293 rsp_ts=      36345 delta_ts=         52
count=        472 r0w1= 0 req_ts=      36345 rsp_ts=      36397 delta_ts=         52
count=        473 r0w1= 0 req_ts=      36397 rsp_ts=      36449 delta_ts=         52
count=        474 r0w1= 0 req_ts=      36449 rsp_ts=      36740 delta_ts=        291
count=        475 r0w1= 0 req_ts=      36740 rsp_ts=      36792 delta_ts=         52
count=        476 r0w1= 0 req_ts=      36792 rsp_ts=      36844 delta_ts=         52
count=        477 r0w1= 0 req_ts=      36845 rsp_ts=      37143 delta_ts=        298
count=        478 r0w1= 0 req_ts=      38293 rsp_ts=      38348 delta_ts=         55
count=        479 r0w1= 0 req_ts=      38348 rsp_ts=      38400 delta_ts=         52
count=        480 r0w1= 0 req_ts=      38400 rsp_ts=      38451 delta_ts=         51
count=        481 r0w1= 0 req_ts=      38451 rsp_ts=      38774 delta_ts=        323
count=        482 r0w1= 0 req_ts=      38774 rsp_ts=      38828 delta_ts=         54
count=        483 r0w1= 0 req_ts=      38828 rsp_ts=      38883 delta_ts=         55
count=        484 r0w1= 0 req_ts=      38883 rsp_ts=      39194 delta_ts=        311
count=        485 r0w1= 0 req_ts=      39194 rsp_ts=      39248 delta_ts=         54
count=        486 r0w1= 0 req_ts=      39248 rsp_ts=      39301 delta_ts=         53
count=        487 r0w1= 0 req_ts=      39301 rsp_ts=      39356 delta_ts=         55
count=        488 r0w1= 0 req_ts=      39356 rsp_ts=      39413 delta_ts=         57
count=        489 r0w1= 0 req_ts=      39413 rsp_ts=      39466 delta_ts=         53
count=        490 r0w1= 0 req_ts=      39466 rsp_ts=      39812 delta_ts=        346
count=        491 r0w1= 0 req_ts=      39812 rsp_ts=      39867 delta_ts=         55
count=        492 r0w1= 0 req_ts=      39867 rsp_ts=      39923 delta_ts=         56
count=        493 r0w1= 0 req_ts=      39923 rsp_ts=      40208 delta_ts=        285
