TX 215588000000 55 419800000000000000000000000000000000000000000000000000000000000000000000000000000000000000000000000000000000000000000000003100000001   
TX 215589000000 55 419800000000000000000000000000000000000000000000000000000000000000000000000000000000000000000000000000000000000000000000003100000001   
TX 215591000000 55 419800000000000000000000000000000000000000000000000000000000000000000000000000000000000000000000000000000000000000000000003100000001   
TX 215593000000 55 12c700000000000000000000000000000000000000000000000000000000000000000000000000000000000000000000000000000000000000000000001100000001   
RX 215593000000 55 c34100000000000000000000000000000000000000000000000000000000000000000000000000000000000000000000000000000000000000000000000100000001   
RX 215596000000 55 c34100000000000000000000000000000000000000000000000000000000000000000000000000000000000000000000000000000000000000000000000100000001   
RX 215598000000 55 c34100000000000000000000000000000000000000000000000000000000000000000000000000000000000000000000000000000000000000000000000100000001   
TX 215599000000 55 abde00000000000000000000000000000000000000000000000000000000000000000000000000000000000000000000000000000000bf0000020000008c00000001   
RX 215600000000 55 c34100000000000000000000000000000000000000000000000000000000000000000000000000000000000000000000000000000000000000000000000100000001   
RX 215602000000 55 c34100000000000000000000000000000000000000000000000000000000000000000000000000000000000000000000000000000000000000000000000100000001   
RX 215604000000 55 c34100000000000000000000000000000000000000000000000000000000000000000000000000000000000000000000000000000000000000000000000100000001   
TX 215606000000 55 c34100000000000000000000000000000000000000000000000000000000000000000000000000000000000000000000000000000000000000000000000100000001   
RX 215606000000 55 c34100000000000000000000000000000000000000000000000000000000000000000000000000000000000000000000000000000000000000000000000100000001   
RX 215609000000 55 c34100000000000000000000000000000000000000000000000000000000000000000000000000000000000000000000000000000000000000000000000100000001   
TX 215610000000 55 c34100000000000000000000000000000000000000000000000000000000000000000000000000000000000000000000000000000000000000000000000100000001   
RX 215611000000 55 c34100000000000000000000000000000000000000000000000000000000000000000000000000000000000000000000000000000000000000000000000100000001   
TX 215614000000 55 c34100000000000000000000000000000000000000000000000000000000000000000000000000000000000000000000000000000000000000000000000100000001   
RX 215614000000 55 c34100000000000000000000000000000000000000000000000000000000000000000000000000000000000000000000000000000000000000000000000100000001   
RX 215616000000 55 c34100000000000000000000000000000000000000000000000000000000000000000000000000000000000000000000000000000000000000000000000100000001   
TX 215618000000 55 c34100000000000000000000000000000000000000000000000000000000000000000000000000000000000000000000000000000000000000000000000100000001   
RX 215618000000 55 c34100000000000000000000000000000000000000000000000000000000000000000000000000000000000000000000000000000000000000000000000100000001   
RX 215620000000 55 c34100000000000000000000000000000000000000000000000000000000000000000000000000000000000000000000000000000000000000000000000100000001   
TX 215622000000 55 c34100000000000000000000000000000000000000000000000000000000000000000000000000000000000000000000000000000000000000000000000100000001   
RX 215622000000 55 c34100000000000000000000000000000000000000000000000000000000000000000000000000000000000000000000000000000000000000000000000100000001   
RX 215624000000 55 c34100000000000000000000000000000000000000000000000000000000000000000000000000000000000000000000000000000000000000000000000100000001   
TX 215626000000 55 c34100000000000000000000000000000000000000000000000000000000000000000000000000000000000000000000000000000000000000000000000100000001   
RX 215626000000 55 c34100000000000000000000000000000000000000000000000000000000000000000000000000000000000000000000000000000000000000000000000100000001   
RX 215628000000 55 c34100000000000000000000000000000000000000000000000000000000000000000000000000000000000000000000000000000000000000000000000100000001   
TX 215630000000 55 c34100000000000000000000000000000000000000000000000000000000000000000000000000000000000000000000000000000000000000000000000100000001   
RX 215631000000 55 c34100000000000000000000000000000000000000000000000000000000000000000000000000000000000000000000000000000000000000000000000100000001   
RX 215633000000 55 c34100000000000000000000000000000000000000000000000000000000000000000000000000000000000000000000000000000000000000000000000100000001   
TX 215634000000 55 c34100000000000000000000000000000000000000000000000000000000000000000000000000000000000000000000000000000000000000000000000100000001   
RX 215635000000 55 c34100000000000000000000000000000000000000000000000000000000000000000000000000000000000000000000000000000000000000000000000100000001   
RX 215637000000 55 c34100000000000000000000000000000000000000000000000000000000000000000000000000000000000000000000000000000000000000000000000100000001   
RX 215639000000 55 c34100000000000000000000000000000000000000000000000000000000000000000000000000000000000000000000000000000000000000000000000100000001   
TX 215640000000 55 c34100000000000000000000000000000000000000000000000000000000000000000000000000000000000000000000000000000000000000000000000100000001   
RX 215641000000 55 c34100000000000000000000000000000000000000000000000000000000000000000000000000000000000000000000000000000000000000000000000100000001   
RX 215643000000 55 c34100000000000000000000000000000000000000000000000000000000000000000000000000000000000000000000000000000000000000000000000100000001   
TX 215644000000 55 c34100000000000000000000000000000000000000000000000000000000000000000000000000000000000000000000000000000000000000000000000100000001   
RX 215645000000 55 c34100000000000000000000000000000000000000000000000000000000000000000000000000000000000000000000000000000000000000000000000100000001   
TX 215648000000 55 c34100000000000000000000000000000000000000000000000000000000000000000000000000000000000000000000000000000000000000000000000100000001   
RX 215648000000 55 c34100000000000000000000000000000000000000000000000000000000000000000000000000000000000000000000000000000000000000000000000100000001   
RX 215650000000 55 c34100000000000000000000000000000000000000000000000000000000000000000000000000000000000000000000000000000000000000000000000100000001   
TX 215652000000 55 c34100000000000000000000000000000000000000000000000000000000000000000000000000000000000000000000000000000000000000000000000100000001   
RX 215652000000 55 c34100000000000000000000000000000000000000000000000000000000000000000000000000000000000000000000000000000000000000000000000100000001   
RX 215654000000 55 c34100000000000000000000000000000000000000000000000000000000000000000000000000000000000000000000000000000000000000000000000100000001   
TX 215656000000 55 c34100000000000000000000000000000000000000000000000000000000000000000000000000000000000000000000000000000000000000000000000100000001   
RX 215656000000 55 c34100000000000000000000000000000000000000000000000000000000000000000000000000000000000000000000000000000000000000000000000100000001   
RX 215658000000 55 c34100000000000000000000000000000000000000000000000000000000000000000000000000000000000000000000000000000000000000000000000100000001   
TX 215660000000 55 c34100000000000000000000000000000000000000000000000000000000000000000000000000000000000000000000000000000000000000000000000100000001   
RX 215660000000 55 c34100000000000000000000000000000000000000000000000000000000000000000000000000000000000000000000000000000000000000000000000100000001   
TX 215664000000 55 c34100000000000000000000000000000000000000000000000000000000000000000000000000000000000000000000000000000000000000000000000100000001   
RX 215665000000 55 2dea00000000000000000000000000000000000000000000000000000000000000000000000000000000000000000000000000000000ff0000020000008c00000001   
RX 215667000000 55 23ad000000000000000000000000000000000000000000000000000000000000000000000000000000000000000000000000000000000000000000000010ff000001   
TX 215668000000 55 c34100000000000000000000000000000000000000000000000000000000000000000000000000000000000000000000000000000000000000000000000100000001   
TX 215675000000 55 c34100000000000000000000000000000000000000000000000000000000000000000000000000000000000000000000000000000000000000000000000100000001   
RX 215678000000 55 419800000000000000000000000000000000000000000000000000000000000000000000000000000000000000000000000000000000000000000000003100000001   
TX 215679000000 55 c34100000000000000000000000000000000000000000000000000000000000000000000000000000000000000000000000000000000000000000000000100000001   
RX 215680000000 55 419800000000000000000000000000000000000000000000000000000000000000000000000000000000000000000000000000000000000000000000003100000001   
TX 215683000000 55 c34100000000000000000000000000000000000000000000000000000000000000000000000000000000000000000000000000000000000000000000000100000001   
RX 215685000000 55 419800000000000000000000000000000000000000000000000000000000000000000000000000000000000000000000000000000000000000000000003100000001   
TX 215687000000 55 c34100000000000000000000000000000000000000000000000000000000000000000000000000000000000000000000000000000000000000000000000100000001   
RX 215687000000 55 419800000000000000000000000000000000000000000000000000000000000000000000000000000000000000000000000000000000000000000000003100000001   
RX 215689000000 55 419800000000000000000000000000000000000000000000000000000000000000000000000000000000000000000000000000000000000000000000003100000001   
TX 215691000000 55 c34100000000000000000000000000000000000000000000000000000000000000000000000000000000000000000000000000000000000000000000000100000001   
RX 215691000000 55 3cb300000000000000000000000000000000000000000000000000000000000000000000000000000000000000000000000000000000fd0002000000002100000001   
RX 215693000000 55 2dea00000000000000000000000000000000000000000000000000000000000000000000000000000000000000000000000000000000ff0000020000008c00000001   
TX 215695000000 55 c34100000000000000000000000000000000000000000000000000000000000000000000000000000000000000000000000000000000000000000000000100000001   
RX 215697000000 55 23ad000000000000000000000000000000000000000000000000000000000000000000000000000000000000000000000000000000000000000000000010ff000001   
TX 215699000000 55 c34100000000000000000000000000000000000000000000000000000000000000000000000000000000000000000000000000000000000000000000000100000001   
RX 215702000000 55 c916000000000000000000000000000000000000000000000000000000000000000000000000000000000000000000000000000000000000000100000010ff000001   
TX 215703000000 55 c34100000000000000000000000000000000000000000000000000000000000000000000000000000000000000000000000000000000000000000000000100000001   
TX 215709000000 55 750400000000000000000000000000000000000000000000000000000000000000000000000000000000000000000000000000000000000000020000001077700001   
TX 215713000000 55 fbdd00000000000000000000000000000000000000000000000000000000000000000000000000000000000000000000000000000000000000010000001077600001   
TX 215717000000 55 dba3000000000000000000000000000000000000000000000000000000000000000000000000000000000000000000000000000000000000000000000010f0f00001   
TX 215721000000 55 dba3000000000000000000000000000000000000000000000000000000000000000000000000000000000000000000000000000000000000000000000010f0f00001   
TX 215725000000 55 141700000000000000000000000000000000000000000000000000000000000000000000000000000000000000000000000000000000000000000000001080f00001   
RX 215827000000 55 812400000000000000000000000000000000000000000000000000000000000000000000000000000000000000000000000000000000000000050000001000000001   
TX 281526000000 55 419800000000000000000000000000000000000000000000000000000000000000000000000000000000000000000000000000000000000000000000003100000001   
TX 281528000000 55 419800000000000000000000000000000000000000000000000000000000000000000000000000000000000000000000000000000000000000000000003100000001   
TX 281532000000 55 419800000000000000000000000000000000000000000000000000000000000000000000000000000000000000000000000000000000000000000000003100000001   
TX 281538000000 55 419800000000000000000000000000000000000000000000000000000000000000000000000000000000000000000000000000000000000000000000003100000001   
TX 281542000000 55 419800000000000000000000000000000000000000000000000000000000000000000000000000000000000000000000000000000000000000000000003100000001   
RX 281543000000 55 b8f200000000000000000000000000000000000000000000000000000000000000000000000000000000000000000000000000000000000000000000001200000021   
RX 281545000000 55 697400000000000000000000000000000000000000000000000000000000000000000000000000000000000000000000000000000000000000000000000200000021   
TX 281546000000 55 588d00000000000000000000000000000000000000000000000000000000000000000000000000000000000000000000000000000000000000040000001100000001   
RX 281547000000 55 697400000000000000000000000000000000000000000000000000000000000000000000000000000000000000000000000000000000000000000000000200000021   
RX 281549000000 55 697400000000000000000000000000000000000000000000000000000000000000000000000000000000000000000000000000000000000000000000000200000021   
RX 281551000000 55 697400000000000000000000000000000000000000000000000000000000000000000000000000000000000000000000000000000000000000000000000200000021   
RX 281553000000 55 697400000000000000000000000000000000000000000000000000000000000000000000000000000000000000000000000000000000000000000000000200000021   
RX 281555000000 55 697400000000000000000000000000000000000000000000000000000000000000000000000000000000000000000000000000000000000000000000000200000021   
TX 281556000000 55 b8f200000000000000000000000000000000000000000000000000000000000000000000000000000000000000000000000000000000000000000000001200000021   
RX 281557000000 55 697400000000000000000000000000000000000000000000000000000000000000000000000000000000000000000000000000000000000000000000000200000021   
RX 281560000000 55 697400000000000000000000000000000000000000000000000000000000000000000000000000000000000000000000000000000000000000000000000200000021   
RX 281562000000 55 697400000000000000000000000000000000000000000000000000000000000000000000000000000000000000000000000000000000000000000000000200000021   
RX 281564000000 55 697400000000000000000000000000000000000000000000000000000000000000000000000000000000000000000000000000000000000000000000000200000021   
TX 281566000000 55 697400000000000000000000000000000000000000000000000000000000000000000000000000000000000000000000000000000000000000000000000200000021   
RX 281566000000 55 697400000000000000000000000000000000000000000000000000000000000000000000000000000000000000000000000000000000000000000000000200000021   
RX 281568000000 55 697400000000000000000000000000000000000000000000000000000000000000000000000000000000000000000000000000000000000000000000000200000021   
RX 281570000000 55 697400000000000000000000000000000000000000000000000000000000000000000000000000000000000000000000000000000000000000000000000200000021   
RX 281572000000 55 697400000000000000000000000000000000000000000000000000000000000000000000000000000000000000000000000000000000000000000000000200000021   
RX 281574000000 55 697400000000000000000000000000000000000000000000000000000000000000000000000000000000000000000000000000000000000000000000000200000021   
RX 281577000000 55 697400000000000000000000000000000000000000000000000000000000000000000000000000000000000000000000000000000000000000000000000200000021   
TX 281578000000 55 697400000000000000000000000000000000000000000000000000000000000000000000000000000000000000000000000000000000000000000000000200000021   
RX 281579000000 55 697400000000000000000000000000000000000000000000000000000000000000000000000000000000000000000000000000000000000000000000000200000021   
RX 281581000000 55 697400000000000000000000000000000000000000000000000000000000000000000000000000000000000000000000000000000000000000000000000200000021   
RX 281584000000 55 697400000000000000000000000000000000000000000000000000000000000000000000000000000000000000000000000000000000000000000000000200000021   
RX 281586000000 55 697400000000000000000000000000000000000000000000000000000000000000000000000000000000000000000000000000000000000000000000000200000021   
RX 281588000000 55 697400000000000000000000000000000000000000000000000000000000000000000000000000000000000000000000000000000000000000000000000200000021   
TX 281589000000 55 697400000000000000000000000000000000000000000000000000000000000000000000000000000000000000000000000000000000000000000000000200000021   
RX 281590000000 55 697400000000000000000000000000000000000000000000000000000000000000000000000000000000000000000000000000000000000000000000000200000021   
RX 281592000000 55 697400000000000000000000000000000000000000000000000000000000000000000000000000000000000000000000000000000000000000000000000200000021   
RX 281595000000 55 697400000000000000000000000000000000000000000000000000000000000000000000000000000000000000000000000000000000000000000000000200000021   
RX 281597000000 55 697400000000000000000000000000000000000000000000000000000000000000000000000000000000000000000000000000000000000000000000000200000021   
TX 281599000000 55 697400000000000000000000000000000000000000000000000000000000000000000000000000000000000000000000000000000000000000000000000200000021   
RX 281599000000 55 697400000000000000000000000000000000000000000000000000000000000000000000000000000000000000000000000000000000000000000000000200000021   
RX 281601000000 55 697400000000000000000000000000000000000000000000000000000000000000000000000000000000000000000000000000000000000000000000000200000021   
RX 281603000000 55 697400000000000000000000000000000000000000000000000000000000000000000000000000000000000000000000000000000000000000000000000200000021   
RX 281605000000 55 697400000000000000000000000000000000000000000000000000000000000000000000000000000000000000000000000000000000000000000000000200000021   
RX 281607000000 55 697400000000000000000000000000000000000000000000000000000000000000000000000000000000000000000000000000000000000000000000000200000021   
RX 281609000000 55 697400000000000000000000000000000000000000000000000000000000000000000000000000000000000000000000000000000000000000000000000200000021   
TX 281611000000 55 697400000000000000000000000000000000000000000000000000000000000000000000000000000000000000000000000000000000000000000000000200000021   
RX 281612000000 55 697400000000000000000000000000000000000000000000000000000000000000000000000000000000000000000000000000000000000000000000000200000021   
RX 281614000000 55 697400000000000000000000000000000000000000000000000000000000000000000000000000000000000000000000000000000000000000000000000200000021   
RX 281616000000 55 697400000000000000000000000000000000000000000000000000000000000000000000000000000000000000000000000000000000000000000000000200000021   
RX 281618000000 55 697400000000000000000000000000000000000000000000000000000000000000000000000000000000000000000000000000000000000000000000000200000021   
RX 281620000000 55 697400000000000000000000000000000000000000000000000000000000000000000000000000000000000000000000000000000000000000000000000200000021   
TX 281621000000 55 697400000000000000000000000000000000000000000000000000000000000000000000000000000000000000000000000000000000000000000000000200000021   
TX 281631000000 55 697400000000000000000000000000000000000000000000000000000000000000000000000000000000000000000000000000000000000000000000000200000021   
RX 281635000000 55 419800000000000000000000000000000000000000000000000000000000000000000000000000000000000000000000000000000000000000000000003100000001   
RX 281637000000 55 419800000000000000000000000000000000000000000000000000000000000000000000000000000000000000000000000000000000000000000000003100000001   
RX 281639000000 55 419800000000000000000000000000000000000000000000000000000000000000000000000000000000000000000000000000000000000000000000003100000001   
RX 281641000000 55 419800000000000000000000000000000000000000000000000000000000000000000000000000000000000000000000000000000000000000000000003100000001   
TX 281643000000 55 697400000000000000000000000000000000000000000000000000000000000000000000000000000000000000000000000000000000000000000000000200000021   
RX 281643000000 55 419800000000000000000000000000000000000000000000000000000000000000000000000000000000000000000000000000000000000000000000003100000001   
RX 281646000000 55 5a3c00000000000000000000000000000000000000000000000000000000000000000000000000000000000000000000000000000000d90429000000002100000001   
RX 281649000000 55 b8f200000000000000000000000000000000000000000000000000000000000000000000000000000000000000000000000000000000000000000000001200000021   
RX 281653000000 55 697400000000000000000000000000000000000000000000000000000000000000000000000000000000000000000000000000000000000000000000000200000021   
TX 281654000000 55 697400000000000000000000000000000000000000000000000000000000000000000000000000000000000000000000000000000000000000000000000200000021   
RX 281655000000 55 697400000000000000000000000000000000000000000000000000000000000000000000000000000000000000000000000000000000000000000000000200000021   
RX 281659000000 55 697400000000000000000000000000000000000000000000000000000000000000000000000000000000000000000000000000000000000000000000000200000021   
RX 281661000000 55 697400000000000000000000000000000000000000000000000000000000000000000000000000000000000000000000000000000000000000000000000200000021   
TX 281664000000 55 697400000000000000000000000000000000000000000000000000000000000000000000000000000000000000000000000000000000000000000000000200000021   
RX 281666000000 55 697400000000000000000000000000000000000000000000000000000000000000000000000000000000000000000000000000000000000000000000000200000021   
RX 281668000000 55 697400000000000000000000000000000000000000000000000000000000000000000000000000000000000000000000000000000000000000000000000200000021   
RX 281672000000 55 697400000000000000000000000000000000000000000000000000000000000000000000000000000000000000000000000000000000000000000000000200000021   
RX 281674000000 55 697400000000000000000000000000000000000000000000000000000000000000000000000000000000000000000000000000000000000000000000000200000021   
TX 281676000000 55 697400000000000000000000000000000000000000000000000000000000000000000000000000000000000000000000000000000000000000000000000200000021   
RX 281678000000 55 697400000000000000000000000000000000000000000000000000000000000000000000000000000000000000000000000000000000000000000000000200000021   
RX 281681000000 55 697400000000000000000000000000000000000000000000000000000000000000000000000000000000000000000000000000000000000000000000000200000021   
RX 281685000000 55 697400000000000000000000000000000000000000000000000000000000000000000000000000000000000000000000000000000000000000000000000200000021   
TX 281686000000 55 697400000000000000000000000000000000000000000000000000000000000000000000000000000000000000000000000000000000000000000000000200000021   
RX 281687000000 55 697400000000000000000000000000000000000000000000000000000000000000000000000000000000000000000000000000000000000000000000000200000021   
RX 281691000000 55 697400000000000000000000000000000000000000000000000000000000000000000000000000000000000000000000000000000000000000000000000200000021   
RX 281693000000 55 697400000000000000000000000000000000000000000000000000000000000000000000000000000000000000000000000000000000000000000000000200000021   
TX 281696000000 55 697400000000000000000000000000000000000000000000000000000000000000000000000000000000000000000000000000000000000000000000000200000021   
RX 281698000000 55 697400000000000000000000000000000000000000000000000000000000000000000000000000000000000000000000000000000000000000000000000200000021   
RX 281700000000 55 697400000000000000000000000000000000000000000000000000000000000000000000000000000000000000000000000000000000000000000000000200000021   
RX 281704000000 55 697400000000000000000000000000000000000000000000000000000000000000000000000000000000000000000000000000000000000000000000000200000021   
RX 281706000000 55 697400000000000000000000000000000000000000000000000000000000000000000000000000000000000000000000000000000000000000000000000200000021   
TX 281708000000 55 697400000000000000000000000000000000000000000000000000000000000000000000000000000000000000000000000000000000000000000000000200000021   
RX 281710000000 55 697400000000000000000000000000000000000000000000000000000000000000000000000000000000000000000000000000000000000000000000000200000021   
RX 281712000000 55 697400000000000000000000000000000000000000000000000000000000000000000000000000000000000000000000000000000000000000000000000200000021   
TX 281713000000 55 a0ce00000000000000000000000000000000000000000000000000000000000000000000000000000000000000000000000000000000000000050000001000000005   
RX 281718000000 55 697400000000000000000000000000000000000000000000000000000000000000000000000000000000000000000000000000000000000000000000000200000021   
RX 281720000000 55 697400000000000000000000000000000000000000000000000000000000000000000000000000000000000000000000000000000000000000000000000200000021   
TX 281723000000 55 697400000000000000000000000000000000000000000000000000000000000000000000000000000000000000000000000000000000000000000000000200000021   
RX 281724000000 55 697400000000000000000000000000000000000000000000000000000000000000000000000000000000000000000000000000000000000000000000000200000021   
RX 281726000000 55 697400000000000000000000000000000000000000000000000000000000000000000000000000000000000000000000000000000000000000000000000200000021   
RX 281730000000 55 697400000000000000000000000000000000000000000000000000000000000000000000000000000000000000000000000000000000000000000000000200000021   
TX 281733000000 55 697400000000000000000000000000000000000000000000000000000000000000000000000000000000000000000000000000000000000000000000000200000021   
RX 281733000000 55 697400000000000000000000000000000000000000000000000000000000000000000000000000000000000000000000000000000000000000000000000200000021   
RX 281737000000 55 697400000000000000000000000000000000000000000000000000000000000000000000000000000000000000000000000000000000000000000000000200000021   
RX 281739000000 55 697400000000000000000000000000000000000000000000000000000000000000000000000000000000000000000000000000000000000000000000000200000021   
RX 281743000000 55 697400000000000000000000000000000000000000000000000000000000000000000000000000000000000000000000000000000000000000000000000200000021   
TX 281745000000 55 697400000000000000000000000000000000000000000000000000000000000000000000000000000000000000000000000000000000000000000000000200000021   
RX 281745000000 55 697400000000000000000000000000000000000000000000000000000000000000000000000000000000000000000000000000000000000000000000000200000021   
RX 281750000000 55 697400000000000000000000000000000000000000000000000000000000000000000000000000000000000000000000000000000000000000000000000200000021   
RX 281752000000 55 697400000000000000000000000000000000000000000000000000000000000000000000000000000000000000000000000000000000000000000000000200000021   
TX 281755000000 55 697400000000000000000000000000000000000000000000000000000000000000000000000000000000000000000000000000000000000000000000000200000021   
RX 281756000000 55 697400000000000000000000000000000000000000000000000000000000000000000000000000000000000000000000000000000000000000000000000200000021   
RX 281758000000 55 697400000000000000000000000000000000000000000000000000000000000000000000000000000000000000000000000000000000000000000000000200000021   
TX 281759000000 55 6f5000000000000000000000000000000000000000000000000000000000000000000000000000000000000000000000000000000000000000060000001000000005   
RX 281762000000 55 697400000000000000000000000000000000000000000000000000000000000000000000000000000000000000000000000000000000000000000000000200000021   
RX 281764000000 55 697400000000000000000000000000000000000000000000000000000000000000000000000000000000000000000000000000000000000000000000000200000021   
RX 281767000000 55 4a7500000000000000000000000000000000000000000000000000000000000000000000000000000000000000000000000000000000000000040000001000000005   
TX 281769000000 55 697400000000000000000000000000000000000000000000000000000000000000000000000000000000000000000000000000000000000000000000000200000021   
TX 281782000000 55 697400000000000000000000000000000000000000000000000000000000000000000000000000000000000000000000000000000000000000000000000200000021   
TX 281792000000 55 697400000000000000000000000000000000000000000000000000000000000000000000000000000000000000000000000000000000000000000000000200000021   
TX 281802000000 55 697400000000000000000000000000000000000000000000000000000000000000000000000000000000000000000000000000000000000000000000000200000021   
TX 281806000000 55 4a7500000000000000000000000000000000000000000000000000000000000000000000000000000000000000000000000000000000000000040000001000000005   
TX 281818000000 55 697400000000000000000000000000000000000000000000000000000000000000000000000000000000000000000000000000000000000000000000000200000021   
RX 281821000000 55 812400000000000000000000000000000000000000000000000000000000000000000000000000000000000000000000000000000000000000050000001000000001   
TX 281828000000 55 697400000000000000000000000000000000000000000000000000000000000000000000000000000000000000000000000000000000000000000000000200000021   
TX 281838000000 55 697400000000000000000000000000000000000000000000000000000000000000000000000000000000000000000000000000000000000000000000000200000021   
TX 281851000000 55 697400000000000000000000000000000000000000000000000000000000000000000000000000000000000000000000000000000000000000000000000200000021   
TX 281855000000 55 d500db2e61a61d8491dd22ed78f3fd295e78fbd71480db629de689d32ed77b886a4f1cdc3b8bb5b3f6e91da5039a9a2090ce4544b65e7e52fca2ca2d70f5000005b8   
TX 281859000000 55 65892a500d4bfc700be85d4e1ce631670d1c29db135074dbaaf8eda3f2ac94fb5d7ff2fd2a4ad0acbaffd97199cec230ed28946b625dde2fa29ad30ab249000000a0   
RX 281866000000 55 812400000000000000000000000000000000000000000000000000000000000000000000000000000000000000000000000000000000000000050000001000000001   
TX 281907000000 55 419800000000000000000000000000000000000000000000000000000000000000000000000000000000000000000000000000000000000000000000003100000001   
TX 281908000000 55 419800000000000000000000000000000000000000000000000000000000000000000000000000000000000000000000000000000000000000000000003100000001   
TX 281912000000 55 419800000000000000000000000000000000000000000000000000000000000000000000000000000000000000000000000000000000000000000000003100000001   
RX 281914000000 55 812400000000000000000000000000000000000000000000000000000000000000000000000000000000000000000000000000000000000000050000001000000001   
TX 281918000000 55 419800000000000000000000000000000000000000000000000000000000000000000000000000000000000000000000000000000000000000000000003100000001   
TX 281922000000 55 419800000000000000000000000000000000000000000000000000000000000000000000000000000000000000000000000000000000000000000000003100000001   
TX 281926000000 55 8ebc000000000000000000000000000000000000000000000000000000000000000000000000000000000000000000000000000000000000002c0000001100000001   
TX 281930000000 55 04f000000000000000000000000000000000000000000000000000000000000000000000000000000000000000000000000000000000000000020000001000000001   
TX 281936000000 55 c34100000000000000000000000000000000000000000000000000000000000000000000000000000000000000000000000000000000000000000000000100000001   
TX 281940000000 55 c34100000000000000000000000000000000000000000000000000000000000000000000000000000000000000000000000000000000000000000000000100000001   
TX 281944000000 55 c34100000000000000000000000000000000000000000000000000000000000000000000000000000000000000000000000000000000000000000000000100000001   
TX 281950000000 55 c34100000000000000000000000000000000000000000000000000000000000000000000000000000000000000000000000000000000000000000000000100000001   
TX 281954000000 55 c34100000000000000000000000000000000000000000000000000000000000000000000000000000000000000000000000000000000000000000000000100000001   
TX 281958000000 55 c34100000000000000000000000000000000000000000000000000000000000000000000000000000000000000000000000000000000000000000000000100000001   
RX 281960000000 55 812400000000000000000000000000000000000000000000000000000000000000000000000000000000000000000000000000000000000000050000001000000001   
TX 281962000000 55 c34100000000000000000000000000000000000000000000000000000000000000000000000000000000000000000000000000000000000000000000000100000001   
TX 281966000000 55 c34100000000000000000000000000000000000000000000000000000000000000000000000000000000000000000000000000000000000000000000000100000001   
TX 281971000000 55 c34100000000000000000000000000000000000000000000000000000000000000000000000000000000000000000000000000000000000000000000000100000001   
TX 281975000000 55 c34100000000000000000000000000000000000000000000000000000000000000000000000000000000000000000000000000000000000000000000000100000001   
TX 281979000000 55 c34100000000000000000000000000000000000000000000000000000000000000000000000000000000000000000000000000000000000000000000000100000001   
TX 281985000000 55 c34100000000000000000000000000000000000000000000000000000000000000000000000000000000000000000000000000000000000000000000000100000001   
TX 281989000000 55 c34100000000000000000000000000000000000000000000000000000000000000000000000000000000000000000000000000000000000000000000000100000001   
TX 281993000000 55 c34100000000000000000000000000000000000000000000000000000000000000000000000000000000000000000000000000000000000000000000000100000001   
TX 281997000000 55 c34100000000000000000000000000000000000000000000000000000000000000000000000000000000000000000000000000000000000000000000000100000001   
TX 282001000000 55 c34100000000000000000000000000000000000000000000000000000000000000000000000000000000000000000000000000000000000000000000000100000001   
TX 282005000000 55 c34100000000000000000000000000000000000000000000000000000000000000000000000000000000000000000000000000000000000000000000000100000001   
RX 282008000000 55 419800000000000000000000000000000000000000000000000000000000000000000000000000000000000000000000000000000000000000000000003100000001   
TX 282009000000 55 c34100000000000000000000000000000000000000000000000000000000000000000000000000000000000000000000000000000000000000000000000100000001   
RX 282010000000 55 419800000000000000000000000000000000000000000000000000000000000000000000000000000000000000000000000000000000000000000000003100000001   
RX 282012000000 55 419800000000000000000000000000000000000000000000000000000000000000000000000000000000000000000000000000000000000000000000003100000001   
TX 282013000000 55 c34100000000000000000000000000000000000000000000000000000000000000000000000000000000000000000000000000000000000000000000000100000001   
RX 282015000000 55 419800000000000000000000000000000000000000000000000000000000000000000000000000000000000000000000000000000000000000000000003100000001   
RX 282017000000 55 419800000000000000000000000000000000000000000000000000000000000000000000000000000000000000000000000000000000000000000000003100000001   
TX 282019000000 55 c34100000000000000000000000000000000000000000000000000000000000000000000000000000000000000000000000000000000000000000000000100000001   
RX 282019000000 55 8ed000000000000000000000000000000000000000000000000000000000000000000000000000000000000000000000000000000000fd2c2e000000002100000001   
RX 282021000000 55 812400000000000000000000000000000000000000000000000000000000000000000000000000000000000000000000000000000000000000050000001000000001   
TX 282023000000 55 c34100000000000000000000000000000000000000000000000000000000000000000000000000000000000000000000000000000000000000000000000100000001   
RX 282025000000 55 812400000000000000000000000000000000000000000000000000000000000000000000000000000000000000000000000000000000000000050000001000000001   
TX 282027000000 55 c34100000000000000000000000000000000000000000000000000000000000000000000000000000000000000000000000000000000000000000000000100000001   
TX 282031000000 55 c34100000000000000000000000000000000000000000000000000000000000000000000000000000000000000000000000000000000000000000000000100000001   
TX 282066000000 55 419800000000000000000000000000000000000000000000000000000000000000000000000000000000000000000000000000000000000000000000003100000001   
TX 282068000000 55 419800000000000000000000000000000000000000000000000000000000000000000000000000000000000000000000000000000000000000000000003100000001   
TX 282072000000 55 419800000000000000000000000000000000000000000000000000000000000000000000000000000000000000000000000000000000000000000000003100000001   
TX 282076000000 55 419800000000000000000000000000000000000000000000000000000000000000000000000000000000000000000000000000000000000000000000003100000001   
TX 282080000000 55 419800000000000000000000000000000000000000000000000000000000000000000000000000000000000000000000000000000000000000000000003100000001   
TX 282084000000 55 ab99000000000000000000000000000000000000000000000000000000000000000000000000000000000000000000000000000000000000002e0000001100000001   
TX 282090000000 55 04f000000000000000000000000000000000000000000000000000000000000000000000000000000000000000000000000000000000000000020000001000000001   
TX 282096000000 55 c34100000000000000000000000000000000000000000000000000000000000000000000000000000000000000000000000000000000000000000000000100000001   
TX 282101000000 55 c34100000000000000000000000000000000000000000000000000000000000000000000000000000000000000000000000000000000000000000000000100000001   
TX 282105000000 55 c34100000000000000000000000000000000000000000000000000000000000000000000000000000000000000000000000000000000000000000000000100000001   
TX 282109000000 55 c34100000000000000000000000000000000000000000000000000000000000000000000000000000000000000000000000000000000000000000000000100000001   
TX 282113000000 55 c34100000000000000000000000000000000000000000000000000000000000000000000000000000000000000000000000000000000000000000000000100000001   
TX 282117000000 55 c34100000000000000000000000000000000000000000000000000000000000000000000000000000000000000000000000000000000000000000000000100000001   
TX 282123000000 55 c34100000000000000000000000000000000000000000000000000000000000000000000000000000000000000000000000000000000000000000000000100000001   
TX 282127000000 55 c34100000000000000000000000000000000000000000000000000000000000000000000000000000000000000000000000000000000000000000000000100000001   
TX 282131000000 55 c34100000000000000000000000000000000000000000000000000000000000000000000000000000000000000000000000000000000000000000000000100000001   
TX 282135000000 55 c34100000000000000000000000000000000000000000000000000000000000000000000000000000000000000000000000000000000000000000000000100000001   
TX 282139000000 55 c34100000000000000000000000000000000000000000000000000000000000000000000000000000000000000000000000000000000000000000000000100000001   
TX 282143000000 55 c34100000000000000000000000000000000000000000000000000000000000000000000000000000000000000000000000000000000000000000000000100000001   
TX 282147000000 55 c34100000000000000000000000000000000000000000000000000000000000000000000000000000000000000000000000000000000000000000000000100000001   
TX 282151000000 55 c34100000000000000000000000000000000000000000000000000000000000000000000000000000000000000000000000000000000000000000000000100000001   
TX 282157000000 55 c34100000000000000000000000000000000000000000000000000000000000000000000000000000000000000000000000000000000000000000000000100000001   
TX 282161000000 55 c34100000000000000000000000000000000000000000000000000000000000000000000000000000000000000000000000000000000000000000000000100000001   
TX 282166000000 55 c34100000000000000000000000000000000000000000000000000000000000000000000000000000000000000000000000000000000000000000000000100000001   
RX 282167000000 55 419800000000000000000000000000000000000000000000000000000000000000000000000000000000000000000000000000000000000000000000003100000001   
TX 282170000000 55 c34100000000000000000000000000000000000000000000000000000000000000000000000000000000000000000000000000000000000000000000000100000001   
RX 282171000000 55 419800000000000000000000000000000000000000000000000000000000000000000000000000000000000000000000000000000000000000000000003100000001   
RX 282173000000 55 419800000000000000000000000000000000000000000000000000000000000000000000000000000000000000000000000000000000000000000000003100000001   
TX 282174000000 55 c34100000000000000000000000000000000000000000000000000000000000000000000000000000000000000000000000000000000000000000000000100000001   
RX 282175000000 55 419800000000000000000000000000000000000000000000000000000000000000000000000000000000000000000000000000000000000000000000003100000001   
RX 282177000000 55 419800000000000000000000000000000000000000000000000000000000000000000000000000000000000000000000000000000000000000000000003100000001   
TX 282178000000 55 c34100000000000000000000000000000000000000000000000000000000000000000000000000000000000000000000000000000000000000000000000100000001   
RX 282179000000 55 3b3600000000000000000000000000000000000000000000000000000000000000000000000000000000000000000000000000000000ff2e2e010000002100000001   
TX 282182000000 55 c34100000000000000000000000000000000000000000000000000000000000000000000000000000000000000000000000000000000000000000000000100000001   
TX 282186000000 55 c34100000000000000000000000000000000000000000000000000000000000000000000000000000000000000000000000000000000000000000000000100000001   
TX 282192000000 55 c34100000000000000000000000000000000000000000000000000000000000000000000000000000000000000000000000000000000000000000000000100000001   
RX 282207000000 55 04f000000000000000000000000000000000000000000000000000000000000000000000000000000000000000000000000000000000000000020000001000000001   
TX 282877000000 55 419800000000000000000000000000000000000000000000000000000000000000000000000000000000000000000000000000000000000000000000003100000001   
TX 282878000000 55 419800000000000000000000000000000000000000000000000000000000000000000000000000000000000000000000000000000000000000000000003100000001   
TX 282883000000 55 419800000000000000000000000000000000000000000000000000000000000000000000000000000000000000000000000000000000000000000000003100000001   
TX 282889000000 55 419800000000000000000000000000000000000000000000000000000000000000000000000000000000000000000000000000000000000000000000003100000001   
TX 282893000000 55 419800000000000000000000000000000000000000000000000000000000000000000000000000000000000000000000000000000000000000000000003100000001   
TX 282897000000 55 4122000000000000000000000000000000000000000000000000000000000000000000000000000000000000000000000000000000000000002f0000001100000001   
TX 282907000000 55 40e10000000000000000000000000000000000000000000000000000000000000000000000000000000000000000000000005a935fd30a3a10c05a425622c8000021   
TX 282917000000 55 697400000000000000000000000000000000000000000000000000000000000000000000000000000000000000000000000000000000000000000000000200000021   
TX 282929000000 55 697400000000000000000000000000000000000000000000000000000000000000000000000000000000000000000000000000000000000000000000000200000021   
TX 282939000000 55 697400000000000000000000000000000000000000000000000000000000000000000000000000000000000000000000000000000000000000000000000200000021   
TX 282943000000 55 c34100000000000000000000000000000000000000000000000000000000000000000000000000000000000000000000000000000000000000000000000100000001   
TX 282948000000 55 c34100000000000000000000000000000000000000000000000000000000000000000000000000000000000000000000000000000000000000000000000100000001   
TX 282952000000 55 c34100000000000000000000000000000000000000000000000000000000000000000000000000000000000000000000000000000000000000000000000100000001   
TX 282958000000 55 c34100000000000000000000000000000000000000000000000000000000000000000000000000000000000000000000000000000000000000000000000100000001   
TX 282962000000 55 c34100000000000000000000000000000000000000000000000000000000000000000000000000000000000000000000000000000000000000000000000100000001   
TX 282966000000 55 c34100000000000000000000000000000000000000000000000000000000000000000000000000000000000000000000000000000000000000000000000100000001   
TX 282970000000 55 c34100000000000000000000000000000000000000000000000000000000000000000000000000000000000000000000000000000000000000000000000100000001   
TX 282974000000 55 c34100000000000000000000000000000000000000000000000000000000000000000000000000000000000000000000000000000000000000000000000100000001   
TX 282978000000 55 c34100000000000000000000000000000000000000000000000000000000000000000000000000000000000000000000000000000000000000000000000100000001   
TX 282982000000 55 c34100000000000000000000000000000000000000000000000000000000000000000000000000000000000000000000000000000000000000000000000100000001   
TX 282986000000 55 c34100000000000000000000000000000000000000000000000000000000000000000000000000000000000000000000000000000000000000000000000100000001   
RX 282986000000 55 419800000000000000000000000000000000000000000000000000000000000000000000000000000000000000000000000000000000000000000000003100000001   
RX 282988000000 55 419800000000000000000000000000000000000000000000000000000000000000000000000000000000000000000000000000000000000000000000003100000001   
RX 282990000000 55 419800000000000000000000000000000000000000000000000000000000000000000000000000000000000000000000000000000000000000000000003100000001   
TX 282992000000 55 c34100000000000000000000000000000000000000000000000000000000000000000000000000000000000000000000000000000000000000000000000100000001   
RX 282992000000 55 419800000000000000000000000000000000000000000000000000000000000000000000000000000000000000000000000000000000000000000000003100000001   
RX 282994000000 55 419800000000000000000000000000000000000000000000000000000000000000000000000000000000000000000000000000000000000000000000003100000001   
TX 282996000000 55 c34100000000000000000000000000000000000000000000000000000000000000000000000000000000000000000000000000000000000000000000000100000001   
RX 282996000000 55 03d700000000000000000000000000000000000000000000000000000000000000000000000000000000000000000000000000000000fe2f2f000000002100000001   
TX 283000000000 55 c34100000000000000000000000000000000000000000000000000000000000000000000000000000000000000000000000000000000000000000000000100000001   
TX 283004000000 55 c34100000000000000000000000000000000000000000000000000000000000000000000000000000000000000000000000000000000000000000000000100000001   
TX 283008000000 55 c34100000000000000000000000000000000000000000000000000000000000000000000000000000000000000000000000000000000000000000000000100000001   
RX 283038000000 55 6b9f00000000000000000000000000000000000000000000000000000000000000000000000000000000000000000000000000000000000000040000001000000001   
TX 283079000000 55 419800000000000000000000000000000000000000000000000000000000000000000000000000000000000000000000000000000000000000000000003100000001   
TX 283080000000 55 419800000000000000000000000000000000000000000000000000000000000000000000000000000000000000000000000000000000000000000000003100000001   
TX 283084000000 55 419800000000000000000000000000000000000000000000000000000000000000000000000000000000000000000000000000000000000000000000003100000001   
TX 283088000000 55 419800000000000000000000000000000000000000000000000000000000000000000000000000000000000000000000000000000000000000000000003100000001   
TX 283094000000 55 419800000000000000000000000000000000000000000000000000000000000000000000000000000000000000000000000000000000000000000000003100000001   
TX 283098000000 55 891900000000000000000000000000000000000000000000000000000000000000000000000000000000000000000000000000000000000000300000001100000001   
TX 283102000000 55 04f000000000000000000000000000000000000000000000000000000000000000000000000000000000000000000000000000000000000000020000001000000001   
TX 283108000000 55 c34100000000000000000000000000000000000000000000000000000000000000000000000000000000000000000000000000000000000000000000000100000001   
TX 283112000000 55 c34100000000000000000000000000000000000000000000000000000000000000000000000000000000000000000000000000000000000000000000000100000001   
TX 283116000000 55 c34100000000000000000000000000000000000000000000000000000000000000000000000000000000000000000000000000000000000000000000000100000001   
TX 283120000000 55 c34100000000000000000000000000000000000000000000000000000000000000000000000000000000000000000000000000000000000000000000000100000001   
TX 283124000000 55 c34100000000000000000000000000000000000000000000000000000000000000000000000000000000000000000000000000000000000000000000000100000001   
TX 283130000000 55 c34100000000000000000000000000000000000000000000000000000000000000000000000000000000000000000000000000000000000000000000000100000001   
TX 283134000000 55 c34100000000000000000000000000000000000000000000000000000000000000000000000000000000000000000000000000000000000000000000000100000001   
TX 283138000000 55 c34100000000000000000000000000000000000000000000000000000000000000000000000000000000000000000000000000000000000000000000000100000001   
TX 283143000000 55 c34100000000000000000000000000000000000000000000000000000000000000000000000000000000000000000000000000000000000000000000000100000001   
TX 283147000000 55 c34100000000000000000000000000000000000000000000000000000000000000000000000000000000000000000000000000000000000000000000000100000001   
TX 283151000000 55 c34100000000000000000000000000000000000000000000000000000000000000000000000000000000000000000000000000000000000000000000000100000001   
TX 283155000000 55 c34100000000000000000000000000000000000000000000000000000000000000000000000000000000000000000000000000000000000000000000000100000001   
TX 283159000000 55 c34100000000000000000000000000000000000000000000000000000000000000000000000000000000000000000000000000000000000000000000000100000001   
TX 283165000000 55 c34100000000000000000000000000000000000000000000000000000000000000000000000000000000000000000000000000000000000000000000000100000001   
TX 283169000000 55 c34100000000000000000000000000000000000000000000000000000000000000000000000000000000000000000000000000000000000000000000000100000001   
TX 283173000000 55 c34100000000000000000000000000000000000000000000000000000000000000000000000000000000000000000000000000000000000000000000000100000001   
TX 283177000000 55 c34100000000000000000000000000000000000000000000000000000000000000000000000000000000000000000000000000000000000000000000000100000001   
RX 283180000000 55 419800000000000000000000000000000000000000000000000000000000000000000000000000000000000000000000000000000000000000000000003100000001   
TX 283181000000 55 c34100000000000000000000000000000000000000000000000000000000000000000000000000000000000000000000000000000000000000000000000100000001   
RX 283182000000 55 419800000000000000000000000000000000000000000000000000000000000000000000000000000000000000000000000000000000000000000000003100000001   
RX 283184000000 55 419800000000000000000000000000000000000000000000000000000000000000000000000000000000000000000000000000000000000000000000003100000001   
TX 283185000000 55 c34100000000000000000000000000000000000000000000000000000000000000000000000000000000000000000000000000000000000000000000000100000001   
RX 283186000000 55 419800000000000000000000000000000000000000000000000000000000000000000000000000000000000000000000000000000000000000000000003100000001   
TX 283189000000 55 c34100000000000000000000000000000000000000000000000000000000000000000000000000000000000000000000000000000000000000000000000100000001   
RX 283189000000 55 419800000000000000000000000000000000000000000000000000000000000000000000000000000000000000000000000000000000000000000000003100000001   
RX 283191000000 55 d10e00000000000000000000000000000000000000000000000000000000000000000000000000000000000000000000000000000000ff3030010000002100000001   
TX 283193000000 55 c34100000000000000000000000000000000000000000000000000000000000000000000000000000000000000000000000000000000000000000000000100000001   
TX 283199000000 55 c34100000000000000000000000000000000000000000000000000000000000000000000000000000000000000000000000000000000000000000000000100000001   
TX 283203000000 55 c34100000000000000000000000000000000000000000000000000000000000000000000000000000000000000000000000000000000000000000000000100000001   
