address=   0 RD-data= 10017cd
address= 100 RD-data= 15020001
address= 104 RD-data= 0
address= 108 RD-data= 30400000
address= 104 RD-data= 0
address= 150 RD-data= 16010003
address= 154 RD-data= 0
address= 158 RD-data= 0
address= 154 RD-data= 0
address= 160 RD-data= 1b810004
address= 164 RD-data= 0
address= 168 RD-data= 0
address= 164 RD-data= 0
address= 1b8 RD-data= 1c010018
address= 1bc RD-data= 0
address= 1c0 RD-data= 30010016
address= 1bc RD-data= 0
address= 1c0 RD-data= 30010016
address= 1c4 RD-data= 8100007
address= 1c8 RD-data= 0
address= 1c4 RD-data= 8100007
address= 300 RD-data= 40010019
address= 304 RD-data= 0
address= 308 RD-data= 0
address= 304 RD-data= 0
address= 400 RD-data= 4401000b
address= 404 RD-data= 1010001
address= 408 RD-data= 0
address= 404 RD-data= 1010001
address= 440 RD-data= 4c01001b
address= 444 RD-data= 1406
address= 448 RD-data= 0
address= 444 RD-data= 1406
address= 4c0 RD-data= 5c010002
address= 4c4 RD-data= 0
address= 4c8 RD-data= 0
address= 4c4 RD-data= 0
address= 5c0 RD-data= 6401000f
address= 5c4 RD-data= 61
address= 5c8 RD-data= 0
address= 5c4 RD-data= 61
address= 640 RD-data= 90010013
address= 644 RD-data= 81000000
address= 648 RD-data= 1
address= 644 RD-data= 81000000
address= 900 RD-data= 9101001e
address= 904 RD-data= 28001f
address= 908 RD-data= 0
address= 904 RD-data= 28001f
address= 910 RD-data= 92010025
address= 914 RD-data= 80000001
address= 918 RD-data= 80000000
address= 914 RD-data= 80000001
address= 920 RD-data= 9c010027
address= 924 RD-data= 1
address= 928 RD-data= 9c38
address= 924 RD-data= 1
address= 9c0 RD-data= a4010026
address= 9c4 RD-data= 0
address= 9c8 RD-data= 0
address= 9c4 RD-data= 0
address= a40 RD-data= a201002a
address= a44 RD-data= 501
address= a48 RD-data= 0
address= a44 RD-data= 501
address= a20 RD-data= a701001f
address= a24 RD-data= 11
address= a28 RD-data= 0
address= a24 RD-data= 11
address= a70 RD-data= a901002b
address= a74 RD-data= 102
address= a78 RD-data= 101
address= a74 RD-data= 102
address= a90 RD-data= b701002f
address= a94 RD-data= 2
address= a98 RD-data= 8
address= a94 RD-data= 2
address= b70 RD-data= de010030
address= b74 RD-data= 100f3
address= b78 RD-data= 0
address= b74 RD-data= 100f3
address= de0 RD-data= e001002e
address= de4 RD-data= 1
address= de8 RD-data= 0
address= de4 RD-data= 1
address= e00 RD-data= e4010023
address= e04 RD-data= 3811e98
address= e08 RD-data= c05f0000
address= e04 RD-data= 3811e98
address= e08 RD-data= c05f0000
address= e40 RD-data= e6010023
address= e44 RD-data= 1411e98
address= e48 RD-data= 270007
address= e44 RD-data= 1411e98
address= e48 RD-data= 270007
address= e4c RD-data= 270027
address=   c RD-data= 0
address=   c RD-data= 0
address= 100 RD-data= 15020001
address= 104 RD-data= 0
address= 108 RD-data= 30400000
address= 104 RD-data= 0
address= 150 RD-data= 16010003
address= 154 RD-data= 0
address= 158 RD-data= 0
address= 154 RD-data= 0
address= 160 RD-data= 1b810004
address= 164 RD-data= 0
address= 168 RD-data= 0
address= 164 RD-data= 0
address= 1b8 RD-data= 1c010018
address= 1bc RD-data= 0
address= 1c0 RD-data= 30010016
address= 1bc RD-data= 0
address= 1c0 RD-data= 30010016
address= 1c4 RD-data= 8100007
address= 1c8 RD-data= 0
address= 1c4 RD-data= 8100007
address= 300 RD-data= 40010019
address= 304 RD-data= 0
address= 308 RD-data= 0
address= 304 RD-data= 0
address= 400 RD-data= 4401000b
address= 404 RD-data= 1010001
address= 408 RD-data= 0
address= 404 RD-data= 1010001
address= 440 RD-data= 4c01001b
address= 444 RD-data= 1406
address= 448 RD-data= 0
address= 444 RD-data= 1406
address= 4c0 RD-data= 5c010002
address= 4c4 RD-data= 0
address= 4c8 RD-data= 0
address= 4c4 RD-data= 0
address= 5c0 RD-data= 6401000f
address= 5c4 RD-data= 61
address= 5c8 RD-data= 0
address= 5c4 RD-data= 61
address= 640 RD-data= 90010013
address= 644 RD-data= 81000000
address= 648 RD-data= 1
address= 644 RD-data= 81000000
address= 900 RD-data= 9101001e
address= 904 RD-data= 28001f
address= 908 RD-data= 0
address= 904 RD-data= 28001f
address= 910 RD-data= 92010025
address= 914 RD-data= 80000001
address= 918 RD-data= 80000000
address= 914 RD-data= 80000001
address= 920 RD-data= 9c010027
address= 924 RD-data= 1
address= 928 RD-data= 9c38
address= 924 RD-data= 1
address= 9c0 RD-data= a4010026
address= 9c4 RD-data= 0
address= 9c8 RD-data= 0
address= 9c4 RD-data= 0
address= a40 RD-data= a201002a
address= a44 RD-data= 501
address= a48 RD-data= 0
address= a44 RD-data= 501
address= a20 RD-data= a701001f
address= a24 RD-data= 11
address= a28 RD-data= 0
address= a24 RD-data= 11
address= a70 RD-data= a901002b
address= a74 RD-data= 102
address= a78 RD-data= 101
address= a74 RD-data= 102
address= a90 RD-data= b701002f
address= a94 RD-data= 2
address= a98 RD-data= 8
address= a94 RD-data= 2
address= b70 RD-data= de010030
address= b74 RD-data= 100f3
address= b78 RD-data= 0
address= b74 RD-data= 100f3
address= de0 RD-data= e001002e
address= de4 RD-data= 1
address= de8 RD-data= 0
address= de4 RD-data= 1
address= e00 RD-data= e4010023
address= e04 RD-data= 3811e98
address= e08 RD-data= c05f0000
address= e04 RD-data= 3811e98
address= e08 RD-data= c05f0000
address= e40 RD-data= e6010023
address= e44 RD-data= 1411e98
address= e48 RD-data= 270007
address= e44 RD-data= 1411e98
address= e48 RD-data= 270007
address= e60 RD-data= 10023
address= e64 RD-data= 2401e98
address= e68 RD-data= 8
address= e64 RD-data= 2401e98
address= e68 RD-data= 8
address= 100 RD-data= 15020001
address= 104 RD-data= 0
address= 108 RD-data= 30400000
address= 104 RD-data= 0
address= 150 RD-data= 16010003
address= 154 RD-data= 0
address= 158 RD-data= 0
address= 154 RD-data= 0
address= 160 RD-data= 1b810004
address= 164 RD-data= 0
address= 168 RD-data= 0
address= 164 RD-data= 0
address= 1b8 RD-data= 1c010018
address= 1bc RD-data= 0
address= 1c0 RD-data= 30010016
address= 1bc RD-data= 0
address= 1c0 RD-data= 30010016
address= 1c4 RD-data= 8100007
address= 1c8 RD-data= 0
address= 1c4 RD-data= 8100007
address= 300 RD-data= 40010019
address= 304 RD-data= 0
address= 308 RD-data= 0
address= 304 RD-data= 0
address= 400 RD-data= 4401000b
address= 404 RD-data= 1010001
address= 408 RD-data= 0
address= 404 RD-data= 1010001
address= 440 RD-data= 4c01001b
address= 444 RD-data= 1406
address= 448 RD-data= 0
address= 444 RD-data= 1406
address= 4c0 RD-data= 5c010002
address= 4c4 RD-data= 0
address= 4c8 RD-data= 0
address= 4c4 RD-data= 0
address= 5c0 RD-data= 6401000f
address= 5c4 RD-data= 61
address= 5c8 RD-data= 0
address= 5c4 RD-data= 61
address= 640 RD-data= 90010013
address= 644 RD-data= 81000000
address= 648 RD-data= 1
address= 644 RD-data= 81000000
address= 900 RD-data= 9101001e
address= 904 RD-data= 28001f
address= 908 RD-data= 0
address= 904 RD-data= 28001f
address= 910 RD-data= 92010025
address= 914 RD-data= 80000001
address= 918 RD-data= 80000000
address= 914 RD-data= 80000001
address= 920 RD-data= 9c010027
address= 924 RD-data= 1
address= 928 RD-data= 9c38
address= 924 RD-data= 1
address= 9c0 RD-data= a4010026
address= 9c4 RD-data= 0
address= 9c8 RD-data= 0
address= 9c4 RD-data= 0
address= a40 RD-data= a201002a
address= a44 RD-data= 501
address= a48 RD-data= 0
address= a44 RD-data= 501
address= a20 RD-data= a701001f
address= a24 RD-data= 11
address= a28 RD-data= 0
address= a24 RD-data= 11
address= a70 RD-data= a901002b
address= a74 RD-data= 102
address= a78 RD-data= 101
address= a74 RD-data= 102
address= a90 RD-data= b701002f
address= a94 RD-data= 2
address= a98 RD-data= 8
address= a94 RD-data= 2
address= b70 RD-data= de010030
address= b74 RD-data= 100f3
address= b78 RD-data= 0
address= b74 RD-data= 100f3
address= de0 RD-data= e001002e
address= de4 RD-data= 1
address= de8 RD-data= 0
address= de4 RD-data= 1
address= e00 RD-data= e4010023
address= e04 RD-data= 3811e98
address= e08 RD-data= c05f0000
address= e04 RD-data= 3811e98
address= e08 RD-data= c05f0000
address= e40 RD-data= e6010023
address= e44 RD-data= 1411e98
address= e48 RD-data= 270007
address= e44 RD-data= 1411e98
address= e48 RD-data= 270007
address= e60 RD-data= 10023
address= e64 RD-data= 2401e98
address= e68 RD-data= 8
address= e64 RD-data= 2401e98
address= e68 RD-data= 8
address= e6c RD-data= 10100
address= e74 RD-data= 0
address= e7c RD-data= 0
address=   c RD-data= 0
address=  10 WR-data= ffffffff
address=  10 RD-data= fff00008
address=   0 RD-data= 10017cd
address= 100 RD-data= 15020001
address= 104 RD-data= 0
address= 108 RD-data= 30400000
address= 104 RD-data= 0
address= 150 RD-data= 16010003
address= 154 RD-data= 0
address= 158 RD-data= 0
address= 154 RD-data= 0
address= 160 RD-data= 1b810004
address= 164 RD-data= 0
address= 168 RD-data= 0
address= 164 RD-data= 0
address= 1b8 RD-data= 1c010018
address= 1bc RD-data= 0
address= 1c0 RD-data= 30010016
address= 1bc RD-data= 0
address= 1c0 RD-data= 30010016
address= 1c4 RD-data= 8100007
address= 1c8 RD-data= 0
address= 1c4 RD-data= 8100007
address= 300 RD-data= 40010019
address= 304 RD-data= 0
address= 308 RD-data= 0
address= 304 RD-data= 0
address= 400 RD-data= 4401000b
address= 404 RD-data= 1010001
address= 408 RD-data= 0
address= 404 RD-data= 1010001
address= 440 RD-data= 4c01001b
address= 444 RD-data= 1406
address= 448 RD-data= 0
address= 444 RD-data= 1406
address= 4c0 RD-data= 5c010002
address= 4c4 RD-data= 0
address= 4c8 RD-data= 0
address= 4c4 RD-data= 0
address= 5c0 RD-data= 6401000f
address= 5c4 RD-data= 61
address= 5c8 RD-data= 0
address= 5c4 RD-data= 61
address= 640 RD-data= 90010013
address= 644 RD-data= 81000000
address= 648 RD-data= 1
address= 644 RD-data= 81000000
address= 900 RD-data= 9101001e
address= 904 RD-data= 28001f
address= 908 RD-data= 0
address= 904 RD-data= 28001f
address= 910 RD-data= 92010025
address= 914 RD-data= 80000001
address= 918 RD-data= 80000000
address= 914 RD-data= 80000001
address= 920 RD-data= 9c010027
address= 924 RD-data= 1
address= 928 RD-data= 9c38
address= 924 RD-data= 1
address= 9c0 RD-data= a4010026
address= 9c4 RD-data= 0
address= 9c8 RD-data= 0
address= 9c4 RD-data= 0
address= a40 RD-data= a201002a
address= a44 RD-data= 501
address= a48 RD-data= 0
address= a44 RD-data= 501
address= a20 RD-data= a701001f
address= a24 RD-data= 11
address= a28 RD-data= 0
address= a24 RD-data= 11
address= a70 RD-data= a901002b
address= a74 RD-data= 102
address= a78 RD-data= 101
address= a74 RD-data= 102
address= a90 RD-data= b701002f
address= a94 RD-data= 2
address= a98 RD-data= 8
address= a94 RD-data= 2
address= b70 RD-data= de010030
address= b74 RD-data= 100f3
address= b78 RD-data= 0
address= b74 RD-data= 100f3
address= de0 RD-data= e001002e
address= de4 RD-data= 1
address= de8 RD-data= 0
address= de4 RD-data= 1
address= e00 RD-data= e4010023
address= e04 RD-data= 3811e98
address= e08 RD-data= c05f0000
address= e04 RD-data= 3811e98
address= e08 RD-data= c05f0000
address= e40 RD-data= e6010023
address= e44 RD-data= 1411e98
address= e48 RD-data= 270007
address= e44 RD-data= 1411e98
address= e48 RD-data= 270007
address= e4c RD-data= 270027
address=   c RD-data= 0
address=   c RD-data= 0
address= 100 RD-data= 15020001
address= 104 RD-data= 0
address= 108 RD-data= 30400000
address= 104 RD-data= 0
address= 150 RD-data= 16010003
address= 154 RD-data= 0
address= 158 RD-data= 0
address= 154 RD-data= 0
address= 160 RD-data= 1b810004
address= 164 RD-data= 0
address= 168 RD-data= 0
address= 164 RD-data= 0
address= 1b8 RD-data= 1c010018
address= 1bc RD-data= 0
address= 1c0 RD-data= 30010016
address= 1bc RD-data= 0
address= 1c0 RD-data= 30010016
address= 1c4 RD-data= 8100007
address= 1c8 RD-data= 0
address= 1c4 RD-data= 8100007
address= 300 RD-data= 40010019
address= 304 RD-data= 0
address= 308 RD-data= 0
address= 304 RD-data= 0
address= 400 RD-data= 4401000b
address= 404 RD-data= 1010001
address= 408 RD-data= 0
address= 404 RD-data= 1010001
address= 440 RD-data= 4c01001b
address= 444 RD-data= 1406
address= 448 RD-data= 0
address= 444 RD-data= 1406
address= 4c0 RD-data= 5c010002
address= 4c4 RD-data= 0
address= 4c8 RD-data= 0
address= 4c4 RD-data= 0
address= 5c0 RD-data= 6401000f
address= 5c4 RD-data= 61
address= 5c8 RD-data= 0
address= 5c4 RD-data= 61
address= 640 RD-data= 90010013
address= 644 RD-data= 81000000
address= 648 RD-data= 1
address= 644 RD-data= 81000000
address= 900 RD-data= 9101001e
address= 904 RD-data= 28001f
address= 908 RD-data= 0
address= 904 RD-data= 28001f
address= 910 RD-data= 92010025
address= 914 RD-data= 80000001
address= 918 RD-data= 80000000
address= 914 RD-data= 80000001
address= 920 RD-data= 9c010027
address= 924 RD-data= 1
address= 928 RD-data= 9c38
address= 924 RD-data= 1
address= 9c0 RD-data= a4010026
address= 9c4 RD-data= 0
address= 9c8 RD-data= 0
address= 9c4 RD-data= 0
address= a40 RD-data= a201002a
address= a44 RD-data= 501
address= a48 RD-data= 0
address= a44 RD-data= 501
address= a20 RD-data= a701001f
address= a24 RD-data= 11
address= a28 RD-data= 0
address= a24 RD-data= 11
address= a70 RD-data= a901002b
address= a74 RD-data= 102
address= a78 RD-data= 101
address= a74 RD-data= 102
address= a90 RD-data= b701002f
address= a94 RD-data= 2
address= a98 RD-data= 8
address= a94 RD-data= 2
address= b70 RD-data= de010030
address= b74 RD-data= 100f3
address= b78 RD-data= 0
address= b74 RD-data= 100f3
address= de0 RD-data= e001002e
address= de4 RD-data= 1
address= de8 RD-data= 0
address= de4 RD-data= 1
address= e00 RD-data= e4010023
address= e04 RD-data= 3811e98
address= e08 RD-data= c05f0000
address= e04 RD-data= 3811e98
address= e08 RD-data= c05f0000
address= e40 RD-data= e6010023
address= e44 RD-data= 1411e98
address= e48 RD-data= 270007
address= e44 RD-data= 1411e98
address= e48 RD-data= 270007
address= e60 RD-data= 10023
address= e64 RD-data= 2401e98
address= e68 RD-data= 8
address= e64 RD-data= 2401e98
address= e68 RD-data= 8
address= 100 RD-data= 15020001
address= 104 RD-data= 0
address= 108 RD-data= 30400000
address= 104 RD-data= 0
address= 150 RD-data= 16010003
address= 154 RD-data= 0
address= 158 RD-data= 0
address= 154 RD-data= 0
address= 160 RD-data= 1b810004
address= 164 RD-data= 0
address= 168 RD-data= 0
address= 164 RD-data= 0
address= 1b8 RD-data= 1c010018
address= 1bc RD-data= 0
address= 1c0 RD-data= 30010016
address= 1bc RD-data= 0
address= 1c0 RD-data= 30010016
address= 1c4 RD-data= 8100007
address= 1c8 RD-data= 0
address= 1c4 RD-data= 8100007
address= 300 RD-data= 40010019
address= 304 RD-data= 0
address= 308 RD-data= 0
address= 304 RD-data= 0
address= 400 RD-data= 4401000b
address= 404 RD-data= 1010001
address= 408 RD-data= 0
address= 404 RD-data= 1010001
address= 440 RD-data= 4c01001b
address= 444 RD-data= 1406
address= 448 RD-data= 0
address= 444 RD-data= 1406
address= 4c0 RD-data= 5c010002
address= 4c4 RD-data= 0
address= 4c8 RD-data= 0
address= 4c4 RD-data= 0
address= 5c0 RD-data= 6401000f
address= 5c4 RD-data= 61
address= 5c8 RD-data= 0
address= 5c4 RD-data= 61
address= 640 RD-data= 90010013
address= 644 RD-data= 81000000
address= 648 RD-data= 1
address= 644 RD-data= 81000000
address= 900 RD-data= 9101001e
address= 904 RD-data= 28001f
address= 908 RD-data= 0
address= 904 RD-data= 28001f
address= 910 RD-data= 92010025
address= 914 RD-data= 80000001
address= 918 RD-data= 80000000
address= 914 RD-data= 80000001
address= 920 RD-data= 9c010027
address= 924 RD-data= 1
address= 928 RD-data= 9c38
address= 924 RD-data= 1
address= 9c0 RD-data= a4010026
address= 9c4 RD-data= 0
address= 9c8 RD-data= 0
address= 9c4 RD-data= 0
address= a40 RD-data= a201002a
address= a44 RD-data= 501
address= a48 RD-data= 0
address= a44 RD-data= 501
address= a20 RD-data= a701001f
address= a24 RD-data= 11
address= a28 RD-data= 0
address= a24 RD-data= 11
address= a70 RD-data= a901002b
address= a74 RD-data= 102
address= a78 RD-data= 101
address= a74 RD-data= 102
address= a90 RD-data= b701002f
address= a94 RD-data= 2
address= a98 RD-data= 8
address= a94 RD-data= 2
address= b70 RD-data= de010030
address= b74 RD-data= 100f3
address= b78 RD-data= 0
address= b74 RD-data= 100f3
address= de0 RD-data= e001002e
address= de4 RD-data= 1
address= de8 RD-data= 0
address= de4 RD-data= 1
address= e00 RD-data= e4010023
address= e04 RD-data= 3811e98
address= e08 RD-data= c05f0000
address= e04 RD-data= 3811e98
address= e08 RD-data= c05f0000
address= e40 RD-data= e6010023
address= e44 RD-data= 1411e98
address= e48 RD-data= 270007
address= e44 RD-data= 1411e98
address= e48 RD-data= 270007
address= e60 RD-data= 10023
address= e64 RD-data= 2401e98
address= e68 RD-data= 8
address= e64 RD-data= 2401e98
address= e68 RD-data= 8
address= e6c RD-data= 10100
address= e74 RD-data= 0
address= e7c RD-data= 0
address=   c RD-data= 0
address=  10 WR-data= ffffffff
address=  10 RD-data= fff00008
address=   0 RD-data= 10017cd
address= 100 RD-data= 15020001
address= 104 RD-data= 0
address= 108 RD-data= 30400000
address= 104 RD-data= 0
address= 150 RD-data= 16010003
address= 154 RD-data= 0
address= 158 RD-data= 0
address= 154 RD-data= 0
address= 160 RD-data= 1b810004
address= 164 RD-data= 0
address= 168 RD-data= 0
address= 164 RD-data= 0
address= 1b8 RD-data= 1c010018
address= 1bc RD-data= 0
address= 1c0 RD-data= 30010016
address= 1bc RD-data= 0
address= 1c0 RD-data= 30010016
address= 1c4 RD-data= 8100007
address= 1c8 RD-data= 0
address= 1c4 RD-data= 8100007
address= 300 RD-data= 40010019
address= 304 RD-data= 0
address= 308 RD-data= 0
address= 304 RD-data= 0
address= 400 RD-data= 4401000b
address= 404 RD-data= 1010001
address= 408 RD-data= 0
address= 404 RD-data= 1010001
address= 440 RD-data= 4c01001b
address= 444 RD-data= 1406
address= 448 RD-data= 0
address= 444 RD-data= 1406
address= 4c0 RD-data= 5c010002
address= 4c4 RD-data= 0
address= 4c8 RD-data= 0
address= 4c4 RD-data= 0
address= 5c0 RD-data= 6401000f
address= 5c4 RD-data= 61
address= 5c8 RD-data= 0
address= 5c4 RD-data= 61
address= 640 RD-data= 90010013
address= 644 RD-data= 81000000
address= 648 RD-data= 1
address= 644 RD-data= 81000000
address= 900 RD-data= 9101001e
address= 904 RD-data= 28001f
address= 908 RD-data= 0
address= 904 RD-data= 28001f
address= 910 RD-data= 92010025
address= 914 RD-data= 80000001
address= 918 RD-data= 80000000
address= 914 RD-data= 80000001
address= 920 RD-data= 9c010027
address= 924 RD-data= 1
address= 928 RD-data= 9c38
address= 924 RD-data= 1
address= 9c0 RD-data= a4010026
address= 9c4 RD-data= 0
address= 9c8 RD-data= 0
address= 9c4 RD-data= 0
address= a40 RD-data= a201002a
address= a44 RD-data= 501
address= a48 RD-data= 0
address= a44 RD-data= 501
address= a20 RD-data= a701001f
address= a24 RD-data= 11
address= a28 RD-data= 0
address= a24 RD-data= 11
address= a70 RD-data= a901002b
address= a74 RD-data= 102
address= a78 RD-data= 101
address= a74 RD-data= 102
address= a90 RD-data= b701002f
address= a94 RD-data= 2
address= a98 RD-data= 8
address= a94 RD-data= 2
address= b70 RD-data= de010030
address= b74 RD-data= 100f3
address= b78 RD-data= 0
address= b74 RD-data= 100f3
address= de0 RD-data= e001002e
address= de4 RD-data= 1
address= de8 RD-data= 0
address= de4 RD-data= 1
address= e00 RD-data= e4010023
address= e04 RD-data= 3811e98
address= e08 RD-data= c05f0000
address= e04 RD-data= 3811e98
address= e08 RD-data= c05f0000
address= e40 RD-data= e6010023
address= e44 RD-data= 1411e98
address= e48 RD-data= 270007
address= e44 RD-data= 1411e98
address= e48 RD-data= 270007
address= e4c RD-data= 270027
address=   c RD-data= 0
address=   c RD-data= 0
address= 100 RD-data= 15020001
address= 104 RD-data= 0
address= 108 RD-data= 30400000
address= 104 RD-data= 0
address= 150 RD-data= 16010003
address= 154 RD-data= 0
address= 158 RD-data= 0
address= 154 RD-data= 0
address= 160 RD-data= 1b810004
address= 164 RD-data= 0
address= 168 RD-data= 0
address= 164 RD-data= 0
address= 1b8 RD-data= 1c010018
address= 1bc RD-data= 0
address= 1c0 RD-data= 30010016
address= 1bc RD-data= 0
address= 1c0 RD-data= 30010016
address= 1c4 RD-data= 8100007
address= 1c8 RD-data= 0
address= 1c4 RD-data= 8100007
address= 300 RD-data= 40010019
address= 304 RD-data= 0
address= 308 RD-data= 0
address= 304 RD-data= 0
address= 400 RD-data= 4401000b
address= 404 RD-data= 1010001
address= 408 RD-data= 0
address= 404 RD-data= 1010001
address= 440 RD-data= 4c01001b
address= 444 RD-data= 1406
address= 448 RD-data= 0
address= 444 RD-data= 1406
address= 4c0 RD-data= 5c010002
address= 4c4 RD-data= 0
address= 4c8 RD-data= 0
address= 4c4 RD-data= 0
address= 5c0 RD-data= 6401000f
address= 5c4 RD-data= 61
address= 5c8 RD-data= 0
address= 5c4 RD-data= 61
address= 640 RD-data= 90010013
address= 644 RD-data= 81000000
address= 648 RD-data= 1
address= 644 RD-data= 81000000
address= 900 RD-data= 9101001e
address= 904 RD-data= 28001f
address= 908 RD-data= 0
address= 904 RD-data= 28001f
address= 910 RD-data= 92010025
address= 914 RD-data= 80000001
address= 918 RD-data= 80000000
address= 914 RD-data= 80000001
address= 920 RD-data= 9c010027
address= 924 RD-data= 1
address= 928 RD-data= 9c38
address= 924 RD-data= 1
address= 9c0 RD-data= a4010026
address= 9c4 RD-data= 0
address= 9c8 RD-data= 0
address= 9c4 RD-data= 0
address= a40 RD-data= a201002a
address= a44 RD-data= 501
address= a48 RD-data= 0
address= a44 RD-data= 501
address= a20 RD-data= a701001f
address= a24 RD-data= 11
address= a28 RD-data= 0
address= a24 RD-data= 11
address= a70 RD-data= a901002b
address= a74 RD-data= 102
address= a78 RD-data= 101
address= a74 RD-data= 102
address= a90 RD-data= b701002f
address= a94 RD-data= 2
address= a98 RD-data= 8
address= a94 RD-data= 2
address= b70 RD-data= de010030
address= b74 RD-data= 100f3
address= b78 RD-data= 0
address= b74 RD-data= 100f3
address= de0 RD-data= e001002e
address= de4 RD-data= 1
address= de8 RD-data= 0
address= de4 RD-data= 1
address= e00 RD-data= e4010023
address= e04 RD-data= 3811e98
address= e08 RD-data= c05f0000
address= e04 RD-data= 3811e98
address= e08 RD-data= c05f0000
address= e40 RD-data= e6010023
address= e44 RD-data= 1411e98
address= e48 RD-data= 270007
address= e44 RD-data= 1411e98
address= e48 RD-data= 270007
address= e60 RD-data= 10023
address= e64 RD-data= 2401e98
address= e68 RD-data= 8
address= e64 RD-data= 2401e98
address= e68 RD-data= 8
address=   c RD-data= 0
address= 100 RD-data= 15020001
address= 104 RD-data= 0
address= 108 RD-data= 30400000
address= 104 RD-data= 0
address= 150 RD-data= 16010003
address= 154 RD-data= 0
address= 158 RD-data= 0
address= 154 RD-data= 0
address= 160 RD-data= 1b810004
address= 164 RD-data= 0
address= 168 RD-data= 0
address= 164 RD-data= 0
address= 1b8 RD-data= 1c010018
address= 1bc RD-data= 0
address= 1c0 RD-data= 30010016
address= 1bc RD-data= 0
address= 1c0 RD-data= 30010016
address= 1c4 RD-data= 8100007
address= 1c8 RD-data= 0
address= 1c4 RD-data= 8100007
address= 300 RD-data= 40010019
address= 304 RD-data= 0
address= 308 RD-data= 0
address= 304 RD-data= 0
address= 400 RD-data= 4401000b
address= 404 RD-data= 1010001
address= 408 RD-data= 0
address= 404 RD-data= 1010001
address= 440 RD-data= 4c01001b
address= 444 RD-data= 1406
address= 448 RD-data= 0
address= 444 RD-data= 1406
address= 4c0 RD-data= 5c010002
address= 4c4 RD-data= 0
address= 4c8 RD-data= 0
address= 4c4 RD-data= 0
address= 5c0 RD-data= 6401000f
address= 5c4 RD-data= 61
address= 5c8 RD-data= 0
address= 5c4 RD-data= 61
address= 640 RD-data= 90010013
address= 644 RD-data= 81000000
address= 648 RD-data= 1
address= 644 RD-data= 81000000
address= 900 RD-data= 9101001e
address= 904 RD-data= 28001f
address= 908 RD-data= 0
address= 904 RD-data= 28001f
address= 910 RD-data= 92010025
address= 914 RD-data= 80000001
address= 918 RD-data= 80000000
address= 914 RD-data= 80000001
address= 920 RD-data= 9c010027
address= 924 RD-data= 1
address= 928 RD-data= 9c38
address= 924 RD-data= 1
address= 9c0 RD-data= a4010026
address= 9c4 RD-data= 0
address= 9c8 RD-data= 0
address= 9c4 RD-data= 0
address= a40 RD-data= a201002a
address= a44 RD-data= 501
address= a48 RD-data= 0
address= a44 RD-data= 501
address= a20 RD-data= a701001f
address= a24 RD-data= 11
address= a28 RD-data= 0
address= a24 RD-data= 11
address= a70 RD-data= a901002b
address= a74 RD-data= 102
address= a78 RD-data= 101
address= a74 RD-data= 102
address= a90 RD-data= b701002f
address= a94 RD-data= 2
address= a98 RD-data= 8
address= a94 RD-data= 2
address= b70 RD-data= de010030
address= b74 RD-data= 100f3
address= b78 RD-data= 0
address= b74 RD-data= 100f3
address= de0 RD-data= e001002e
address= de4 RD-data= 1
address= de8 RD-data= 0
address= de4 RD-data= 1
address= e00 RD-data= e4010023
address= e04 RD-data= 3811e98
address= e08 RD-data= c05f0000
address= e04 RD-data= 3811e98
address= e08 RD-data= c05f0000
address= e40 RD-data= e6010023
address= e44 RD-data= 1411e98
address= e48 RD-data= 270007
address= e44 RD-data= 1411e98
address= e48 RD-data= 270007
address= e60 RD-data= 10023
address= e64 RD-data= 2401e98
address= e68 RD-data= 8
address= e64 RD-data= 2401e98
address= e68 RD-data= 8
address= e6c RD-data= 10100
address= e74 RD-data= 0
address= e7c RD-data= 0
address=   c RD-data= 0
address=  10 WR-data= ffffffff
address=  10 RD-data= fff00008
address=   0 RD-data= 10017cd
address= 100 RD-data= 15020001
address= 104 RD-data= 0
address= 108 RD-data= 30400000
address= 104 RD-data= 0
address= 150 RD-data= 16010003
address= 154 RD-data= 0
address= 158 RD-data= 0
address= 154 RD-data= 0
address= 160 RD-data= 1b810004
address= 164 RD-data= 0
address= 168 RD-data= 0
address= 164 RD-data= 0
address= 1b8 RD-data= 1c010018
address= 1bc RD-data= 0
address= 1c0 RD-data= 30010016
address= 1bc RD-data= 0
address= 1c0 RD-data= 30010016
address= 1c4 RD-data= 8100007
address= 1c8 RD-data= 0
address= 1c4 RD-data= 8100007
address= 300 RD-data= 40010019
address= 304 RD-data= 0
address= 308 RD-data= 0
address= 304 RD-data= 0
address= 400 RD-data= 4401000b
address= 404 RD-data= 1010001
address= 408 RD-data= 0
address= 404 RD-data= 1010001
address= 440 RD-data= 4c01001b
address= 444 RD-data= 1406
address= 448 RD-data= 0
address= 444 RD-data= 1406
address= 4c0 RD-data= 5c010002
address= 4c4 RD-data= 0
address= 4c8 RD-data= 0
address= 4c4 RD-data= 0
address= 5c0 RD-data= 6401000f
address= 5c4 RD-data= 61
address= 5c8 RD-data= 0
address= 5c4 RD-data= 61
address= 640 RD-data= 90010013
address= 644 RD-data= 81000000
address= 648 RD-data= 1
address= 644 RD-data= 81000000
address= 900 RD-data= 9101001e
address= 904 RD-data= 28001f
address= 908 RD-data= 0
address= 904 RD-data= 28001f
address= 910 RD-data= 92010025
address= 914 RD-data= 80000001
address= 918 RD-data= 80000000
address= 914 RD-data= 80000001
address= 920 RD-data= 9c010027
address= 924 RD-data= 1
address= 928 RD-data= 9c38
address= 924 RD-data= 1
address= 9c0 RD-data= a4010026
address= 9c4 RD-data= 0
address= 9c8 RD-data= 0
address= 9c4 RD-data= 0
address= a40 RD-data= a201002a
address= a44 RD-data= 501
address= a48 RD-data= 0
address= a44 RD-data= 501
address= a20 RD-data= a701001f
address= a24 RD-data= 11
address= a28 RD-data= 0
address= a24 RD-data= 11
address= a70 RD-data= a901002b
address= a74 RD-data= 102
address= a78 RD-data= 101
address= a74 RD-data= 102
address= a90 RD-data= b701002f
address= a94 RD-data= 2
address= a98 RD-data= 8
address= a94 RD-data= 2
address= b70 RD-data= de010030
address= b74 RD-data= 100f3
address= b78 RD-data= 0
address= b74 RD-data= 100f3
address= de0 RD-data= e001002e
address= de4 RD-data= 1
address= de8 RD-data= 0
address= de4 RD-data= 1
address= e00 RD-data= e4010023
address= e04 RD-data= 3811e98
address= e08 RD-data= c05f0000
address= e04 RD-data= 3811e98
address= e08 RD-data= c05f0000
address= e40 RD-data= e6010023
address= e44 RD-data= 1411e98
address= e48 RD-data= 270007
address= e44 RD-data= 1411e98
address= e48 RD-data= 270007
address= e4c RD-data= 270027
address=   c RD-data= 0
address=   c RD-data= 0
address= 100 RD-data= 15020001
address= 104 RD-data= 0
address= 108 RD-data= 30400000
address= 104 RD-data= 0
address= 150 RD-data= 16010003
address= 154 RD-data= 0
address= 158 RD-data= 0
address= 154 RD-data= 0
address= 160 RD-data= 1b810004
address= 164 RD-data= 0
address= 168 RD-data= 0
address= 164 RD-data= 0
address= 1b8 RD-data= 1c010018
address= 1bc RD-data= 0
address= 1c0 RD-data= 30010016
address= 1bc RD-data= 0
address= 1c0 RD-data= 30010016
address= 1c4 RD-data= 8100007
address= 1c8 RD-data= 0
address= 1c4 RD-data= 8100007
address= 300 RD-data= 40010019
address= 304 RD-data= 0
address= 308 RD-data= 0
address= 304 RD-data= 0
address= 400 RD-data= 4401000b
address= 404 RD-data= 1010001
address= 408 RD-data= 0
address= 404 RD-data= 1010001
address= 440 RD-data= 4c01001b
address= 444 RD-data= 1406
address= 448 RD-data= 0
address= 444 RD-data= 1406
address= 4c0 RD-data= 5c010002
address= 4c4 RD-data= 0
address= 4c8 RD-data= 0
address= 4c4 RD-data= 0
address= 5c0 RD-data= 6401000f
address= 5c4 RD-data= 61
address= 5c8 RD-data= 0
address= 5c4 RD-data= 61
address= 640 RD-data= 90010013
address= 644 RD-data= 81000000
address= 648 RD-data= 1
address= 644 RD-data= 81000000
address= 900 RD-data= 9101001e
address= 904 RD-data= 28001f
address= 908 RD-data= 0
address= 904 RD-data= 28001f
address= 910 RD-data= 92010025
address= 914 RD-data= 80000001
address= 918 RD-data= 80000000
address= 914 RD-data= 80000001
address= 920 RD-data= 9c010027
address= 924 RD-data= 1
address= 928 RD-data= 9c38
address= 924 RD-data= 1
address= 9c0 RD-data= a4010026
address= 9c4 RD-data= 0
address= 9c8 RD-data= 0
address= 9c4 RD-data= 0
address= a40 RD-data= a201002a
address= a44 RD-data= 501
address= a48 RD-data= 0
address= a44 RD-data= 501
address= a20 RD-data= a701001f
address= a24 RD-data= 11
address= a28 RD-data= 0
address= a24 RD-data= 11
address= a70 RD-data= a901002b
address= a74 RD-data= 102
address= a78 RD-data= 101
address= a74 RD-data= 102
address= a90 RD-data= b701002f
address= a94 RD-data= 2
address= a98 RD-data= 8
address= a94 RD-data= 2
address= b70 RD-data= de010030
address= b74 RD-data= 100f3
address= b78 RD-data= 0
address= b74 RD-data= 100f3
address= de0 RD-data= e001002e
address= de4 RD-data= 1
address= de8 RD-data= 0
address= de4 RD-data= 1
address= e00 RD-data= e4010023
address= e04 RD-data= 3811e98
address= e08 RD-data= c05f0000
address= e04 RD-data= 3811e98
address= e08 RD-data= c05f0000
address= e40 RD-data= e6010023
address= e44 RD-data= 1411e98
address= e48 RD-data= 270007
address= e44 RD-data= 1411e98
address= e48 RD-data= 270007
address= e60 RD-data= 10023
address= e64 RD-data= 2401e98
address= e68 RD-data= 8
address= e64 RD-data= 2401e98
address= e68 RD-data= 8
address= 100 RD-data= 15020001
address= 104 RD-data= 0
address= 108 RD-data= 30400000
address= 104 RD-data= 0
address= 150 RD-data= 16010003
address= 154 RD-data= 0
address= 158 RD-data= 0
address= 154 RD-data= 0
address= 160 RD-data= 1b810004
address= 164 RD-data= 0
address= 168 RD-data= 0
address= 164 RD-data= 0
address= 1b8 RD-data= 1c010018
address= 1bc RD-data= 0
address= 1c0 RD-data= 30010016
address= 1bc RD-data= 0
address= 1c0 RD-data= 30010016
address= 1c4 RD-data= 8100007
address= 1c8 RD-data= 0
address= 1c4 RD-data= 8100007
address= 300 RD-data= 40010019
address= 304 RD-data= 0
address= 308 RD-data= 0
address= 304 RD-data= 0
address= 400 RD-data= 4401000b
address= 404 RD-data= 1010001
address= 408 RD-data= 0
address= 404 RD-data= 1010001
address= 440 RD-data= 4c01001b
address= 444 RD-data= 1406
address= 448 RD-data= 0
address= 444 RD-data= 1406
address= 4c0 RD-data= 5c010002
address= 4c4 RD-data= 0
address= 4c8 RD-data= 0
address= 4c4 RD-data= 0
address= 5c0 RD-data= 6401000f
address= 5c4 RD-data= 61
address= 5c8 RD-data= 0
address= 5c4 RD-data= 61
address= 640 RD-data= 90010013
address= 644 RD-data= 81000000
address= 648 RD-data= 1
address= 644 RD-data= 81000000
address= 900 RD-data= 9101001e
address= 904 RD-data= 28001f
address= 908 RD-data= 0
address= 904 RD-data= 28001f
address= 910 RD-data= 92010025
address= 914 RD-data= 80000001
address= 918 RD-data= 80000000
address= 914 RD-data= 80000001
address= 920 RD-data= 9c010027
address= 924 RD-data= 1
address= 928 RD-data= 9c38
address= 924 RD-data= 1
address= 9c0 RD-data= a4010026
address= 9c4 RD-data= 0
address= 9c8 RD-data= 0
address= 9c4 RD-data= 0
address= a40 RD-data= a201002a
address= a44 RD-data= 501
address= a48 RD-data= 0
address= a44 RD-data= 501
address= a20 RD-data= a701001f
address= a24 RD-data= 11
address= a28 RD-data= 0
address= a24 RD-data= 11
address= a70 RD-data= a901002b
address= a74 RD-data= 102
address= a78 RD-data= 101
address= a74 RD-data= 102
address= a90 RD-data= b701002f
address= a94 RD-data= 2
address= a98 RD-data= 8
address= a94 RD-data= 2
address= b70 RD-data= de010030
address= b74 RD-data= 100f3
address= b78 RD-data= 0
address= b74 RD-data= 100f3
address= de0 RD-data= e001002e
address= de4 RD-data= 1
address= de8 RD-data= 0
address= de4 RD-data= 1
address= e00 RD-data= e4010023
address= e04 RD-data= 3811e98
address= e08 RD-data= c05f0000
address= e04 RD-data= 3811e98
address= e08 RD-data= c05f0000
address= e40 RD-data= e6010023
address= e44 RD-data= 1411e98
address= e48 RD-data= 270007
address= e44 RD-data= 1411e98
address= e48 RD-data= 270007
address= e60 RD-data= 10023
address= e64 RD-data= 2401e98
address= e68 RD-data= 8
address= e64 RD-data= 2401e98
address= e68 RD-data= 8
address= e6c RD-data= 10100
address= e74 RD-data= 0
address= e7c RD-data= 0
address=   c RD-data= 0
address=  10 RD-data= fff00008
address=  10 WR-data= cc00000c
address=   0 RD-data= 10017cd
address=   c RD-data= 0
address=   c RD-data= 0
address= 100 RD-data= 15020001
address= 104 RD-data= 0
address= 108 RD-data= 30400000
address= 104 RD-data= 0
address= 150 RD-data= 16010003
address= 154 RD-data= 0
address= 158 RD-data= 0
address= 154 RD-data= 0
address= 160 RD-data= 1b810004
address= 164 RD-data= 0
address= 168 RD-data= 0
address= 164 RD-data= 0
address= 1b8 RD-data= 1c010018
address= 1bc RD-data= 0
address= 1c0 RD-data= 30010016
address= 1bc RD-data= 0
address= 1c0 RD-data= 30010016
address= 1c4 RD-data= 8100007
address= 1c8 RD-data= 0
address= 1c4 RD-data= 8100007
address= 300 RD-data= 40010019
address= 304 RD-data= 0
address= 308 RD-data= 0
address= 304 RD-data= 0
address= 400 RD-data= 4401000b
address= 404 RD-data= 1010001
address= 408 RD-data= 0
address= 404 RD-data= 1010001
address= 440 RD-data= 4c01001b
address= 444 RD-data= 1406
address= 448 RD-data= 0
address= 444 RD-data= 1406
address= 4c0 RD-data= 5c010002
address= 4c4 RD-data= 0
address= 4c8 RD-data= 0
address= 4c4 RD-data= 0
address= 5c0 RD-data= 6401000f
address= 5c4 RD-data= 61
address= 5c8 RD-data= 0
address= 5c4 RD-data= 61
address= 640 RD-data= 90010013
address= 644 RD-data= 81000000
address= 648 RD-data= 1
address= 644 RD-data= 81000000
address= 900 RD-data= 9101001e
address= 904 RD-data= 28001f
address= 908 RD-data= 0
address= 904 RD-data= 28001f
address= 910 RD-data= 92010025
address= 914 RD-data= 80000001
address= 918 RD-data= 80000000
address= 914 RD-data= 80000001
address= 920 RD-data= 9c010027
address= 924 RD-data= 1
address= 928 RD-data= 9c38
address= 924 RD-data= 1
address= 9c0 RD-data= a4010026
address= 9c4 RD-data= 0
address= 9c8 RD-data= 0
address= 9c4 RD-data= 0
address= a40 RD-data= a201002a
address= a44 RD-data= 501
address= a48 RD-data= 0
address= a44 RD-data= 501
address= a20 RD-data= a701001f
address= a24 RD-data= 11
address= a28 RD-data= 0
address= a24 RD-data= 11
address= a70 RD-data= a901002b
address= a74 RD-data= 102
address= a78 RD-data= 101
address= a74 RD-data= 102
address= a90 RD-data= b701002f
address= a94 RD-data= 2
address= a98 RD-data= 8
address= a94 RD-data= 2
address= b70 RD-data= de010030
address= b74 RD-data= 100f3
address= b78 RD-data= 0
address= b74 RD-data= 100f3
address= de0 RD-data= e001002e
address= de4 RD-data= 1
address= de8 RD-data= 0
address= de4 RD-data= 1
address= e00 RD-data= e4010023
address= e04 RD-data= 3811e98
address= e08 RD-data= c05f0000
address= e04 RD-data= 3811e98
address= e08 RD-data= c05f0000
address= e08 RD-data= c05f0000
address=   4 RD-data= 100007
address=   4 WR-data= 7
address=   0 RD-data= 10017cd
address=   4 RD-data= 100007
address=   8 RD-data= 0
address=   c RD-data= 0
address=  10 RD-data= cc000008
address=  14 RD-data= 0
address=  18 RD-data= 0
address=  1c RD-data= 0
address=  20 RD-data= 0
address=  24 RD-data= 0
address=  28 RD-data= 0
address=  2c RD-data= 17cd
address=  30 RD-data= 0
address=  34 RD-data= 80
address=  38 RD-data= 0
address=  3c RD-data= 1ff
address= 100 RD-data= 15020001
address= 150 RD-data= 16010003
address= 160 RD-data= 1b810004
address= 1b8 RD-data= 1c010018
address= 1c0 RD-data= 30010016
address= 300 RD-data= 40010019
address= 400 RD-data= 4401000b
address= 440 RD-data= 4c01001b
address= 4c0 RD-data= 5c010002
address= 5c0 RD-data= 6401000f
address= 640 RD-data= 90010013
address= 900 RD-data= 9101001e
address= 910 RD-data= 92010025
address= 920 RD-data= 9c010027
address= 9c0 RD-data= a4010026
address= a40 RD-data= a201002a
address= a20 RD-data= a701001f
address= a70 RD-data= a901002b
address= a90 RD-data= b701002f
address= b70 RD-data= de010030
address= de0 RD-data= e001002e
address= e00 RD-data= e4010023
address= e04 RD-data= 3811e98
address= e08 RD-data= c05f0000
address= e08 RD-data= c05f0000
address=   0 RD-data= 10017cd
address=   0 RD-data= 10017cd
address=   4 RD-data= 100007
address=   8 RD-data= 0
address=   c RD-data= 0
address=  10 RD-data= cc000008
address=  14 RD-data= 0
address=  18 RD-data= 0
address=  1c RD-data= 0
address=  20 RD-data= 0
address=  24 RD-data= 0
address=  28 RD-data= 0
address=  2c RD-data= 17cd
address=  30 RD-data= 0
address=  34 RD-data= 80
address=  38 RD-data= 0
address=  3c RD-data= 1ff
address= 100 RD-data= 15020001
address= 150 RD-data= 16010003
address= 160 RD-data= 1b810004
address= 1b8 RD-data= 1c010018
address= 1c0 RD-data= 30010016
address= 300 RD-data= 40010019
address= 400 RD-data= 4401000b
address= 440 RD-data= 4c01001b
address= 4c0 RD-data= 5c010002
address= 5c0 RD-data= 6401000f
address= 640 RD-data= 90010013
address= 900 RD-data= 9101001e
address= 910 RD-data= 92010025
address= 920 RD-data= 9c010027
address= 9c0 RD-data= a4010026
address= a40 RD-data= a201002a
address= a20 RD-data= a701001f
address= a70 RD-data= a901002b
address= a90 RD-data= b701002f
address= b70 RD-data= de010030
address= de0 RD-data= e001002e
address= e00 RD-data= e4010023
address= e04 RD-data= 3811e98
address= e08 RD-data= c05f0000
address= e08 RD-data= c05f0000
address= 100 RD-data= 15020001
address= 150 RD-data= 16010003
address= 160 RD-data= 1b810004
address= 1b8 RD-data= 1c010018
address= 1c0 RD-data= 30010016
address= 300 RD-data= 40010019
address= 400 RD-data= 4401000b
address= 440 RD-data= 4c01001b
address= 4c0 RD-data= 5c010002
address= 5c0 RD-data= 6401000f
address= 640 RD-data= 90010013
address= 900 RD-data= 9101001e
address= 910 RD-data= 92010025
address= 920 RD-data= 9c010027
address= 9c0 RD-data= a4010026
address= a40 RD-data= a201002a
address= a20 RD-data= a701001f
address= a70 RD-data= a901002b
address= a90 RD-data= b701002f
address= b70 RD-data= de010030
address= de0 RD-data= e001002e
address= e00 RD-data= e4010023
address= e04 RD-data= 3811e98
address= e08 RD-data= c05f0000
address= e18 RD-data= 0
address= 100 RD-data= 15020001
address= 150 RD-data= 16010003
address= 160 RD-data= 1b810004
address= 1b8 RD-data= 1c010018
address= 1c0 RD-data= 30010016
address= 300 RD-data= 40010019
address= 400 RD-data= 4401000b
address= 440 RD-data= 4c01001b
address= 4c0 RD-data= 5c010002
address= 5c0 RD-data= 6401000f
address= 640 RD-data= 90010013
address= 900 RD-data= 9101001e
address= 910 RD-data= 92010025
address= 920 RD-data= 9c010027
address= 9c0 RD-data= a4010026
address= a40 RD-data= a201002a
address= a20 RD-data= a701001f
address= a70 RD-data= a901002b
address= a90 RD-data= b701002f
address= b70 RD-data= de010030
address= de0 RD-data= e001002e
address= e00 RD-data= e4010023
address= e04 RD-data= 3811e98
address= e08 RD-data= c05f0000
address= e1c RD-data= 100000b7
address=   0 RD-data= 10017cd
address= 100 RD-data= 15020001
address= 150 RD-data= 16010003
address= 154 RD-data= 0
address= 158 RD-data= 0
address=   8 RD-data= 0
address=   0 RD-data= 10017cd
address= 100 RD-data= 15020001
address= 150 RD-data= 16010003
address= 160 RD-data= 1b810004
address= 1b8 RD-data= 1c010018
address= 1c0 RD-data= 30010016
address= 300 RD-data= 40010019
address= 400 RD-data= 4401000b
address= 440 RD-data= 4c01001b
address= 4c0 RD-data= 5c010002
address= 5c0 RD-data= 6401000f
address= 640 RD-data= 90010013
address= 900 RD-data= 9101001e
address= 910 RD-data= 92010025
address= 920 RD-data= 9c010027
address= 9c0 RD-data= a4010026
address= a40 RD-data= a201002a
address= a20 RD-data= a701001f
address= a70 RD-data= a901002b
address= a90 RD-data= b701002f
address= b70 RD-data= de010030
address= de0 RD-data= e001002e
address= e00 RD-data= e4010023
address= e04 RD-data= 3811e98
address= e08 RD-data= c05f0000
address= 100 RD-data= 15020001
address= 150 RD-data= 16010003
address= 160 RD-data= 1b810004
address= 1b8 RD-data= 1c010018
address= 1c0 RD-data= 30010016
address= 300 RD-data= 40010019
address= 400 RD-data= 4401000b
address= 440 RD-data= 4c01001b
address= 4c0 RD-data= 5c010002
address= 5c0 RD-data= 6401000f
address= 640 RD-data= 90010013
address= 900 RD-data= 9101001e
address= 910 RD-data= 92010025
address= 920 RD-data= 9c010027
address= 9c0 RD-data= a4010026
address= a40 RD-data= a201002a
address= a20 RD-data= a701001f
address= a70 RD-data= a901002b
address= a90 RD-data= b701002f
address= b70 RD-data= de010030
address= de0 RD-data= e001002e
address= e00 RD-data= e4010023
address= e40 RD-data= e6010023
address= e44 RD-data= 1411e98
address= e48 RD-data= 270007
address= 100 RD-data= 15020001
address= 150 RD-data= 16010003
address= 160 RD-data= 1b810004
address= 1b8 RD-data= 1c010018
address= 1c0 RD-data= 30010016
address= 300 RD-data= 40010019
address= 400 RD-data= 4401000b
address= 440 RD-data= 4c01001b
address= 4c0 RD-data= 5c010002
address= 5c0 RD-data= 6401000f
address= 640 RD-data= 90010013
address= 900 RD-data= 9101001e
address= 910 RD-data= 92010025
address= 920 RD-data= 9c010027
address= 9c0 RD-data= a4010026
address= a40 RD-data= a201002a
address= a20 RD-data= a701001f
address= a70 RD-data= a901002b
address= a90 RD-data= b701002f
address= b70 RD-data= de010030
address= de0 RD-data= e001002e
address= e00 RD-data= e4010023
address= e40 RD-data= e6010023
address= e60 RD-data= 10023
address= e64 RD-data= 2401e98
address= e68 RD-data= 8
address= e64 RD-data= 2401e98
address= 100 RD-data= 15020001
address= 150 RD-data= 16010003
address= 160 RD-data= 1b810004
address= 1b8 RD-data= 1c010018
address= 1c0 RD-data= 30010016
address= 300 RD-data= 40010019
address= 400 RD-data= 4401000b
address= 440 RD-data= 4c01001b
address= 4c0 RD-data= 5c010002
address= 5c0 RD-data= 6401000f
address= 640 RD-data= 90010013
address= 900 RD-data= 9101001e
address= 910 RD-data= 92010025
address= 920 RD-data= 9c010027
address= 9c0 RD-data= a4010026
address= a40 RD-data= a201002a
address= a20 RD-data= a701001f
address= a70 RD-data= a901002b
address= a90 RD-data= b701002f
address= b70 RD-data= de010030
address= de0 RD-data= e001002e
address= e00 RD-data= e4010023
address= e04 RD-data= 3811e98
address= e08 RD-data= c05f0000
address= 100 RD-data= 15020001
address= 150 RD-data= 16010003
address= 160 RD-data= 1b810004
address= 1b8 RD-data= 1c010018
address= 1c0 RD-data= 30010016
address= 300 RD-data= 40010019
address= 400 RD-data= 4401000b
address= 440 RD-data= 4c01001b
address= 4c0 RD-data= 5c010002
address= 5c0 RD-data= 6401000f
address= 640 RD-data= 90010013
address= 900 RD-data= 9101001e
address= 910 RD-data= 92010025
address= 920 RD-data= 9c010027
address= 9c0 RD-data= a4010026
address= a40 RD-data= a201002a
address= a20 RD-data= a701001f
address= a70 RD-data= a901002b
address= a90 RD-data= b701002f
address= b70 RD-data= de010030
address= de0 RD-data= e001002e
address= e00 RD-data= e4010023
address= e40 RD-data= e6010023
address= e44 RD-data= 1411e98
address= e48 RD-data= 270007
address= 100 RD-data= 15020001
address= 150 RD-data= 16010003
address= 160 RD-data= 1b810004
address= 1b8 RD-data= 1c010018
address= 1c0 RD-data= 30010016
address= 300 RD-data= 40010019
address= 400 RD-data= 4401000b
address= 440 RD-data= 4c01001b
address= 4c0 RD-data= 5c010002
address= 5c0 RD-data= 6401000f
address= 640 RD-data= 90010013
address= 900 RD-data= 9101001e
address= 910 RD-data= 92010025
address= 920 RD-data= 9c010027
address= 9c0 RD-data= a4010026
address= a40 RD-data= a201002a
address= a20 RD-data= a701001f
address= a70 RD-data= a901002b
address= a90 RD-data= b701002f
address= b70 RD-data= de010030
address= de0 RD-data= e001002e
address= e00 RD-data= e4010023
address= e40 RD-data= e6010023
address= e60 RD-data= 10023
address= e64 RD-data= 2401e98
address= e68 RD-data= 8
address= e6c RD-data= 10100
address= 100 RD-data= 15020001
address= 150 RD-data= 16010003
address= 160 RD-data= 1b810004
address= 1b8 RD-data= 1c010018
address= 1c0 RD-data= 30010016
address= 300 RD-data= 40010019
address= 400 RD-data= 4401000b
address= 440 RD-data= 4c01001b
address= 4c0 RD-data= 5c010002
address= 5c0 RD-data= 6401000f
address= 640 RD-data= 90010013
address= 900 RD-data= 9101001e
address= 910 RD-data= 92010025
address= 920 RD-data= 9c010027
address= 9c0 RD-data= a4010026
address= a40 RD-data= a201002a
address= a20 RD-data= a701001f
address= a70 RD-data= a901002b
address= a90 RD-data= b701002f
address= b70 RD-data= de010030
address= de0 RD-data= e001002e
address= e00 RD-data= e4010023
address= e04 RD-data= 3811e98
address= e08 RD-data= c05f0000
address= 100 RD-data= 15020001
address= 150 RD-data= 16010003
address= 160 RD-data= 1b810004
address= 1b8 RD-data= 1c010018
address= 1c0 RD-data= 30010016
address= 300 RD-data= 40010019
address= 400 RD-data= 4401000b
address= 440 RD-data= 4c01001b
address= 4c0 RD-data= 5c010002
address= 5c0 RD-data= 6401000f
address= 640 RD-data= 90010013
address= 900 RD-data= 9101001e
address= 910 RD-data= 92010025
address= 920 RD-data= 9c010027
address= 9c0 RD-data= a4010026
address= a40 RD-data= a201002a
address= a20 RD-data= a701001f
address= a70 RD-data= a901002b
address= a90 RD-data= b701002f
address= b70 RD-data= de010030
address= de0 RD-data= e001002e
address= e00 RD-data= e4010023
address= e40 RD-data= e6010023
address= e44 RD-data= 1411e98
address= e48 RD-data= 270007
address= 100 RD-data= 15020001
address= 150 RD-data= 16010003
address= 160 RD-data= 1b810004
address= 1b8 RD-data= 1c010018
address= 1c0 RD-data= 30010016
address= 300 RD-data= 40010019
address= 400 RD-data= 4401000b
address= 440 RD-data= 4c01001b
address= 4c0 RD-data= 5c010002
address= 5c0 RD-data= 6401000f
address= 640 RD-data= 90010013
address= 900 RD-data= 9101001e
address= 910 RD-data= 92010025
address= 920 RD-data= 9c010027
address= 9c0 RD-data= a4010026
address= a40 RD-data= a201002a
address= a20 RD-data= a701001f
address= a70 RD-data= a901002b
address= a90 RD-data= b701002f
address= b70 RD-data= de010030
address= de0 RD-data= e001002e
address= e00 RD-data= e4010023
address= e40 RD-data= e6010023
address= e60 RD-data= 10023
address= e64 RD-data= 2401e98
address= e68 RD-data= 8
address= e70 RD-data= 0
address=  10 RD-data= cc000008
address= 100 RD-data= 15020001
address= 150 RD-data= 16010003
address= 160 RD-data= 1b810004
address= 1b8 RD-data= 1c010018
address= 1c0 RD-data= 30010016
address= 300 RD-data= 40010019
address= 400 RD-data= 4401000b
address= 440 RD-data= 4c01001b
address= 4c0 RD-data= 5c010002
address= 5c0 RD-data= 6401000f
address= 640 RD-data= 90010013
address= 900 RD-data= 9101001e
address= 910 RD-data= 92010025
address= 920 RD-data= 9c010027
address= 9c0 RD-data= a4010026
address= a40 RD-data= a201002a
address= a20 RD-data= a701001f
address= a70 RD-data= a901002b
address= a90 RD-data= b701002f
address= b70 RD-data= de010030
address= de0 RD-data= e001002e
address= dec RD-data= 1
address= dec RD-data= 1
address= dec RD-data= 1
address= dec RD-data= 1
address= dec RD-data= 1
address= dec RD-data= 1
address= dec RD-data= 1
address= dec RD-data= 1
address= dec RD-data= 1
address= dec RD-data= 1
address= dec RD-data= 1
address= dec RD-data= 1
address= dec RD-data= 1
address= dec RD-data= 1
address= dec RD-data= 1
address= dec RD-data= 1
address= dec RD-data= 1
address= dec RD-data= 1
address= dec RD-data= 1
address= dec RD-data= 1
address= dec RD-data= 1
address= dec RD-data= 1
address= dec RD-data= 1
address= dec RD-data= 1
address= dec RD-data= 1
address= dec RD-data= 1
address= dec RD-data= 1
address= dec RD-data= 1
address= dec RD-data= 1
address= dec RD-data= 1
address= dec RD-data= 1
address= dec RD-data= 1
address= dec RD-data= 1
address= dec RD-data= 1
address= dec RD-data= 1
address= dec RD-data= 1
address= dec RD-data= 1
address= dec RD-data= 1
address= dec RD-data= 1
address= dec RD-data= 1
address= dec RD-data= 1
address= dec RD-data= 1
address= dec RD-data= 1
address= dec RD-data= 1
address= dec RD-data= 1
address= dec RD-data= 1
address= dec RD-data= 1
address= dec RD-data= 1
address= dec RD-data= 1
address= dec RD-data= 1
address= dec RD-data= 1
address= dec RD-data= 1
address= dec RD-data= 1
address= dec RD-data= 1
address= dec RD-data= 1
address= dec RD-data= 1
address= dec RD-data= 1
address= dec RD-data= 1
address= dec RD-data= 1
address= dec RD-data= 1
address= dec RD-data= 1
address= dec RD-data= 1
address= dec RD-data= 1
address= dec RD-data= 1
address= dec RD-data= 1
address= dec RD-data= 1
address= dec RD-data= 1
address= dec RD-data= 1
address= dec RD-data= 1
address= dec RD-data= 1
address= dec RD-data= 1
address= dec RD-data= 1
address= dec RD-data= 1
address= dec RD-data= 1
address= dec RD-data= 1
address= dec RD-data= 1
address= dec RD-data= 1
address= dec RD-data= 1
address= dec RD-data= 1
address= dec RD-data= 1
address= dec RD-data= 1
address= dec RD-data= 1
address= dec RD-data= 1
address= dec RD-data= 1
address= dec RD-data= 1
address= dec RD-data= 1
address= dec RD-data= 1
address= dec RD-data= 1
address= dec RD-data= 1
address= dec RD-data= 1
address= dec RD-data= 1
address= dec RD-data= 1
address= dec RD-data= 1
address= dec RD-data= 1
address= dec RD-data= 1
address= dec RD-data= 1
address= dec RD-data= 1
address= dec RD-data= 1
address= dec RD-data= 1
address= dec RD-data= 1
address= dec RD-data= 1
address= dec RD-data= 1
address= dec RD-data= 1
address= dec RD-data= 1
address= dec RD-data= 1
address= dec RD-data= 1
address= dec RD-data= 1
address= dec RD-data= 1
address= dec RD-data= 1
address= dec RD-data= 1
address= dec RD-data= 1
address= dec RD-data= 1
address= dec RD-data= 1
address= dec RD-data= 1
address= dec RD-data= 1
address= dec RD-data= 1
address= dec RD-data= 1
address= dec RD-data= 1
address= dec RD-data= 1
address= dec RD-data= 1
address= dec RD-data= 1
address= dec RD-data= 1
address= dec RD-data= 1
address= dec RD-data= 1
address= dec RD-data= 1
address= dec RD-data= 1
address= dec RD-data= 1
address= dec RD-data= 1
address= dec RD-data= 1
address= dec RD-data= 1
address= dec RD-data= 1
address= dec RD-data= 1
address= dec RD-data= 1
address= dec RD-data= 1
address= dec RD-data= 1
address= dec RD-data= 1
address= dec RD-data= 1
address= dec RD-data= 1
address= dec RD-data= 1
address= dec RD-data= 1
address= dec RD-data= 1
address= dec RD-data= 1
address= dec RD-data= 1
address= dec RD-data= 1
address= dec RD-data= 1
address= dec RD-data= 1
address= dec RD-data= 1
address= dec RD-data= 1
address= dec RD-data= 1
address= dec RD-data= 1
address= dec RD-data= 1
address= dec RD-data= 1
address= dec RD-data= 1
address= dec RD-data= 1
address= dec RD-data= 1
address= dec RD-data= 1
address= dec RD-data= 1
address= dec RD-data= 1
address= dec RD-data= 1
address= dec RD-data= 1
address= dec RD-data= 1
address= dec RD-data= 1
address= dec RD-data= 1
address= dec RD-data= 1
address= dec RD-data= 1
address= dec RD-data= 1
address= dec RD-data= 1
address= dec RD-data= 1
address= dec RD-data= 1
address= dec RD-data= 1
address= dec RD-data= 1
address= dec RD-data= 1
address= dec RD-data= 1
address= dec RD-data= 1
address= dec RD-data= 1
address= dec RD-data= 1
address= dec RD-data= 1
address= dec RD-data= 1
address= dec RD-data= 1
address= dec RD-data= 1
address= dec RD-data= 1
address= dec RD-data= 1
address= dec RD-data= 1
address= dec RD-data= 1
address= dec RD-data= 1
address= dec RD-data= 1
address= dec RD-data= 1
address= dec RD-data= 1
address= dec RD-data= 1
address= dec RD-data= 1
address= dec RD-data= 1
address= dec RD-data= 1
address= dec RD-data= 1
address= dec RD-data= 1
address= dec RD-data= 1
address= dec RD-data= 1
address= dec RD-data= 1
address= dec RD-data= 1
address= dec RD-data= 1
address= dec RD-data= 1
address= dec RD-data= 1
address= dec RD-data= 1
address= dec RD-data= 1
address= dec RD-data= 1
address= dec RD-data= 1
address= dec RD-data= 1
address= dec RD-data= 1
address= dec RD-data= 1
address= dec RD-data= 1
address= dec RD-data= 1
address= dec RD-data= 1
address= dec RD-data= 1
address= dec RD-data= 1
address= dec RD-data= 1
address= dec RD-data= 1
address= dec RD-data= 1
address= dec RD-data= 1
address= dec RD-data= 1
address= dec RD-data= 1
address= dec RD-data= 1
address= dec RD-data= 1
address= dec RD-data= 1
address= dec RD-data= 1
address= dec RD-data= 1
address= dec RD-data= 1
address= dec RD-data= 1
address= dec RD-data= 1
address= dec RD-data= 1
address= dec RD-data= 1
address= dec RD-data= 1
address= dec RD-data= 1
address= dec RD-data= 1
address= dec RD-data= 1
address= dec RD-data= 1
address= dec RD-data= 1
address= dec RD-data= 1
address= dec RD-data= 1
address= dec RD-data= 1
address= dec RD-data= 1
address= dec RD-data= 1
address= dec RD-data= 1
address= dec RD-data= 1
address= dec RD-data= 1
address= dec RD-data= 1
address= dec RD-data= 1
address= dec RD-data= 1
address= dec RD-data= 1
address= dec RD-data= 1
address= dec RD-data= 1
address= dec RD-data= 1
address= dec RD-data= 1
address= dec RD-data= 1
address= dec RD-data= 1
address= dec RD-data= 1
address= dec RD-data= 1
address= dec RD-data= 1
address= dec RD-data= 1
address= dec RD-data= 1
address= dec RD-data= 1
address= dec RD-data= 1
address= dec RD-data= 1
address= dec RD-data= 1
address= dec RD-data= 1
address= dec RD-data= 1
address= dec RD-data= 1
address= dec RD-data= 1
address= dec RD-data= 1
address= dec RD-data= 1
address= dec RD-data= 1
address= dec RD-data= 1
address= dec RD-data= 1
address= dec RD-data= 1
address= dec RD-data= 1
address= dec RD-data= 1
address= dec RD-data= 1
address= dec RD-data= 1
address= dec RD-data= 1
address= dec RD-data= 1
address= dec RD-data= 1
address= dec RD-data= 1
address= dec RD-data= 1
address= dec RD-data= 1
address= dec RD-data= 1
address= dec RD-data= 1
address= dec RD-data= 1
address= dec RD-data= 1
address= dec RD-data= 1
address= dec RD-data= 1
address= dec RD-data= 1
address= dec RD-data= 1
address= dec RD-data= 1
address= dec RD-data= 1
address= dec RD-data= 1
address= dec RD-data= 1
address= dec RD-data= 1
address= dec RD-data= 1
address= dec RD-data= 1
address= dec RD-data= 1
address= dec RD-data= 1
address= dec RD-data= 1
address= dec RD-data= 1
address= dec RD-data= 1
address= dec RD-data= 1
address= dec RD-data= 1
address= dec RD-data= 1
address= dec RD-data= 1
address= dec RD-data= 1
address= dec RD-data= 1
address= dec RD-data= 1
address= dec RD-data= 1
address= dec RD-data= 1
address= dec RD-data= 1
address= dec RD-data= 1
address= dec RD-data= 1
address= dec RD-data= 1
address= dec RD-data= 1
address= dec RD-data= 1
address= dec RD-data= 1
address= dec RD-data= 1
address= dec RD-data= 1
address= dec RD-data= 1
address= dec RD-data= 1
address= dec RD-data= 1
address= dec RD-data= 1
address= dec RD-data= 1
address= dec RD-data= 1
address= dec RD-data= 1
address= dec RD-data= 1
address= dec RD-data= 1
address= dec RD-data= 1
address= dec RD-data= 1
address= dec RD-data= 1
address= dec RD-data= 1
address= dec RD-data= 1
address= dec RD-data= 1
address= dec RD-data= 1
address= dec RD-data= 1
address= dec RD-data= 1
address= dec RD-data= 1
address= dec RD-data= 1
address= dec RD-data= 1
address= dec RD-data= 1
address= dec RD-data= 1
address= dec RD-data= 1
address= dec RD-data= 1
address= dec RD-data= 1
address= dec RD-data= 1
address= dec RD-data= 1
address= dec RD-data= 1
address= dec RD-data= 1
address= dec RD-data= 1
address= dec RD-data= 1
address= dec RD-data= 1
address= dec RD-data= 1
address= dec RD-data= 1
address= dec RD-data= 1
address= dec RD-data= 1
address= dec RD-data= 1
address= dec RD-data= 1
address= dec RD-data= 1
address= dec RD-data= 1
address= dec RD-data= 1
address= dec RD-data= 1
address= dec RD-data= 1
address= dec RD-data= 1
address= dec RD-data= 1
address= dec RD-data= 1
address= dec RD-data= 1
address= dec RD-data= 1
address= dec RD-data= 1
address= dec RD-data= 1
address= dec RD-data= 1
address= dec RD-data= 1
address= dec RD-data= 1
address= dec RD-data= 1
address= dec RD-data= 1
address= dec RD-data= 1
address= dec RD-data= 1
address= dec RD-data= 1
address= dec RD-data= 1
address= dec RD-data= 1
address= dec RD-data= 1
address= dec RD-data= 1
address= dec RD-data= 1
address= dec RD-data= 1
address= dec RD-data= 1
address= dec RD-data= 1
address= dec RD-data= 1
address= dec RD-data= 1
address= dec RD-data= 1
address= dec RD-data= 1
address= dec RD-data= 1
address= dec RD-data= 1
address= dec RD-data= 1
address= dec RD-data= 1
address= dec RD-data= 1
address= dec RD-data= 1
address= dec RD-data= 1
address= dec RD-data= 1
address= dec RD-data= 1
address= dec RD-data= 1
address= dec RD-data= 1
address= dec RD-data= 1
address= dec RD-data= 1
address= dec RD-data= 1
address= dec RD-data= 1
address= dec RD-data= 1
address= dec RD-data= 1
address= dec RD-data= 1
address= dec RD-data= 1
address= dec RD-data= 1
address= dec RD-data= 1
address= dec RD-data= 1
address= dec RD-data= 1
address= dec RD-data= 1
address= dec RD-data= 1
address= dec RD-data= 1
address= dec RD-data= 1
address= dec RD-data= 1
address= dec RD-data= 1
address= dec RD-data= 1
address= dec RD-data= 1
address= dec RD-data= 1
address= dec RD-data= 1
address= dec RD-data= 1
address= dec RD-data= 1
address= dec RD-data= 1
address= dec RD-data= 1
address= dec RD-data= 1
address= dec RD-data= 1
address= dec RD-data= 1
address= dec RD-data= 1
address= dec RD-data= 1
address= dec RD-data= 1
address= dec RD-data= 1
address= dec RD-data= 1
address= dec RD-data= 1
address= dec RD-data= 1
address= dec RD-data= 1
address= dec RD-data= 1
address= dec RD-data= 1
address= dec RD-data= 1
address= dec RD-data= 1
address= dec RD-data= 1
address= dec RD-data= 1
address= dec RD-data= 1
address= dec RD-data= 1
address= dec RD-data= 1
address= dec RD-data= 1
address= dec RD-data= 1
address= dec RD-data= 1
address= dec RD-data= 1
address= dec RD-data= 1
address= dec RD-data= 1
address= dec RD-data= 1
address= dec RD-data= 1
address= dec RD-data= 1
address= dec RD-data= 1
address= dec RD-data= 1
address= dec RD-data= 1
address= dec RD-data= 1
address= dec RD-data= 1
address= dec RD-data= 1
address= dec RD-data= 1
address= dec RD-data= 1
address= dec RD-data= 1
address= dec RD-data= 1
address= dec RD-data= 1
address= dec RD-data= 1
address= dec RD-data= 1
address= dec RD-data= 1
address= dec RD-data= 1
address= dec RD-data= 1
address= dec RD-data= 1
address= dec RD-data= 1
address= dec RD-data= 1
address= dec RD-data= 1
address= dec RD-data= 1
address= dec RD-data= 1
address= dec RD-data= 1
address= dec RD-data= 1
address= dec RD-data= 1
address= dec RD-data= 1
address= dec RD-data= 1
address= dec RD-data= 1
address= dec RD-data= 1
address= dec RD-data= 1
address= dec RD-data= 1
address= dec RD-data= 1
address= dec RD-data= 1
address= dec RD-data= 1
address= dec RD-data= 1
address= dec RD-data= 1
address= dec RD-data= 1
address= dec RD-data= 1
address= dec RD-data= 1
address= dec RD-data= 1
address= dec RD-data= 1
address= dec RD-data= 1
address= dec RD-data= 1
address= dec RD-data= 1
address= dec RD-data= 1
address= dec RD-data= 1
address= dec RD-data= 1
address= dec RD-data= 1
address= dec RD-data= 1
address= dec RD-data= 1
address= dec RD-data= 1
address= dec RD-data= 1
address= dec RD-data= 1
address= dec RD-data= 1
address= dec RD-data= 1
address= dec RD-data= 1
address= dec RD-data= 1
address= dec RD-data= 1
address= dec RD-data= 1
address= dec RD-data= 1
address= dec RD-data= 1
address= dec RD-data= 1
address= dec RD-data= 1
address= dec RD-data= 1
address= dec RD-data= 1
address= dec RD-data= 1
address= dec RD-data= 1
address= dec RD-data= 1
address= dec RD-data= 1
address= dec RD-data= 1
address= dec RD-data= 1
address= dec RD-data= 1
address= dec RD-data= 1
address= dec RD-data= 1
address= dec RD-data= 1
address= dec RD-data= 1
address= dec RD-data= 1
address= dec RD-data= 1
address= dec RD-data= 1
address= dec RD-data= 1
address= dec RD-data= 1
address= dec RD-data= 1
address= dec RD-data= 1
address= dec RD-data= 1
address= dec RD-data= 1
address= dec RD-data= 1
address= dec RD-data= 1
address= dec RD-data= 1
address= dec RD-data= 1
address= dec RD-data= 1
address= dec RD-data= 1
address= dec RD-data= 1
address= dec RD-data= 1
address= dec RD-data= 1
address= dec RD-data= 1
address= dec RD-data= 1
address= dec RD-data= 1
address= dec RD-data= 1
address= dec RD-data= 1
address= dec RD-data= 1
address= dec RD-data= 1
address= dec RD-data= 1
address= dec RD-data= 1
address= dec RD-data= 1
address= dec RD-data= 1
address= dec RD-data= 1
address= dec RD-data= 1
address= dec RD-data= 1
address= dec RD-data= 1
address= dec RD-data= 1
address= dec RD-data= 1
address= dec RD-data= 1
address= dec RD-data= 1
address= dec RD-data= 1
address= dec RD-data= 1
address= dec RD-data= 1
address= dec RD-data= 1
address= dec RD-data= 1
address= dec RD-data= 1
address= dec RD-data= 1
address= dec RD-data= 1
address= dec RD-data= 1
address= dec RD-data= 1
address= dec RD-data= 1
address= dec RD-data= 1
address= dec RD-data= 1
address= dec RD-data= 1
address= dec RD-data= 1
address= dec RD-data= 1
address= dec RD-data= 1
address= dec RD-data= 1
address= dec RD-data= 1
address= dec RD-data= 1
address= dec RD-data= 1
address= dec RD-data= 1
address= dec RD-data= 1
address= dec RD-data= 1
address= dec RD-data= 1
address= dec RD-data= 1
address= dec RD-data= 1
address= dec RD-data= 1
address= dec RD-data= 1
address= dec RD-data= 1
address= dec RD-data= 1
address= dec RD-data= 1
address= dec RD-data= 1
address= dec RD-data= 1
address= dec RD-data= 1
address= dec RD-data= 1
address= dec RD-data= 1
address= dec RD-data= 1
address= dec RD-data= 1
address= dec RD-data= 1
address= dec RD-data= 1
address= dec RD-data= 1
address= dec RD-data= 1
address= dec RD-data= 1
address= dec RD-data= 1
address= dec RD-data= 1
address= dec RD-data= 1
address= dec RD-data= 1
address= dec RD-data= 1
address= dec RD-data= 1
address= dec RD-data= 1
address= dec RD-data= 1
address= dec RD-data= 1
address= dec RD-data= 1
address= dec RD-data= 1
address= dec RD-data= 1
address= dec RD-data= 1
address= dec RD-data= 1
address= dec RD-data= 1
address= dec RD-data= 1
address= dec RD-data= 1
address= dec RD-data= 1
address= dec RD-data= 1
address= dec RD-data= 1
address= dec RD-data= 1
address= dec RD-data= 1
address= dec RD-data= 1
address= dec RD-data= 1
address= dec RD-data= 1
address= dec RD-data= 1
address= dec RD-data= 1
address= dec RD-data= 1
address= dec RD-data= 1
address= dec RD-data= 1
address= dec RD-data= 1
address= dec RD-data= 1
address= dec RD-data= 1
address= dec RD-data= 1
address= dec RD-data= 1
address= dec RD-data= 1
address= dec RD-data= 1
address= dec RD-data= 1
address= dec RD-data= 1
address= dec RD-data= 1
address= dec RD-data= 1
address= dec RD-data= 1
address= dec RD-data= 1
address= dec RD-data= 1
address= dec RD-data= 1
address= dec RD-data= 1
address= dec RD-data= 1
address= dec RD-data= 1
address= dec RD-data= 1
address= dec RD-data= 1
address= dec RD-data= 1
address= dec RD-data= 1
address= dec RD-data= 1
address= dec RD-data= 1
address= dec RD-data= 1
address= dec RD-data= 1
address= dec RD-data= 1
address= dec RD-data= 1
address= dec RD-data= 1
address= dec RD-data= 1
address= dec RD-data= 1
address= dec RD-data= 1
address= dec RD-data= 1
address= dec RD-data= 1
address= dec RD-data= 1
address= dec RD-data= 1
address= dec RD-data= 1
address= dec RD-data= 1
address= dec RD-data= 1
address= dec RD-data= 1
address= dec RD-data= 1
address= dec RD-data= 1
address= dec RD-data= 1
address= dec RD-data= 1
address= dec RD-data= 1
address= dec RD-data= 1
address= dec RD-data= 1
address= dec RD-data= 1
address= dec RD-data= 1
address= dec RD-data= 1
address= dec RD-data= 1
address= dec RD-data= 1
address= dec RD-data= 1
address= dec RD-data= 1
address= dec RD-data= 1
address= dec RD-data= 1
address= dec RD-data= 1
address= dec RD-data= 1
address= dec RD-data= 1
address= dec RD-data= 1
address= dec RD-data= 1
address= dec RD-data= 1
address= dec RD-data= 1
address= dec RD-data= 1
address= dec RD-data= 1
address= dec RD-data= 1
address= dec RD-data= 1
address= dec RD-data= 1
address= dec RD-data= 1
address= dec RD-data= 1
address= dec RD-data= 1
address= dec RD-data= 1
address= dec RD-data= 1
address= dec RD-data= 1
address= dec RD-data= 1
address= dec RD-data= 1
address= dec RD-data= 1
address= dec RD-data= 1
address= dec RD-data= 1
address= dec RD-data= 1
address= dec RD-data= 1
address= dec RD-data= 1
address= dec RD-data= 1
address= dec RD-data= 1
address= dec RD-data= 1
address= dec RD-data= 1
address= dec RD-data= 1
address= dec RD-data= 1
address= dec RD-data= 1
address= dec RD-data= 1
address= dec RD-data= 1
address= dec RD-data= 1
address= dec RD-data= 1
address= dec RD-data= 1
address= dec RD-data= 1
address= dec RD-data= 1
address= dec RD-data= 1
address= dec RD-data= 1
address= dec RD-data= 1
address= dec RD-data= 1
address= dec RD-data= 1
address= dec RD-data= 1
address= dec RD-data= 1
address= dec RD-data= 1
address= dec RD-data= 1
address= dec RD-data= 1
address= dec RD-data= 1
address= dec RD-data= 1
address= dec RD-data= 1
address= dec RD-data= 1
address= dec RD-data= 1
address= dec RD-data= 1
address= dec RD-data= 1
address= dec RD-data= 1
address= dec RD-data= 1
address= dec RD-data= 1
address= dec RD-data= 1
address= dec RD-data= 1
address= dec RD-data= 1
address= dec RD-data= 1
address= dec RD-data= 1
address= dec RD-data= 1
address= dec RD-data= 1
address= dec RD-data= 1
address= dec RD-data= 1
address= dec RD-data= 1
address= dec RD-data= 1
address= dec RD-data= 1
address= dec RD-data= 1
address= dec RD-data= 1
address= dec RD-data= 1
address= dec RD-data= 1
address= dec RD-data= 1
address= dec RD-data= 1
address= dec RD-data= 1
address= dec RD-data= 1
address= dec RD-data= 1
address= dec RD-data= 1
address= dec RD-data= 1
address= dec RD-data= 1
address= dec RD-data= 1
address= dec RD-data= 1
address= dec RD-data= 1
address= dec RD-data= 1
address= dec RD-data= 1
address= dec RD-data= 1
address= dec RD-data= 1
address= dec RD-data= 1
address= dec RD-data= 1
address= dec RD-data= 1
address= dec RD-data= 1
address= dec RD-data= 1
address= dec RD-data= 1
address= dec RD-data= 1
address= dec RD-data= 1
address= dec RD-data= 1
address= dec RD-data= 1
address= dec RD-data= 1
address= dec RD-data= 1
address= dec RD-data= 1
address= dec RD-data= 1
address= dec RD-data= 1
address= dec RD-data= 1
address= dec RD-data= 1
address= dec RD-data= 1
address= dec RD-data= 1
address= dec RD-data= 1
address= dec RD-data= 1
address= dec RD-data= 1
address= dec RD-data= 1
address= dec RD-data= 1
address= dec RD-data= 1
address= dec RD-data= 1
address= dec RD-data= 1
address= dec RD-data= 1
address= dec RD-data= 1
address= dec RD-data= 1
address= dec RD-data= 1
address= dec RD-data= 1
address= dec RD-data= 1
address= dec RD-data= 1
address= dec RD-data= 1
address= dec RD-data= 1
address= dec RD-data= 1
address= dec RD-data= 1
address= dec RD-data= 1
address= dec RD-data= 1
address= dec RD-data= 1
address= dec RD-data= 1
address= dec RD-data= 1
address= dec RD-data= 1
address= dec RD-data= 1
address= dec RD-data= 1
address= dec RD-data= 1
address= dec RD-data= 1
address= dec RD-data= 1
address= dec RD-data= 1
address= dec RD-data= 1
address= dec RD-data= 1
address= dec RD-data= 1
address= dec RD-data= 1
address= dec RD-data= 1
address= dec RD-data= 1
address= dec RD-data= 1
address= dec RD-data= 1
address= dec RD-data= 1
address= dec RD-data= 1
address= dec RD-data= 1
address= dec RD-data= 1
address= dec RD-data= 1
address= dec RD-data= 1
address= dec RD-data= 1
address= dec RD-data= 1
address= dec RD-data= 1
address= dec RD-data= 1
address= dec RD-data= 1
address= dec RD-data= 1
address= dec RD-data= 1
address= dec RD-data= 1
address= dec RD-data= 1
address= dec RD-data= 1
address= dec RD-data= 1
address= dec RD-data= 1
address= dec RD-data= 1
address= dec RD-data= 1
address= dec RD-data= 1
address= dec RD-data= 1
address= dec RD-data= 1
address= dec RD-data= 1
address= dec RD-data= 1
address= dec RD-data= 1
address= dec RD-data= 1
address= dec RD-data= 1
address= dec RD-data= 1
address= dec RD-data= 1
address= dec RD-data= 1
address= dec RD-data= 1
address= dec RD-data= 1
address= dec RD-data= 1
address= dec RD-data= 1
address= dec RD-data= 1
address= dec RD-data= 1
address= dec RD-data= 1
address= dec RD-data= 1
address= dec RD-data= 1
address= dec RD-data= 1
address= dec RD-data= 1
address= dec RD-data= 1
address= dec RD-data= 1
address= dec RD-data= 1
address= dec RD-data= 1
address= dec RD-data= 1
address= dec RD-data= 1
address= dec RD-data= 1
address= dec RD-data= 1
address= dec RD-data= 1
address= dec RD-data= 1
address= dec RD-data= 1
address= dec RD-data= 1
address= dec RD-data= 1
address= dec RD-data= 1
address= dec RD-data= 1
address= dec RD-data= 1
address= dec RD-data= 1
address= dec RD-data= 1
address= dec RD-data= 1
address= dec RD-data= 1
address= dec RD-data= 1
address= dec RD-data= 1
address= dec RD-data= 1
address= dec RD-data= 1
address= dec RD-data= 1
address= dec RD-data= 1
address= dec RD-data= 1
address= dec RD-data= 1
address= dec RD-data= 1
address= dec RD-data= 1
address= dec RD-data= 1
address= dec RD-data= 1
address= dec RD-data= 1
address= dec RD-data= 1
address= dec RD-data= 1
address= dec RD-data= 1
address= dec RD-data= 1
address= dec RD-data= 1
address= dec RD-data= 1
address= dec RD-data= 1
address= dec RD-data= 1
address= dec RD-data= 1
address= dec RD-data= 1
address= dec RD-data= 1
address= dec RD-data= 1
address= dec RD-data= 1
address= dec RD-data= 1
address= dec RD-data= 1
address= dec RD-data= 1
address= dec RD-data= 1
address= dec RD-data= 1
address= dec RD-data= 1
address= dec RD-data= 1
address= dec RD-data= 1
address= dec RD-data= 1
address= dec RD-data= 1
address= dec RD-data= 1
address= dec RD-data= 1
address= dec RD-data= 1
address= dec RD-data= 1
address= dec RD-data= 1
address= dec RD-data= 1
address= dec RD-data= 1
address= dec RD-data= 1
address= dec RD-data= 1
address= dec RD-data= 1
address= dec RD-data= 1
address= dec RD-data= 1
address= dec RD-data= 1
address= dec RD-data= 1
address= dec RD-data= 1
address= dec RD-data= 1
address= dec RD-data= 1
address= dec RD-data= 1
address= dec RD-data= 1
address= dec RD-data= 1
address= dec RD-data= 1
address= dec RD-data= 1
address= dec RD-data= 1
address= dec RD-data= 1
address= dec RD-data= 1
address= dec RD-data= 1
address= dec RD-data= 1
address= dec RD-data= 1
address= dec RD-data= 1
address= dec RD-data= 1
address= dec RD-data= 1
address= dec RD-data= 1
address= dec RD-data= 1
address= dec RD-data= 1
address= dec RD-data= 1
address= dec RD-data= 1
address= dec RD-data= 1
address= dec RD-data= 1
address= dec RD-data= 1
address= dec RD-data= 1
address= dec RD-data= 1
address= dec RD-data= 1
address= dec RD-data= 1
address= dec RD-data= 1
address= dec RD-data= 1
address= dec RD-data= 1
address= dec RD-data= 1
address= dec RD-data= 1
address= dec RD-data= 1
address= dec RD-data= 1
address= dec RD-data= 1
address= dec RD-data= 1
address= dec RD-data= 1
address= dec RD-data= 1
address= dec RD-data= 1
address= dec RD-data= 1
address= dec RD-data= 1
address= dec RD-data= 1
address= dec RD-data= 1
address= dec RD-data= 1
address= dec RD-data= 1
address= dec RD-data= 1
address= dec RD-data= 1
address= dec RD-data= 1
address= dec RD-data= 1
address= dec RD-data= 1
address= dec RD-data= 1
address= dec RD-data= 1
address= dec RD-data= 1
address= dec RD-data= 1
address= dec RD-data= 1
address= dec RD-data= 1
address= dec RD-data= 1
address= dec RD-data= 1
address= dec RD-data= 1
address= dec RD-data= 1
address= dec RD-data= 1
address= dec RD-data= 1
address= dec RD-data= 1
address= dec RD-data= 1
address= dec RD-data= 1
address= dec RD-data= 1
address= dec RD-data= 1
address= dec RD-data= 1
address= dec RD-data= 1
address= dec RD-data= 1
address= dec RD-data= 1
address= dec RD-data= 1
address= dec RD-data= 1
address= dec RD-data= 1
address= dec RD-data= 1
address= dec RD-data= 1
address= dec RD-data= 1
address= dec RD-data= 1
address= dec RD-data= 1
address= dec RD-data= 1
address= dec RD-data= 1
address= dec RD-data= 1
address= dec RD-data= 1
address= dec RD-data= 1
address= dec RD-data= 1
address= dec RD-data= 1
address= dec RD-data= 1
address= dec RD-data= 1
address= dec RD-data= 1
address= dec RD-data= 1
address= dec RD-data= 1
address= dec RD-data= 1
address= dec RD-data= 1
address= dec RD-data= 1
address= dec RD-data= 1
address= dec RD-data= 1
address= dec RD-data= 1
address= dec RD-data= 1
address= dec RD-data= 1
address= dec RD-data= 1
address= dec RD-data= 1
address= dec RD-data= 1
address= dec RD-data= 1
address= dec RD-data= 1
address= dec RD-data= 1
address= dec RD-data= 1
address= dec RD-data= 1
address= dec RD-data= 1
address= dec RD-data= 1
address= dec RD-data= 1
address= dec RD-data= 1
address= dec RD-data= 1
address= dec RD-data= 1
address= dec RD-data= 1
address= dec RD-data= 1
address= dec RD-data= 1
address= dec RD-data= 1
address= dec RD-data= 1
address= dec RD-data= 1
address= dec RD-data= 1
address= dec RD-data= 1
address= dec RD-data= 1
address= dec RD-data= 1
address= dec RD-data= 1
address= dec RD-data= 1
address= dec RD-data= 1
address= dec RD-data= 1
address= dec RD-data= 1
address= dec RD-data= 1
address= dec RD-data= 1
address= dec RD-data= 1
address= dec RD-data= 1
address= dec RD-data= 1
address= dec RD-data= 1
address= dec RD-data= 1
address= dec RD-data= 1
address= dec RD-data= 1
address= dec RD-data= 1
address= dec RD-data= 1
address= dec RD-data= 1
address= dec RD-data= 1
address= dec RD-data= 1
address= dec RD-data= 1
address= dec RD-data= 1
address= dec RD-data= 1
address= dec RD-data= 1
address= dec RD-data= 1
address= dec RD-data= 1
address= dec RD-data= 1
address= dec RD-data= 1
address= dec RD-data= 1
address= dec RD-data= 1
address= dec RD-data= 1
address= dec RD-data= 1
address= dec RD-data= 1
address= dec RD-data= 1
address= dec RD-data= 1
address= dec RD-data= 1
address= dec RD-data= 1
address= dec RD-data= 1
address= dec RD-data= 1
address= dec RD-data= 1
address= dec RD-data= 1
address= dec RD-data= 1
address= dec RD-data= 1
address= dec RD-data= 1
address= dec RD-data= 1
address= dec RD-data= 1
address= dec RD-data= 1
address= dec RD-data= 1
address= dec RD-data= 1
address= dec RD-data= 1
address= dec RD-data= 1
address= dec RD-data= 1
address= dec RD-data= 1
address= dec RD-data= 1
address= dec RD-data= 1
address= dec RD-data= 1
address= dec RD-data= 1
address= dec RD-data= 1
address= dec RD-data= 1
address= dec RD-data= 1
address= dec RD-data= 1
address= dec RD-data= 1
address= dec RD-data= 1
address= dec RD-data= 1
address= dec RD-data= 1
address= dec RD-data= 1
address= dec RD-data= 1
address= dec RD-data= 1
address= dec RD-data= 1
address= dec RD-data= 1
address= dec RD-data= 1
address= dec RD-data= 1
address= dec RD-data= 1
address= dec RD-data= 1
address= dec RD-data= 1
address= dec RD-data= 1
address= dec RD-data= 1
address= dec RD-data= 1
address= dec RD-data= 1
address= dec RD-data= 1
address= dec RD-data= 1
address= dec RD-data= 1
address= dec RD-data= 1
address= dec RD-data= 1
address= dec RD-data= 1
address= dec RD-data= 1
address= dec RD-data= 1
address= dec RD-data= 1
address= dec RD-data= 1
address= dec RD-data= 1
address= dec RD-data= 1
address= dec RD-data= 1
address= dec RD-data= 1
address= dec RD-data= 1
address= dec RD-data= 1
address= dec RD-data= 1
address= dec RD-data= 1
address= dec RD-data= 1
address= dec RD-data= 1
address= dec RD-data= 1
address= dec RD-data= 1
address= dec RD-data= 1
address= dec RD-data= 1
address= dec RD-data= 1
address= dec RD-data= 1
address= dec RD-data= 1
address= dec RD-data= 1
address= dec RD-data= 1
address= dec RD-data= 1
address= dec RD-data= 1
address= dec RD-data= 1
address= dec RD-data= 1
address= dec RD-data= 1
address= dec RD-data= 1
address= dec RD-data= 1
address= dec RD-data= 1
address= dec RD-data= 1
address= dec RD-data= 1
address= dec RD-data= 1
address= dec RD-data= 1
address= dec RD-data= 1
address= dec RD-data= 1
address= dec RD-data= 1
address= dec RD-data= 1
address= dec RD-data= 1
address= dec RD-data= 1
address= dec RD-data= 1
address= dec RD-data= 1
address= dec RD-data= 1
address= dec RD-data= 1
address= dec RD-data= 1
address= dec RD-data= 1
address= dec RD-data= 1
address= dec RD-data= 1
address= dec RD-data= 1
address= dec RD-data= 1
address= dec RD-data= 1
address= dec RD-data= 1
address= dec RD-data= 1
address= dec RD-data= 1
address= dec RD-data= 1
address= dec RD-data= 1
address= dec RD-data= 1
address= dec RD-data= 1
address= dec RD-data= 1
address= dec RD-data= 1
address= dec RD-data= 1
address= dec RD-data= 1
address= dec RD-data= 1
address= dec RD-data= 1
address= dec RD-data= 1
address= dec RD-data= 1
address= dec RD-data= 1
address= dec RD-data= 1
address= dec RD-data= 1
address= dec RD-data= 1
address= dec RD-data= 1
address= dec RD-data= 1
address= dec RD-data= 1
address= dec RD-data= 1
address= dec RD-data= 1
address= dec RD-data= 1
address= dec RD-data= 1
address= dec RD-data= 1
address= dec RD-data= 1
address= dec RD-data= 1
address= dec RD-data= 1
address= dec RD-data= 1
address= dec RD-data= 1
address= dec RD-data= 1
address= dec RD-data= 1
address= dec RD-data= 1
address= dec RD-data= 1
address= dec RD-data= 1
address= dec RD-data= 1
address= dec RD-data= 1
address= dec RD-data= 1
address= dec RD-data= 1
address= dec RD-data= 1
address= dec RD-data= 1
address= dec RD-data= 1
address= dec RD-data= 1
address= dec RD-data= 1
address= dec RD-data= 1
address= dec RD-data= 1
address= dec RD-data= 1
address= dec RD-data= 1
address= dec RD-data= 1
address= dec RD-data= 1
address= dec RD-data= 1
address= dec RD-data= 1
address= dec RD-data= 1
address= dec RD-data= 1
address= dec RD-data= 1
address= dec RD-data= 1
address= dec RD-data= 1
address= dec RD-data= 1
address= dec RD-data= 1
address= dec RD-data= 1
address= dec RD-data= 1
address= dec RD-data= 1
address= dec RD-data= 1
address= dec RD-data= 1
address= dec RD-data= 1
address= dec RD-data= 1
address= dec RD-data= 1
address= dec RD-data= 1
address= dec RD-data= 1
address= dec RD-data= 1
address= dec RD-data= 1
address= dec RD-data= 1
address= dec RD-data= 1
address= dec RD-data= 1
address= dec RD-data= 1
address= dec RD-data= 1
address= dec RD-data= 1
address= dec RD-data= 1
address= dec RD-data= 1
address= dec RD-data= 1
address= dec RD-data= 1
address= dec RD-data= 1
address= dec RD-data= 1
address= dec RD-data= 1
address= dec RD-data= 1
address= dec RD-data= 1
address= dec RD-data= 1
address= dec RD-data= 1
address= dec RD-data= 1
address= dec RD-data= 1
address= dec RD-data= 1
address= dec RD-data= 1
address= dec RD-data= 1
address= dec RD-data= 1
address= dec RD-data= 1
address= dec RD-data= 1
address= dec RD-data= 1
address= dec RD-data= 1
address= dec RD-data= 1
address= dec RD-data= 1
address= dec RD-data= 1
address= dec RD-data= 1
address= dec RD-data= 1
address= dec RD-data= 1
address= dec RD-data= 1
address= dec RD-data= 1
address= dec RD-data= 1
address= dec RD-data= 1
address= dec RD-data= 1
address= dec RD-data= 1
address= dec RD-data= 1
address= dec RD-data= 1
address= dec RD-data= 1
address= dec RD-data= 1
address= dec RD-data= 1
address= dec RD-data= 1
address= dec RD-data= 1
address= dec RD-data= 1
address= dec RD-data= 1
address= dec RD-data= 1
address= dec RD-data= 1
address= dec RD-data= 1
address= dec RD-data= 1
address= dec RD-data= 1
address= dec RD-data= 1
address= dec RD-data= 1
address= dec RD-data= 1
address= dec RD-data= 1
address= dec RD-data= 1
address= dec RD-data= 1
address= dec RD-data= 1
address= dec RD-data= 1
address= dec RD-data= 1
address= dec RD-data= 1
address= dec RD-data= 1
address= dec RD-data= 1
address= dec RD-data= 1
address= dec RD-data= 1
address= dec RD-data= 1
address= dec RD-data= 1
address= dec RD-data= 1
address= dec RD-data= 1
address= dec RD-data= 1
address= dec RD-data= 1
address= dec RD-data= 1
address= dec RD-data= 1
address= dec RD-data= 1
address= dec RD-data= 1
address= dec RD-data= 1
address= dec RD-data= 1
address= dec RD-data= 1
address= dec RD-data= 1
address= dec RD-data= 1
address= dec RD-data= 1
address= dec RD-data= 1
address= dec RD-data= 1
address= dec RD-data= 1
address= dec RD-data= 1
address= dec RD-data= 1
address= dec RD-data= 1
address= dec RD-data= 1
address= dec RD-data= 1
address= dec RD-data= 1
address= dec RD-data= 1
address= dec RD-data= 1
address= dec RD-data= 1
address= dec RD-data= 1
address= dec RD-data= 1
address= dec RD-data= 1
address= dec RD-data= 1
address= dec RD-data= 1
address= dec RD-data= 1
address= dec RD-data= 1
address= dec RD-data= 1
address= dec RD-data= 1
address= dec RD-data= 1
address= dec RD-data= 1
address= dec RD-data= 1
address= dec RD-data= 1
address= dec RD-data= 1
address= dec RD-data= 1
address= dec RD-data= 1
address= dec RD-data= 1
address= dec RD-data= 1
address= dec RD-data= 1
address= dec RD-data= 1
address= dec RD-data= 1
address= dec RD-data= 1
address= dec RD-data= 1
address= dec RD-data= 1
address= dec RD-data= 1
address= dec RD-data= 1
address= dec RD-data= 1
address= dec RD-data= 1
address= dec RD-data= 1
address= dec RD-data= 1
address= dec RD-data= 1
address= dec RD-data= 1
address= dec RD-data= 1
address= dec RD-data= 1
address= dec RD-data= 1
address= dec RD-data= 1
address= dec RD-data= 1
address= dec RD-data= 1
address= dec RD-data= 1
address= dec RD-data= 1
address= dec RD-data= 1
address= dec RD-data= 1
address= dec RD-data= 1
address= dec RD-data= 1
address= dec RD-data= 1
