|--+---------+--+--+-----+----+----------------------------------------------------------------|
|  |         | P|  |     |    |                                                                |
|  |         | O|  |     |    |                                                                |
|  |         | R|TX|     |    |                                                                |
| M|   TIME  | T|RX| TYPE| CRC|                              DATA                              |
|--+---------+--+--+-----+----+----------------------------------------------------------------|
|--+---------+--+--+--+-----+-----+-----+-+-+-+-+--+--+--+--+--+-+-+--------|
|  |         |  |  |  |     |     |     | | | |D|  | V|  |  |  | | |        |
|  |         |  |  |  |     |     |     | |R|R|A|  | E|  |  |  | | |        |
|  |         |  |  |  |     |     |     | |S|E|T|  | R|WR|  |NU|V|E|        |
|  |         | P|  |  |     |     |     | |P|Q|A|  | S|AP|  |M_|I|M|        |
|  |         | O|  |  |     |     |     | | | | | A| I|VA|  |RE|R|P|        |
|  |         | R|TR|SE|     |     |     |A|C|C|C| C| O|LU|ES|TR|A|T|        |
| M|   TIME  | T|RX| Q| TYPE| LLCR| LLCR|K|R|R|R| K| N| E|EQ| Y|L|Y| PAYLOAD|
|--+---------+--+--+--+-----+-----+-----+-+-+-+-+--+--+--+--+--+-+-+--------|
|--+---------+--+--+--+--+-+-+-+-+--------+--------+--------+--------+-+-+-+------------------------|
|  |         |  |  |  |  | | | | |        |        |        |        |R|R|R|                        |
|  |         |  |  |  |  | | | | |        |        |        |        |E|E|E|                        |
|  |         |  |  |  |  | | | | |        |        |        |        |Q|Q|Q|                        |
|  |         | P|  |  |  |T| | |S|        |        |        |        | | | |                        |
|  |         | O|  |  |  |Y|A| |I|    S   |    S   |    S   |    S   |C|C|C|                        |
|  |         | R|TX|SE| H|P|C|B|Z|    L   |    L   |    L   |    L   |R|R|R|                        |
| M|   TIME  | T|RX| Q| D|E|K|E|E|    0   |    1   |    2   |    3   |D|D|D|         SLOT_HD        |
|--+---------+--+--+--+--+-+-+-+-+--------+--------+--------+--------+-+-+-+------------------------|
    83076001010 CM RX FLT   4198 0000000000000000 0000000000000000 0000000000000000 0000000000000000
                               0000000000000000 0000000000000000 0000000000000000 0000003100000001
                 RX -- LLCTR RETRY FRAME - - - - -- -- -- -- -- - - --------
    83080001010 CM RX FLT   4198 0000000000000000 0000000000000000 0000000000000000 0000000000000000
                               0000000000000000 0000000000000000 0000000000000000 0000003100000001
                 RX -- LLCTR RETRY FRAME - - - - -- -- -- -- -- - - --------
    83084001010 CM RX FLT   4198 0000000000000000 0000000000000000 0000000000000000 0000000000000000
                               0000000000000000 0000000000000000 0000000000000000 0000003100000001
                 RX -- LLCTR RETRY FRAME - - - - -- -- -- -- -- - - --------
    83088001010 CM RX FLT   4198 0000000000000000 0000000000000000 0000000000000000 0000000000000000
                               0000000000000000 0000000000000000 0000000000000000 0000003100000001
                 RX -- LLCTR RETRY FRAME - - - - -- -- -- -- -- - - --------
    83096001010 CM RX FLT   4198 0000000000000000 0000000000000000 0000000000000000 0000000000000000
                               0000000000000000 0000000000000000 0000000000000000 0000003100000001
                 RX -- LLCTR RETRY FRAME - - - - -- -- -- -- -- - - --------
    83104001010 CM RX FLT   12C7 0000000000000000 0000000000000000 0000000000000000 0000000000000000
                               0000000000000000 0000000000000000 0000000000000000 0000001100000001
                 RX -- LLCTR RETRY  REQ  - - - - -- -- --  0  0 - - --------
    83112001010 CM RX FLT   C341 0000000000000000 0000000000000000 0000000000000000 0000000000000000
                               0000000000000000 0000000000000000 0000000000000000 0000000100000001
                 RX -- LLCTR RETRY IDLE  - - - - -- -- -- -- -- - - --------
    83124001010 CM RX FLT   C341 0000000000000000 0000000000000000 0000000000000000 0000000000000000
                               0000000000000000 0000000000000000 0000000000000000 0000000100000001
                 RX -- LLCTR RETRY IDLE  - - - - -- -- -- -- -- - - --------
    83132001010 CM RX FLT   C341 0000000000000000 0000000000000000 0000000000000000 0000000000000000
                               0000000000000000 0000000000000000 0000000000000000 0000000100000001
                 RX -- LLCTR RETRY IDLE  - - - - -- -- -- -- -- - - --------
    83140001010 CM RX FLT   C341 0000000000000000 0000000000000000 0000000000000000 0000000000000000
                               0000000000000000 0000000000000000 0000000000000000 0000000100000001
                 RX -- LLCTR RETRY IDLE  - - - - -- -- -- -- -- - - --------
    83148001010 CM RX FLT   C341 0000000000000000 0000000000000000 0000000000000000 0000000000000000
                               0000000000000000 0000000000000000 0000000000000000 0000000100000001
                 RX -- LLCTR RETRY IDLE  - - - - -- -- -- -- -- - - --------
    83156001010 CM RX FLT   C341 0000000000000000 0000000000000000 0000000000000000 0000000000000000
                               0000000000000000 0000000000000000 0000000000000000 0000000100000001
                 RX -- LLCTR RETRY IDLE  - - - - -- -- -- -- -- - - --------
    83168001010 CM RX FLT   C341 0000000000000000 0000000000000000 0000000000000000 0000000000000000
                               0000000000000000 0000000000000000 0000000000000000 0000000100000001
                 RX -- LLCTR RETRY IDLE  - - - - -- -- -- -- -- - - --------
    83176001010 CM RX FLT   C341 0000000000000000 0000000000000000 0000000000000000 0000000000000000
                               0000000000000000 0000000000000000 0000000000000000 0000000100000001
                 RX -- LLCTR RETRY IDLE  - - - - -- -- -- -- -- - - --------
    83184001010 CM RX FLT   C341 0000000000000000 0000000000000000 0000000000000000 0000000000000000
                               0000000000000000 0000000000000000 0000000000000000 0000000100000001
                 RX -- LLCTR RETRY IDLE  - - - - -- -- -- -- -- - - --------
    83192001010 CM RX FLT   C341 0000000000000000 0000000000000000 0000000000000000 0000000000000000
                               0000000000000000 0000000000000000 0000000000000000 0000000100000001
                 RX -- LLCTR RETRY IDLE  - - - - -- -- -- -- -- - - --------
    83200001010 CM RX FLT   C341 0000000000000000 0000000000000000 0000000000000000 0000000000000000
                               0000000000000000 0000000000000000 0000000000000000 0000000100000001
                 RX -- LLCTR RETRY IDLE  - - - - -- -- -- -- -- - - --------
    83208001010 CM RX FLT   C341 0000000000000000 0000000000000000 0000000000000000 0000000000000000
                               0000000000000000 0000000000000000 0000000000000000 0000000100000001
                 RX -- LLCTR RETRY IDLE  - - - - -- -- -- -- -- - - --------
    83216001010 CM RX FLT   C341 0000000000000000 0000000000000000 0000000000000000 0000000000000000
                               0000000000000000 0000000000000000 0000000000000000 0000000100000001
                 RX -- LLCTR RETRY IDLE  - - - - -- -- -- -- -- - - --------
    83224001010 CM RX FLT   C341 0000000000000000 0000000000000000 0000000000000000 0000000000000000
                               0000000000000000 0000000000000000 0000000000000000 0000000100000001
                 RX -- LLCTR RETRY IDLE  - - - - -- -- -- -- -- - - --------
    83236001010 CM RX FLT   C341 0000000000000000 0000000000000000 0000000000000000 0000000000000000
                               0000000000000000 0000000000000000 0000000000000000 0000000100000001
                 RX -- LLCTR RETRY IDLE  - - - - -- -- -- -- -- - - --------
    83237001010 CM TX FLT   C341 0000000000000000 0000000000000000 0000000000000000 0000000000000000
                               0000000000000000 0000000000000000 0000000000000000 0000000100000001
                 TX -- LLCTR RETRY IDLE  - - - - -- -- -- -- -- - - --------
    83244001010 CM RX FLT   C341 0000000000000000 0000000000000000 0000000000000000 0000000000000000
                               0000000000000000 0000000000000000 0000000000000000 0000000100000001
                 RX -- LLCTR RETRY IDLE  - - - - -- -- -- -- -- - - --------
    83245001010 CM TX FLT   C341 0000000000000000 0000000000000000 0000000000000000 0000000000000000
                               0000000000000000 0000000000000000 0000000000000000 0000000100000001
                 TX -- LLCTR RETRY IDLE  - - - - -- -- -- -- -- - - --------
    83249001010 CM TX FLT   C341 0000000000000000 0000000000000000 0000000000000000 0000000000000000
                               0000000000000000 0000000000000000 0000000000000000 0000000100000001
                 TX -- LLCTR RETRY IDLE  - - - - -- -- -- -- -- - - --------
    83252001010 CM RX FLT   C341 0000000000000000 0000000000000000 0000000000000000 0000000000000000
                               0000000000000000 0000000000000000 0000000000000000 0000000100000001
                 RX -- LLCTR RETRY IDLE  - - - - -- -- -- -- -- - - --------
    83253001010 CM TX FLT   C341 0000000000000000 0000000000000000 0000000000000000 0000000000000000
                               0000000000000000 0000000000000000 0000000000000000 0000000100000001
                 TX -- LLCTR RETRY IDLE  - - - - -- -- -- -- -- - - --------
    83257001010 CM TX FLT   C341 0000000000000000 0000000000000000 0000000000000000 0000000000000000
                               0000000000000000 0000000000000000 0000000000000000 0000000100000001
                 TX -- LLCTR RETRY IDLE  - - - - -- -- -- -- -- - - --------
    83260001010 CM RX FLT   C341 0000000000000000 0000000000000000 0000000000000000 0000000000000000
                               0000000000000000 0000000000000000 0000000000000000 0000000100000001
                 RX -- LLCTR RETRY IDLE  - - - - -- -- -- -- -- - - --------
    83261001010 CM TX FLT   C341 0000000000000000 0000000000000000 0000000000000000 0000000000000000
                               0000000000000000 0000000000000000 0000000000000000 0000000100000001
                 TX -- LLCTR RETRY IDLE  - - - - -- -- -- -- -- - - --------
    83265001010 CM TX FLT   C341 0000000000000000 0000000000000000 0000000000000000 0000000000000000
                               0000000000000000 0000000000000000 0000000000000000 0000000100000001
                 TX -- LLCTR RETRY IDLE  - - - - -- -- -- -- -- - - --------
    83268001010 CM RX FLT   3FC2 0000000000000000 0000000000000000 0000000000000000 0000000000000000
                               0000000000000000 0000000000000000 000000006F000001 0000008C00000001
                 RX  0 LLCTR INIT  ----- - - - - --  1 6F -- -- - - --------
    83269001010 CM TX FLT   4056 0000000000000000 0000000000000000 0000000000000000 0000000000000000
                               0000000000000000 0000000000000000 0000000020000001 0000008C00000001
                 TX  0 LLCTR INIT  ----- - - - - --  1 20 -- -- - - --------
    83276001010 CM RX FLT   C341 0000000000000000 0000000000000000 0000000000000000 0000000000000000
                               0000000000000000 0000000000000000 0000000000000000 0000000100000001
                 RX -- LLCTR RETRY IDLE  - - - - -- -- -- -- -- - - --------
    83277001010 CM TX FLT   152B 0000000000000000 0000000000000000 0000000000000000 0000000000000000
                               0000000000000000 0000000000000000 0000000000000000 00000010FF700001
                 TX  0 LLCTR CRD   ----- 0 7 F F  0 -- -- -- -- - - --------
    83281001010 CM TX FLT   66A7 0000000000000000 0000000000000000 0000000000000000 0000000000000000
                               0000000000000000 0000000000000000 0000000000000000 0000001077000001
                 TX  0 LLCTR CRD   ----- 0 0 7 7  0 -- -- -- -- - - --------
    83284001010 CM RX FLT   C341 0000000000000000 0000000000000000 0000000000000000 0000000000000000
                               0000000000000000 0000000000000000 0000000000000000 0000000100000001
                 RX -- LLCTR RETRY IDLE  - - - - -- -- -- -- -- - - --------
    83285001010 CM TX FLT   21D5 0000000000000000 0000000000000000 0000000000000000 0000000000000000
                               0000000000000000 0000000000000000 0000000000000000 0000001000000001
                 TX  0 LLCTR CRD   ----- 0 0 0 0  0 -- -- -- -- - - --------
    83292001010 CM RX FLT   C341 0000000000000000 0000000000000000 0000000000000000 0000000000000000
                               0000000000000000 0000000000000000 0000000000000000 0000000100000001
                 RX -- LLCTR RETRY IDLE  - - - - -- -- -- -- -- - - --------
    83293001010 CM TX FLT   4198 0000000000000000 0000000000000000 0000000000000000 0000000000000000
                               0000000000000000 0000000000000000 0000000000000000 0000003100000001
                 TX -- LLCTR RETRY FRAME - - - - -- -- -- -- -- - - --------
    83297001010 CM TX FLT   4198 0000000000000000 0000000000000000 0000000000000000 0000000000000000
                               0000000000000000 0000000000000000 0000000000000000 0000003100000001
                 TX -- LLCTR RETRY FRAME - - - - -- -- -- -- -- - - --------
    83301001010 CM TX FLT   4198 0000000000000000 0000000000000000 0000000000000000 0000000000000000
                               0000000000000000 0000000000000000 0000000000000000 0000003100000001
                 TX -- LLCTR RETRY FRAME - - - - -- -- -- -- -- - - --------
    83304001010 CM RX FLT   C341 0000000000000000 0000000000000000 0000000000000000 0000000000000000
                               0000000000000000 0000000000000000 0000000000000000 0000000100000001
                 RX -- LLCTR RETRY IDLE  - - - - -- -- -- -- -- - - --------
    83305001010 CM TX FLT   4198 0000000000000000 0000000000000000 0000000000000000 0000000000000000
                               0000000000000000 0000000000000000 0000000000000000 0000003100000001
                 TX -- LLCTR RETRY FRAME - - - - -- -- -- -- -- - - --------
    83312001010 CM RX FLT   C341 0000000000000000 0000000000000000 0000000000000000 0000000000000000
                               0000000000000000 0000000000000000 0000000000000000 0000000100000001
                 RX -- LLCTR RETRY IDLE  - - - - -- -- -- -- -- - - --------
    83313001010 CM TX FLT   4198 0000000000000000 0000000000000000 0000000000000000 0000000000000000
                               0000000000000000 0000000000000000 0000000000000000 0000003100000001
                 TX -- LLCTR RETRY FRAME - - - - -- -- -- -- -- - - --------
    83317001010 CM TX FLT   1968 0000000000000000 0000000000000000 0000000000000000 0000000000000000
                               0000000000000000 0000000000000000 000000001D000400 0000002100000001
                 TX -- LLCTR RETRY  ACK  - - - - -- -- --  0  0 0 0 --------
    83320001010 CM RX FLT   C341 0000000000000000 0000000000000000 0000000000000000 0000000000000000
                               0000000000000000 0000000000000000 0000000000000000 0000000100000001
                 RX -- LLCTR RETRY IDLE  - - - - -- -- -- -- -- - - --------
    83328001010 CM RX FLT   C341 0000000000000000 0000000000000000 0000000000000000 0000000000000000
                               0000000000000000 0000000000000000 0000000000000000 0000000100000001
                 RX -- LLCTR RETRY IDLE  - - - - -- -- -- -- -- - - --------
    83336001010 CM RX FLT   C341 0000000000000000 0000000000000000 0000000000000000 0000000000000000
                               0000000000000000 0000000000000000 0000000000000000 0000000100000001
                 RX -- LLCTR RETRY IDLE  - - - - -- -- -- -- -- - - --------
    83344001010 CM RX FLT   C341 0000000000000000 0000000000000000 0000000000000000 0000000000000000
                               0000000000000000 0000000000000000 0000000000000000 0000000100000001
                 RX -- LLCTR RETRY IDLE  - - - - -- -- -- -- -- - - --------
